[ 2015-12-27T18:58:55+08:00 ] /admin.php | NOTIC: [8] Undefined variable: group functions.php 第 94 行.
[ 2015-12-27T18:59:19+08:00 ] /admin.php | NOTIC: [8] Undefined variable: group functions.php 第 94 行.
[ 2015-12-27T18:59:24+08:00 ] /admin.php?m=Index&a=index | NOTIC: [8] Undefined variable: group functions.php 第 94 行.
[ 2015-12-27T18:59:27+08:00 ] /admin.php?m=Users&a=index | SQL: SHOW COLUMNS FROM `gt_project_users` [ RunTime:0.003603s ]
[ 2015-12-27T18:59:27+08:00 ] /admin.php?m=Users&a=index | SQL: SHOW COLUMNS FROM `gt_project_agent` [ RunTime:0.003349s ]
[ 2015-12-27T18:59:27+08:00 ] /admin.php?m=Users&a=index | SQL: SELECT `id`,`cn_name` FROM `gt_project_agent` [ RunTime:0.000128s ]
[ 2015-12-27T18:59:27+08:00 ] /admin.php?m=Users&a=index | NOTIC: [8] Undefined index: type CommAction.class.php 第 125 行.
[ 2015-12-27T18:59:27+08:00 ] /admin.php?m=Users&a=index | NOTIC: [8] Undefined index: type CommAction.class.php 第 137 行.
[ 2015-12-27T18:59:27+08:00 ] /admin.php?m=Users&a=index | NOTIC: [8] Undefined index: type CommAction.class.php 第 175 行.
[ 2015-12-27T18:59:27+08:00 ] /admin.php?m=Users&a=index | NOTIC: [8] Undefined index: type CommAction.class.php 第 125 行.
[ 2015-12-27T18:59:27+08:00 ] /admin.php?m=Users&a=index | NOTIC: [8] Undefined index: type CommAction.class.php 第 137 行.
[ 2015-12-27T18:59:27+08:00 ] /admin.php?m=Users&a=index | NOTIC: [8] Undefined index: type CommAction.class.php 第 175 行.
[ 2015-12-27T18:59:27+08:00 ] /admin.php?m=Users&a=index | NOTIC: [8] Undefined index: type CommAction.class.php 第 125 行.
[ 2015-12-27T18:59:27+08:00 ] /admin.php?m=Users&a=index | NOTIC: [8] Undefined index: type CommAction.class.php 第 137 行.
[ 2015-12-27T18:59:27+08:00 ] /admin.php?m=Users&a=index | NOTIC: [8] Undefined index: type CommAction.class.php 第 175 行.
[ 2015-12-27T18:59:27+08:00 ] /admin.php?m=Users&a=index | NOTIC: [8] Use of undefined constant isShowTable - assumed 'isShowTable' 44bdf9bb1cd026e60b48bef2cc33a22a.php 第 140 行.
[ 2015-12-27T18:59:27+08:00 ] /admin.php?m=Users&a=index | NOTIC: [8] Array to string conversion 44bdf9bb1cd026e60b48bef2cc33a22a.php 第 140 行.
[ 2015-12-27T18:59:27+08:00 ] /admin.php?m=Users&a=index | NOTIC: [8] Use of undefined constant isShowTable - assumed 'isShowTable' 44bdf9bb1cd026e60b48bef2cc33a22a.php 第 140 行.
[ 2015-12-27T18:59:27+08:00 ] /admin.php?m=Users&a=index | NOTIC: [8] Array to string conversion 44bdf9bb1cd026e60b48bef2cc33a22a.php 第 140 行.
[ 2015-12-27T18:59:27+08:00 ] /admin.php?m=Users&a=index | NOTIC: [8] Undefined variable: title 44bdf9bb1cd026e60b48bef2cc33a22a.php 第 200 行.
[ 2015-12-27T18:59:27+08:00 ] /admin.php?m=Users&a=index | NOTIC: [8] Undefined variable: title 44bdf9bb1cd026e60b48bef2cc33a22a.php 第 221 行.
[ 2015-12-27T18:59:27+08:00 ] /admin.php?m=Users&a=index | NOTIC: [8] Undefined variable: group functions.php 第 94 行.
[ 2015-12-27T19:02:26+08:00 ] /admin.php?m=Article&a=index | SQL: SHOW COLUMNS FROM `gt_project_article` [ RunTime:0.003492s ]
[ 2015-12-27T19:02:26+08:00 ] /admin.php?m=Article&a=index | SQL: SHOW COLUMNS FROM `gt_project_category` [ RunTime:0.003486s ]
[ 2015-12-27T19:02:26+08:00 ] /admin.php?m=Article&a=index | SQL: SELECT * FROM `gt_project_category` WHERE `pid` != 0 [ RunTime:0.000186s ]
[ 2015-12-27T19:02:26+08:00 ] /admin.php?m=Article&a=index | NOTIC: [8] Undefined index: type CommAction.class.php 第 125 行.
[ 2015-12-27T19:02:26+08:00 ] /admin.php?m=Article&a=index | NOTIC: [8] Undefined index: type CommAction.class.php 第 137 行.
[ 2015-12-27T19:02:26+08:00 ] /admin.php?m=Article&a=index | NOTIC: [8] Undefined index: type CommAction.class.php 第 175 行.
[ 2015-12-27T19:02:26+08:00 ] /admin.php?m=Article&a=index | NOTIC: [8] Undefined index: type CommAction.class.php 第 125 行.
[ 2015-12-27T19:02:26+08:00 ] /admin.php?m=Article&a=index | NOTIC: [8] Undefined index: type CommAction.class.php 第 137 行.
[ 2015-12-27T19:02:26+08:00 ] /admin.php?m=Article&a=index | NOTIC: [8] Undefined index: type CommAction.class.php 第 175 行.
[ 2015-12-27T19:02:26+08:00 ] /admin.php?m=Article&a=index | NOTIC: [8] Undefined index: type CommAction.class.php 第 125 行.
[ 2015-12-27T19:02:26+08:00 ] /admin.php?m=Article&a=index | NOTIC: [8] Undefined index: type CommAction.class.php 第 137 行.
[ 2015-12-27T19:02:26+08:00 ] /admin.php?m=Article&a=index | NOTIC: [8] Undefined index: type CommAction.class.php 第 175 行.
[ 2015-12-27T19:02:26+08:00 ] /admin.php?m=Article&a=index | NOTIC: [8] Undefined index: type CommAction.class.php 第 125 行.
[ 2015-12-27T19:02:26+08:00 ] /admin.php?m=Article&a=index | NOTIC: [8] Undefined index: type CommAction.class.php 第 137 行.
[ 2015-12-27T19:02:26+08:00 ] /admin.php?m=Article&a=index | NOTIC: [8] Undefined index: type CommAction.class.php 第 175 行.
[ 2015-12-27T19:02:26+08:00 ] /admin.php?m=Article&a=index | NOTIC: [8] Undefined index: type CommAction.class.php 第 125 行.
[ 2015-12-27T19:02:26+08:00 ] /admin.php?m=Article&a=index | NOTIC: [8] Undefined index: type CommAction.class.php 第 137 行.
[ 2015-12-27T19:02:26+08:00 ] /admin.php?m=Article&a=index | NOTIC: [8] Undefined index: type CommAction.class.php 第 175 行.
[ 2015-12-27T19:02:26+08:00 ] /admin.php?m=Article&a=index | NOTIC: [8] Use of undefined constant isShowTable - assumed 'isShowTable' 44bdf9bb1cd026e60b48bef2cc33a22a.php 第 140 行.
[ 2015-12-27T19:02:26+08:00 ] /admin.php?m=Article&a=index | NOTIC: [8] Array to string conversion 44bdf9bb1cd026e60b48bef2cc33a22a.php 第 140 行.
[ 2015-12-27T19:02:26+08:00 ] /admin.php?m=Article&a=index | NOTIC: [8] Undefined index: content 44bdf9bb1cd026e60b48bef2cc33a22a.php 第 144 行.
[ 2015-12-27T19:02:26+08:00 ] /admin.php?m=Article&a=index | NOTIC: [8] Use of undefined constant isShowTable - assumed 'isShowTable' 44bdf9bb1cd026e60b48bef2cc33a22a.php 第 140 行.
[ 2015-12-27T19:02:26+08:00 ] /admin.php?m=Article&a=index | NOTIC: [8] Array to string conversion 44bdf9bb1cd026e60b48bef2cc33a22a.php 第 140 行.
[ 2015-12-27T19:02:26+08:00 ] /admin.php?m=Article&a=index | NOTIC: [8] Use of undefined constant isShowTable - assumed 'isShowTable' 44bdf9bb1cd026e60b48bef2cc33a22a.php 第 140 行.
[ 2015-12-27T19:02:26+08:00 ] /admin.php?m=Article&a=index | NOTIC: [8] Array to string conversion 44bdf9bb1cd026e60b48bef2cc33a22a.php 第 140 行.
[ 2015-12-27T19:02:26+08:00 ] /admin.php?m=Article&a=index | NOTIC: [8] Undefined variable: title 44bdf9bb1cd026e60b48bef2cc33a22a.php 第 200 行.
[ 2015-12-27T19:02:26+08:00 ] /admin.php?m=Article&a=index | NOTIC: [8] Undefined variable: title 44bdf9bb1cd026e60b48bef2cc33a22a.php 第 221 行.
[ 2015-12-27T19:02:26+08:00 ] /admin.php?m=Article&a=index | NOTIC: [8] Undefined variable: group functions.php 第 94 行.
[ 2015-12-27T19:02:57+08:00 ] /admin.php?m=Article&a=index | SQL: SHOW COLUMNS FROM `gt_project_article` [ RunTime:0.003145s ]
[ 2015-12-27T19:02:57+08:00 ] /admin.php?m=Article&a=index | SQL: SHOW COLUMNS FROM `gt_project_category` [ RunTime:0.003279s ]
[ 2015-12-27T19:02:57+08:00 ] /admin.php?m=Article&a=index | SQL: SELECT * FROM `gt_project_category` WHERE `pid` != 0 [ RunTime:0.000109s ]
[ 2015-12-27T19:02:57+08:00 ] /admin.php?m=Article&a=index | NOTIC: [8] Undefined index: type CommAction.class.php 第 125 行.
[ 2015-12-27T19:02:57+08:00 ] /admin.php?m=Article&a=index | NOTIC: [8] Undefined index: type CommAction.class.php 第 137 行.
[ 2015-12-27T19:02:57+08:00 ] /admin.php?m=Article&a=index | NOTIC: [8] Undefined index: type CommAction.class.php 第 175 行.
[ 2015-12-27T19:02:57+08:00 ] /admin.php?m=Article&a=index | NOTIC: [8] Undefined index: type CommAction.class.php 第 125 行.
[ 2015-12-27T19:02:57+08:00 ] /admin.php?m=Article&a=index | NOTIC: [8] Undefined index: type CommAction.class.php 第 137 行.
[ 2015-12-27T19:02:57+08:00 ] /admin.php?m=Article&a=index | NOTIC: [8] Undefined index: type CommAction.class.php 第 175 行.
[ 2015-12-27T19:02:57+08:00 ] /admin.php?m=Article&a=index | NOTIC: [8] Undefined index: type CommAction.class.php 第 125 行.
[ 2015-12-27T19:02:57+08:00 ] /admin.php?m=Article&a=index | NOTIC: [8] Undefined index: type CommAction.class.php 第 137 行.
[ 2015-12-27T19:02:57+08:00 ] /admin.php?m=Article&a=index | NOTIC: [8] Undefined index: type CommAction.class.php 第 175 行.
[ 2015-12-27T19:02:57+08:00 ] /admin.php?m=Article&a=index | NOTIC: [8] Undefined index: type CommAction.class.php 第 125 行.
[ 2015-12-27T19:02:57+08:00 ] /admin.php?m=Article&a=index | NOTIC: [8] Undefined index: type CommAction.class.php 第 137 行.
[ 2015-12-27T19:02:57+08:00 ] /admin.php?m=Article&a=index | NOTIC: [8] Undefined index: type CommAction.class.php 第 175 行.
[ 2015-12-27T19:02:57+08:00 ] /admin.php?m=Article&a=index | NOTIC: [8] Undefined index: type CommAction.class.php 第 125 行.
[ 2015-12-27T19:02:57+08:00 ] /admin.php?m=Article&a=index | NOTIC: [8] Undefined index: type CommAction.class.php 第 137 行.
[ 2015-12-27T19:02:57+08:00 ] /admin.php?m=Article&a=index | NOTIC: [8] Undefined index: type CommAction.class.php 第 175 行.
[ 2015-12-27T19:02:57+08:00 ] /admin.php?m=Article&a=index | NOTIC: [8] Undefined index: content 44bdf9bb1cd026e60b48bef2cc33a22a.php 第 144 行.
[ 2015-12-27T19:02:57+08:00 ] /admin.php?m=Article&a=index | NOTIC: [8] Undefined variable: title 44bdf9bb1cd026e60b48bef2cc33a22a.php 第 200 行.
[ 2015-12-27T19:02:57+08:00 ] /admin.php?m=Article&a=index | NOTIC: [8] Undefined variable: title 44bdf9bb1cd026e60b48bef2cc33a22a.php 第 221 行.
[ 2015-12-27T19:02:57+08:00 ] /admin.php?m=Article&a=index | NOTIC: [8] Undefined variable: group functions.php 第 94 行.
[ 2015-12-27T19:09:40+08:00 ] /admin.php?m=Users&a=index | SQL: SHOW COLUMNS FROM `gt_project_users` [ RunTime:0.003229s ]
[ 2015-12-27T19:09:40+08:00 ] /admin.php?m=Users&a=index | SQL: SHOW COLUMNS FROM `gt_project_agent` [ RunTime:0.003167s ]
[ 2015-12-27T19:09:40+08:00 ] /admin.php?m=Users&a=index | SQL: SELECT `id`,`cn_name` FROM `gt_project_agent` [ RunTime:0.000118s ]
[ 2015-12-27T19:09:40+08:00 ] /admin.php?m=Users&a=index | NOTIC: [8] Undefined index: type CommAction.class.php 第 125 行.
[ 2015-12-27T19:09:40+08:00 ] /admin.php?m=Users&a=index | NOTIC: [8] Undefined index: type CommAction.class.php 第 137 行.
[ 2015-12-27T19:09:40+08:00 ] /admin.php?m=Users&a=index | NOTIC: [8] Undefined index: type CommAction.class.php 第 175 行.
[ 2015-12-27T19:09:40+08:00 ] /admin.php?m=Users&a=index | NOTIC: [8] Undefined index: type CommAction.class.php 第 125 行.
[ 2015-12-27T19:09:40+08:00 ] /admin.php?m=Users&a=index | NOTIC: [8] Undefined index: type CommAction.class.php 第 137 行.
[ 2015-12-27T19:09:40+08:00 ] /admin.php?m=Users&a=index | NOTIC: [8] Undefined index: type CommAction.class.php 第 175 行.
[ 2015-12-27T19:09:40+08:00 ] /admin.php?m=Users&a=index | NOTIC: [8] Undefined index: type CommAction.class.php 第 125 行.
[ 2015-12-27T19:09:40+08:00 ] /admin.php?m=Users&a=index | NOTIC: [8] Undefined index: type CommAction.class.php 第 137 行.
[ 2015-12-27T19:09:40+08:00 ] /admin.php?m=Users&a=index | NOTIC: [8] Undefined index: type CommAction.class.php 第 175 行.
[ 2015-12-27T19:09:40+08:00 ] /admin.php?m=Users&a=index | NOTIC: [8] Undefined variable: title 44bdf9bb1cd026e60b48bef2cc33a22a.php 第 200 行.
[ 2015-12-27T19:09:40+08:00 ] /admin.php?m=Users&a=index | NOTIC: [8] Undefined variable: title 44bdf9bb1cd026e60b48bef2cc33a22a.php 第 221 行.
[ 2015-12-27T19:09:40+08:00 ] /admin.php?m=Users&a=index | NOTIC: [8] Undefined variable: group functions.php 第 94 行.
[ 2015-12-27T19:09:50+08:00 ] /admin.php?m=Article&a=index | SQL: SHOW COLUMNS FROM `gt_project_article` [ RunTime:0.003233s ]
[ 2015-12-27T19:09:50+08:00 ] /admin.php?m=Article&a=index | SQL: SHOW COLUMNS FROM `gt_project_category` [ RunTime:0.003281s ]
[ 2015-12-27T19:09:50+08:00 ] /admin.php?m=Article&a=index | SQL: SELECT * FROM `gt_project_category` WHERE `pid` != 0 [ RunTime:0.000174s ]
[ 2015-12-27T19:09:50+08:00 ] /admin.php?m=Article&a=index | NOTIC: [8] Undefined index: type CommAction.class.php 第 125 行.
[ 2015-12-27T19:09:50+08:00 ] /admin.php?m=Article&a=index | NOTIC: [8] Undefined index: type CommAction.class.php 第 137 行.
[ 2015-12-27T19:09:50+08:00 ] /admin.php?m=Article&a=index | NOTIC: [8] Undefined index: type CommAction.class.php 第 175 行.
[ 2015-12-27T19:09:50+08:00 ] /admin.php?m=Article&a=index | NOTIC: [8] Undefined index: type CommAction.class.php 第 125 行.
[ 2015-12-27T19:09:50+08:00 ] /admin.php?m=Article&a=index | NOTIC: [8] Undefined index: type CommAction.class.php 第 137 行.
[ 2015-12-27T19:09:50+08:00 ] /admin.php?m=Article&a=index | NOTIC: [8] Undefined index: type CommAction.class.php 第 175 行.
[ 2015-12-27T19:09:50+08:00 ] /admin.php?m=Article&a=index | NOTIC: [8] Undefined index: type CommAction.class.php 第 125 行.
[ 2015-12-27T19:09:50+08:00 ] /admin.php?m=Article&a=index | NOTIC: [8] Undefined index: type CommAction.class.php 第 137 行.
[ 2015-12-27T19:09:50+08:00 ] /admin.php?m=Article&a=index | NOTIC: [8] Undefined index: type CommAction.class.php 第 175 行.
[ 2015-12-27T19:09:50+08:00 ] /admin.php?m=Article&a=index | NOTIC: [8] Undefined index: type CommAction.class.php 第 125 行.
[ 2015-12-27T19:09:50+08:00 ] /admin.php?m=Article&a=index | NOTIC: [8] Undefined index: type CommAction.class.php 第 137 行.
[ 2015-12-27T19:09:50+08:00 ] /admin.php?m=Article&a=index | NOTIC: [8] Undefined index: type CommAction.class.php 第 175 行.
[ 2015-12-27T19:09:50+08:00 ] /admin.php?m=Article&a=index | NOTIC: [8] Undefined index: type CommAction.class.php 第 125 行.
[ 2015-12-27T19:09:50+08:00 ] /admin.php?m=Article&a=index | NOTIC: [8] Undefined index: type CommAction.class.php 第 137 行.
[ 2015-12-27T19:09:50+08:00 ] /admin.php?m=Article&a=index | NOTIC: [8] Undefined index: type CommAction.class.php 第 175 行.
[ 2015-12-27T19:09:50+08:00 ] /admin.php?m=Article&a=index | NOTIC: [8] Undefined index: content 44bdf9bb1cd026e60b48bef2cc33a22a.php 第 144 行.
[ 2015-12-27T19:09:50+08:00 ] /admin.php?m=Article&a=index | NOTIC: [8] Undefined variable: title 44bdf9bb1cd026e60b48bef2cc33a22a.php 第 200 行.
[ 2015-12-27T19:09:50+08:00 ] /admin.php?m=Article&a=index | NOTIC: [8] Undefined variable: title 44bdf9bb1cd026e60b48bef2cc33a22a.php 第 221 行.
[ 2015-12-27T19:09:50+08:00 ] /admin.php?m=Article&a=index | NOTIC: [8] Undefined variable: group functions.php 第 94 行.
[ 2015-12-27T19:17:20+08:00 ] /admin.php?m=Users&a=index | SQL: SHOW COLUMNS FROM `gt_project_users` [ RunTime:0.003500s ]
[ 2015-12-27T19:17:20+08:00 ] /admin.php?m=Users&a=index | SQL: SHOW COLUMNS FROM `gt_project_agent` [ RunTime:0.002995s ]
[ 2015-12-27T19:17:20+08:00 ] /admin.php?m=Users&a=index | SQL: SELECT `id`,`cn_name` FROM `gt_project_agent` [ RunTime:0.000147s ]
[ 2015-12-27T19:17:20+08:00 ] /admin.php?m=Users&a=index | NOTIC: [8] Undefined index: type CommAction.class.php 第 125 行.
[ 2015-12-27T19:17:20+08:00 ] /admin.php?m=Users&a=index | NOTIC: [8] Undefined index: type CommAction.class.php 第 137 行.
[ 2015-12-27T19:17:20+08:00 ] /admin.php?m=Users&a=index | NOTIC: [8] Undefined index: type CommAction.class.php 第 175 行.
[ 2015-12-27T19:17:20+08:00 ] /admin.php?m=Users&a=index | NOTIC: [8] Undefined index: type CommAction.class.php 第 125 行.
[ 2015-12-27T19:17:20+08:00 ] /admin.php?m=Users&a=index | NOTIC: [8] Undefined index: type CommAction.class.php 第 137 行.
[ 2015-12-27T19:17:20+08:00 ] /admin.php?m=Users&a=index | NOTIC: [8] Undefined index: type CommAction.class.php 第 175 行.
[ 2015-12-27T19:17:20+08:00 ] /admin.php?m=Users&a=index | NOTIC: [8] Undefined index: type CommAction.class.php 第 125 行.
[ 2015-12-27T19:17:20+08:00 ] /admin.php?m=Users&a=index | NOTIC: [8] Undefined index: type CommAction.class.php 第 137 行.
[ 2015-12-27T19:17:20+08:00 ] /admin.php?m=Users&a=index | NOTIC: [8] Undefined index: type CommAction.class.php 第 175 行.
[ 2015-12-27T19:17:20+08:00 ] /admin.php?m=Users&a=index | NOTIC: [8] Undefined variable: title 44bdf9bb1cd026e60b48bef2cc33a22a.php 第 200 行.
[ 2015-12-27T19:17:20+08:00 ] /admin.php?m=Users&a=index | NOTIC: [8] Undefined variable: title 44bdf9bb1cd026e60b48bef2cc33a22a.php 第 221 行.
[ 2015-12-27T19:17:20+08:00 ] /admin.php?m=Users&a=index | NOTIC: [8] Undefined variable: group functions.php 第 94 行.
[ 2015-12-27T19:18:30+08:00 ] /admin.php?m=Agent&a=index | SQL: SHOW COLUMNS FROM `gt_project_agent` [ RunTime:0.003325s ]
[ 2015-12-27T19:18:30+08:00 ] /admin.php?m=Agent&a=index | NOTIC: [8] Undefined index: type CommAction.class.php 第 125 行.
[ 2015-12-27T19:18:30+08:00 ] /admin.php?m=Agent&a=index | NOTIC: [8] Undefined index: type CommAction.class.php 第 137 行.
[ 2015-12-27T19:18:30+08:00 ] /admin.php?m=Agent&a=index | NOTIC: [8] Undefined index: type CommAction.class.php 第 175 行.
[ 2015-12-27T19:18:30+08:00 ] /admin.php?m=Agent&a=index | NOTIC: [8] Undefined index: type CommAction.class.php 第 125 行.
[ 2015-12-27T19:18:30+08:00 ] /admin.php?m=Agent&a=index | NOTIC: [8] Undefined index: type CommAction.class.php 第 137 行.
[ 2015-12-27T19:18:30+08:00 ] /admin.php?m=Agent&a=index | NOTIC: [8] Undefined index: type CommAction.class.php 第 175 行.
[ 2015-12-27T19:18:30+08:00 ] /admin.php?m=Agent&a=index | NOTIC: [8] Undefined index: type CommAction.class.php 第 125 行.
[ 2015-12-27T19:18:30+08:00 ] /admin.php?m=Agent&a=index | NOTIC: [8] Undefined index: type CommAction.class.php 第 137 行.
[ 2015-12-27T19:18:30+08:00 ] /admin.php?m=Agent&a=index | NOTIC: [8] Undefined index: type CommAction.class.php 第 175 行.
[ 2015-12-27T19:18:30+08:00 ] /admin.php?m=Agent&a=index | NOTIC: [8] Undefined index: type CommAction.class.php 第 125 行.
[ 2015-12-27T19:18:30+08:00 ] /admin.php?m=Agent&a=index | NOTIC: [8] Undefined index: type CommAction.class.php 第 137 行.
[ 2015-12-27T19:18:30+08:00 ] /admin.php?m=Agent&a=index | NOTIC: [8] Undefined index: type CommAction.class.php 第 175 行.
[ 2015-12-27T19:18:30+08:00 ] /admin.php?m=Agent&a=index | NOTIC: [8] Undefined index: type CommAction.class.php 第 125 行.
[ 2015-12-27T19:18:30+08:00 ] /admin.php?m=Agent&a=index | NOTIC: [8] Undefined index: type CommAction.class.php 第 137 行.
[ 2015-12-27T19:18:30+08:00 ] /admin.php?m=Agent&a=index | NOTIC: [8] Undefined index: type CommAction.class.php 第 175 行.
[ 2015-12-27T19:18:30+08:00 ] /admin.php?m=Agent&a=index | NOTIC: [8] Undefined index: type CommAction.class.php 第 125 行.
[ 2015-12-27T19:18:30+08:00 ] /admin.php?m=Agent&a=index | NOTIC: [8] Undefined index: type CommAction.class.php 第 137 行.
[ 2015-12-27T19:18:30+08:00 ] /admin.php?m=Agent&a=index | NOTIC: [8] Undefined index: type CommAction.class.php 第 175 行.
[ 2015-12-27T19:18:30+08:00 ] /admin.php?m=Agent&a=index | NOTIC: [8] Undefined index: type CommAction.class.php 第 125 行.
[ 2015-12-27T19:18:30+08:00 ] /admin.php?m=Agent&a=index | NOTIC: [8] Undefined index: type CommAction.class.php 第 137 行.
[ 2015-12-27T19:18:30+08:00 ] /admin.php?m=Agent&a=index | NOTIC: [8] Undefined index: type CommAction.class.php 第 175 行.
[ 2015-12-27T19:18:30+08:00 ] /admin.php?m=Agent&a=index | NOTIC: [8] Undefined index: type CommAction.class.php 第 125 行.
[ 2015-12-27T19:18:30+08:00 ] /admin.php?m=Agent&a=index | NOTIC: [8] Undefined index: type CommAction.class.php 第 137 行.
[ 2015-12-27T19:18:30+08:00 ] /admin.php?m=Agent&a=index | NOTIC: [8] Undefined index: type CommAction.class.php 第 175 行.
[ 2015-12-27T19:18:30+08:00 ] /admin.php?m=Agent&a=index | NOTIC: [8] Undefined index: type CommAction.class.php 第 125 行.
[ 2015-12-27T19:18:30+08:00 ] /admin.php?m=Agent&a=index | NOTIC: [8] Undefined index: type CommAction.class.php 第 137 行.
[ 2015-12-27T19:18:30+08:00 ] /admin.php?m=Agent&a=index | NOTIC: [8] Undefined index: type CommAction.class.php 第 175 行.
[ 2015-12-27T19:18:30+08:00 ] /admin.php?m=Agent&a=index | NOTIC: [8] Undefined index: type CommAction.class.php 第 125 行.
[ 2015-12-27T19:18:30+08:00 ] /admin.php?m=Agent&a=index | NOTIC: [8] Undefined index: type CommAction.class.php 第 137 行.
[ 2015-12-27T19:18:30+08:00 ] /admin.php?m=Agent&a=index | NOTIC: [8] Undefined index: type CommAction.class.php 第 175 行.
[ 2015-12-27T19:18:30+08:00 ] /admin.php?m=Agent&a=index | NOTIC: [8] Undefined index: type CommAction.class.php 第 125 行.
[ 2015-12-27T19:18:30+08:00 ] /admin.php?m=Agent&a=index | NOTIC: [8] Undefined index: type CommAction.class.php 第 137 行.
[ 2015-12-27T19:18:30+08:00 ] /admin.php?m=Agent&a=index | NOTIC: [8] Undefined index: type CommAction.class.php 第 175 行.
[ 2015-12-27T19:18:30+08:00 ] /admin.php?m=Agent&a=index | NOTIC: [8] Undefined index: type CommAction.class.php 第 125 行.
[ 2015-12-27T19:18:30+08:00 ] /admin.php?m=Agent&a=index | NOTIC: [8] Undefined index: type CommAction.class.php 第 137 行.
[ 2015-12-27T19:18:30+08:00 ] /admin.php?m=Agent&a=index | NOTIC: [8] Undefined index: type CommAction.class.php 第 175 行.
[ 2015-12-27T19:18:30+08:00 ] /admin.php?m=Agent&a=index | NOTIC: [8] Undefined index: type CommAction.class.php 第 125 行.
[ 2015-12-27T19:18:30+08:00 ] /admin.php?m=Agent&a=index | NOTIC: [8] Undefined index: type CommAction.class.php 第 137 行.
[ 2015-12-27T19:18:30+08:00 ] /admin.php?m=Agent&a=index | NOTIC: [8] Undefined index: type CommAction.class.php 第 175 行.
[ 2015-12-27T19:18:30+08:00 ] /admin.php?m=Agent&a=index | NOTIC: [8] Undefined index: type CommAction.class.php 第 125 行.
[ 2015-12-27T19:18:30+08:00 ] /admin.php?m=Agent&a=index | NOTIC: [8] Undefined index: type CommAction.class.php 第 137 行.
[ 2015-12-27T19:18:30+08:00 ] /admin.php?m=Agent&a=index | NOTIC: [8] Undefined index: type CommAction.class.php 第 175 行.
[ 2015-12-27T19:18:30+08:00 ] /admin.php?m=Agent&a=index | NOTIC: [8] Undefined variable: title 44bdf9bb1cd026e60b48bef2cc33a22a.php 第 200 行.
[ 2015-12-27T19:18:30+08:00 ] /admin.php?m=Agent&a=index | NOTIC: [8] Undefined variable: title 44bdf9bb1cd026e60b48bef2cc33a22a.php 第 221 行.
[ 2015-12-27T19:18:30+08:00 ] /admin.php?m=Agent&a=index | NOTIC: [8] Undefined variable: group functions.php 第 94 行.
[ 2015-12-27T19:18:32+08:00 ] /admin.php?m=Server&a=index | SQL: SHOW COLUMNS FROM `gt_project_server` [ RunTime:0.002897s ]
[ 2015-12-27T19:18:32+08:00 ] /admin.php?m=Server&a=index | SQL: SHOW COLUMNS FROM `gt_project_agent` [ RunTime:0.002978s ]
[ 2015-12-27T19:18:32+08:00 ] /admin.php?m=Server&a=index | SQL: SELECT `id`,`cn_name` FROM `gt_project_agent` [ RunTime:0.000159s ]
[ 2015-12-27T19:18:32+08:00 ] /admin.php?m=Server&a=index | NOTIC: [8] Undefined index: type CommAction.class.php 第 125 行.
[ 2015-12-27T19:18:32+08:00 ] /admin.php?m=Server&a=index | NOTIC: [8] Undefined index: type CommAction.class.php 第 137 行.
[ 2015-12-27T19:18:32+08:00 ] /admin.php?m=Server&a=index | NOTIC: [8] Undefined index: type CommAction.class.php 第 175 行.
[ 2015-12-27T19:18:32+08:00 ] /admin.php?m=Server&a=index | NOTIC: [8] Undefined index: type CommAction.class.php 第 125 行.
[ 2015-12-27T19:18:32+08:00 ] /admin.php?m=Server&a=index | NOTIC: [8] Undefined index: type CommAction.class.php 第 137 行.
[ 2015-12-27T19:18:32+08:00 ] /admin.php?m=Server&a=index | NOTIC: [8] Undefined index: type CommAction.class.php 第 175 行.
[ 2015-12-27T19:18:32+08:00 ] /admin.php?m=Server&a=index | NOTIC: [8] Undefined index: type CommAction.class.php 第 125 行.
[ 2015-12-27T19:18:32+08:00 ] /admin.php?m=Server&a=index | NOTIC: [8] Undefined index: type CommAction.class.php 第 137 行.
[ 2015-12-27T19:18:32+08:00 ] /admin.php?m=Server&a=index | NOTIC: [8] Undefined index: type CommAction.class.php 第 175 行.
[ 2015-12-27T19:18:32+08:00 ] /admin.php?m=Server&a=index | NOTIC: [8] Undefined index: type CommAction.class.php 第 125 行.
[ 2015-12-27T19:18:32+08:00 ] /admin.php?m=Server&a=index | NOTIC: [8] Undefined index: type CommAction.class.php 第 137 行.
[ 2015-12-27T19:18:32+08:00 ] /admin.php?m=Server&a=index | NOTIC: [8] Undefined index: type CommAction.class.php 第 175 行.
[ 2015-12-27T19:18:32+08:00 ] /admin.php?m=Server&a=index | NOTIC: [8] Undefined index: type CommAction.class.php 第 125 行.
[ 2015-12-27T19:18:32+08:00 ] /admin.php?m=Server&a=index | NOTIC: [8] Undefined index: type CommAction.class.php 第 137 行.
[ 2015-12-27T19:18:32+08:00 ] /admin.php?m=Server&a=index | NOTIC: [8] Undefined index: type CommAction.class.php 第 175 行.
[ 2015-12-27T19:18:32+08:00 ] /admin.php?m=Server&a=index | NOTIC: [8] Undefined index: type CommAction.class.php 第 125 行.
[ 2015-12-27T19:18:32+08:00 ] /admin.php?m=Server&a=index | NOTIC: [8] Undefined index: type CommAction.class.php 第 137 行.
[ 2015-12-27T19:18:32+08:00 ] /admin.php?m=Server&a=index | NOTIC: [8] Undefined index: type CommAction.class.php 第 175 行.
[ 2015-12-27T19:18:32+08:00 ] /admin.php?m=Server&a=index | NOTIC: [8] Undefined index: type CommAction.class.php 第 125 行.
[ 2015-12-27T19:18:32+08:00 ] /admin.php?m=Server&a=index | NOTIC: [8] Undefined index: type CommAction.class.php 第 137 行.
[ 2015-12-27T19:18:32+08:00 ] /admin.php?m=Server&a=index | NOTIC: [8] Undefined index: type CommAction.class.php 第 175 行.
[ 2015-12-27T19:18:32+08:00 ] /admin.php?m=Server&a=index | NOTIC: [8] Undefined index: type CommAction.class.php 第 125 行.
[ 2015-12-27T19:18:32+08:00 ] /admin.php?m=Server&a=index | NOTIC: [8] Undefined index: type CommAction.class.php 第 137 行.
[ 2015-12-27T19:18:32+08:00 ] /admin.php?m=Server&a=index | NOTIC: [8] Undefined index: type CommAction.class.php 第 175 行.
[ 2015-12-27T19:18:32+08:00 ] /admin.php?m=Server&a=index | NOTIC: [8] Undefined index: type CommAction.class.php 第 125 行.
[ 2015-12-27T19:18:32+08:00 ] /admin.php?m=Server&a=index | NOTIC: [8] Undefined index: type CommAction.class.php 第 137 行.
[ 2015-12-27T19:18:32+08:00 ] /admin.php?m=Server&a=index | NOTIC: [8] Undefined index: type CommAction.class.php 第 175 行.
[ 2015-12-27T19:18:32+08:00 ] /admin.php?m=Server&a=index | NOTIC: [8] Undefined index: type CommAction.class.php 第 125 行.
[ 2015-12-27T19:18:32+08:00 ] /admin.php?m=Server&a=index | NOTIC: [8] Undefined index: type CommAction.class.php 第 137 行.
[ 2015-12-27T19:18:32+08:00 ] /admin.php?m=Server&a=index | NOTIC: [8] Undefined index: type CommAction.class.php 第 175 行.
[ 2015-12-27T19:18:32+08:00 ] /admin.php?m=Server&a=index | NOTIC: [8] Undefined variable: title 44bdf9bb1cd026e60b48bef2cc33a22a.php 第 200 行.
[ 2015-12-27T19:18:32+08:00 ] /admin.php?m=Server&a=index | NOTIC: [8] Undefined variable: title 44bdf9bb1cd026e60b48bef2cc33a22a.php 第 221 行.
[ 2015-12-27T19:18:32+08:00 ] /admin.php?m=Server&a=index | NOTIC: [8] Undefined variable: group functions.php 第 94 行.
[ 2015-12-27T19:18:33+08:00 ] /admin.php?m=Order&a=index | SQL: SHOW COLUMNS FROM `gt_project_order` [ RunTime:0.003675s ]
[ 2015-12-27T19:18:33+08:00 ] /admin.php?m=Order&a=index | NOTIC: [8] Undefined variable: title 44bdf9bb1cd026e60b48bef2cc33a22a.php 第 200 行.
[ 2015-12-27T19:18:33+08:00 ] /admin.php?m=Order&a=index | NOTIC: [8] Undefined variable: title 44bdf9bb1cd026e60b48bef2cc33a22a.php 第 221 行.
[ 2015-12-27T19:18:33+08:00 ] /admin.php?m=Order&a=index | NOTIC: [8] Undefined variable: group functions.php 第 94 行.
[ 2015-12-27T19:18:34+08:00 ] /admin.php?m=Category&a=index | SQL: SHOW COLUMNS FROM `gt_project_category` [ RunTime:0.003345s ]
[ 2015-12-27T19:18:34+08:00 ] /admin.php?m=Category&a=index | SQL: SELECT * FROM `gt_project_category` WHERE ( `pid` = 0 ) [ RunTime:0.000191s ]
[ 2015-12-27T19:18:34+08:00 ] /admin.php?m=Category&a=index | NOTIC: [8] Undefined index: type CommAction.class.php 第 125 行.
[ 2015-12-27T19:18:34+08:00 ] /admin.php?m=Category&a=index | NOTIC: [8] Undefined index: type CommAction.class.php 第 137 行.
[ 2015-12-27T19:18:34+08:00 ] /admin.php?m=Category&a=index | NOTIC: [8] Undefined index: type CommAction.class.php 第 175 行.
[ 2015-12-27T19:18:34+08:00 ] /admin.php?m=Category&a=index | NOTIC: [8] Undefined index: type CommAction.class.php 第 125 行.
[ 2015-12-27T19:18:34+08:00 ] /admin.php?m=Category&a=index | NOTIC: [8] Undefined index: type CommAction.class.php 第 137 行.
[ 2015-12-27T19:18:34+08:00 ] /admin.php?m=Category&a=index | NOTIC: [8] Undefined index: type CommAction.class.php 第 175 行.
[ 2015-12-27T19:18:34+08:00 ] /admin.php?m=Category&a=index | NOTIC: [8] Undefined index: type CommAction.class.php 第 125 行.
[ 2015-12-27T19:18:34+08:00 ] /admin.php?m=Category&a=index | NOTIC: [8] Undefined index: type CommAction.class.php 第 137 行.
[ 2015-12-27T19:18:34+08:00 ] /admin.php?m=Category&a=index | NOTIC: [8] Undefined index: type CommAction.class.php 第 175 行.
[ 2015-12-27T19:18:34+08:00 ] /admin.php?m=Category&a=index | NOTIC: [8] Undefined index: type CommAction.class.php 第 125 行.
[ 2015-12-27T19:18:34+08:00 ] /admin.php?m=Category&a=index | NOTIC: [8] Undefined index: type CommAction.class.php 第 137 行.
[ 2015-12-27T19:18:34+08:00 ] /admin.php?m=Category&a=index | NOTIC: [8] Undefined index: type CommAction.class.php 第 175 行.
[ 2015-12-27T19:18:34+08:00 ] /admin.php?m=Category&a=index | NOTIC: [8] Undefined variable: title 44bdf9bb1cd026e60b48bef2cc33a22a.php 第 200 行.
[ 2015-12-27T19:18:34+08:00 ] /admin.php?m=Category&a=index | NOTIC: [8] Undefined variable: title 44bdf9bb1cd026e60b48bef2cc33a22a.php 第 221 行.
[ 2015-12-27T19:18:34+08:00 ] /admin.php?m=Category&a=index | NOTIC: [8] Undefined variable: group functions.php 第 94 行.
[ 2015-12-27T19:18:35+08:00 ] /admin.php?m=Article&a=index | SQL: SHOW COLUMNS FROM `gt_project_article` [ RunTime:0.003398s ]
[ 2015-12-27T19:18:35+08:00 ] /admin.php?m=Article&a=index | SQL: SHOW COLUMNS FROM `gt_project_category` [ RunTime:0.003367s ]
[ 2015-12-27T19:18:35+08:00 ] /admin.php?m=Article&a=index | SQL: SELECT * FROM `gt_project_category` WHERE `pid` != 0 [ RunTime:0.000154s ]
[ 2015-12-27T19:18:35+08:00 ] /admin.php?m=Article&a=index | NOTIC: [8] Undefined index: type CommAction.class.php 第 125 行.
[ 2015-12-27T19:18:35+08:00 ] /admin.php?m=Article&a=index | NOTIC: [8] Undefined index: type CommAction.class.php 第 137 行.
[ 2015-12-27T19:18:35+08:00 ] /admin.php?m=Article&a=index | NOTIC: [8] Undefined index: type CommAction.class.php 第 175 行.
[ 2015-12-27T19:18:35+08:00 ] /admin.php?m=Article&a=index | NOTIC: [8] Undefined index: type CommAction.class.php 第 125 行.
[ 2015-12-27T19:18:35+08:00 ] /admin.php?m=Article&a=index | NOTIC: [8] Undefined index: type CommAction.class.php 第 137 行.
[ 2015-12-27T19:18:35+08:00 ] /admin.php?m=Article&a=index | NOTIC: [8] Undefined index: type CommAction.class.php 第 175 行.
[ 2015-12-27T19:18:35+08:00 ] /admin.php?m=Article&a=index | NOTIC: [8] Undefined index: type CommAction.class.php 第 125 行.
[ 2015-12-27T19:18:35+08:00 ] /admin.php?m=Article&a=index | NOTIC: [8] Undefined index: type CommAction.class.php 第 137 行.
[ 2015-12-27T19:18:35+08:00 ] /admin.php?m=Article&a=index | NOTIC: [8] Undefined index: type CommAction.class.php 第 175 行.
[ 2015-12-27T19:18:35+08:00 ] /admin.php?m=Article&a=index | NOTIC: [8] Undefined index: type CommAction.class.php 第 125 行.
[ 2015-12-27T19:18:35+08:00 ] /admin.php?m=Article&a=index | NOTIC: [8] Undefined index: type CommAction.class.php 第 137 行.
[ 2015-12-27T19:18:35+08:00 ] /admin.php?m=Article&a=index | NOTIC: [8] Undefined index: type CommAction.class.php 第 175 行.
[ 2015-12-27T19:18:35+08:00 ] /admin.php?m=Article&a=index | NOTIC: [8] Undefined index: type CommAction.class.php 第 125 行.
[ 2015-12-27T19:18:35+08:00 ] /admin.php?m=Article&a=index | NOTIC: [8] Undefined index: type CommAction.class.php 第 137 行.
[ 2015-12-27T19:18:35+08:00 ] /admin.php?m=Article&a=index | NOTIC: [8] Undefined index: type CommAction.class.php 第 175 行.
[ 2015-12-27T19:18:35+08:00 ] /admin.php?m=Article&a=index | NOTIC: [8] Undefined index: content 44bdf9bb1cd026e60b48bef2cc33a22a.php 第 144 行.
[ 2015-12-27T19:18:35+08:00 ] /admin.php?m=Article&a=index | NOTIC: [8] Undefined variable: title 44bdf9bb1cd026e60b48bef2cc33a22a.php 第 200 行.
[ 2015-12-27T19:18:35+08:00 ] /admin.php?m=Article&a=index | NOTIC: [8] Undefined variable: title 44bdf9bb1cd026e60b48bef2cc33a22a.php 第 221 行.
[ 2015-12-27T19:18:35+08:00 ] /admin.php?m=Article&a=index | NOTIC: [8] Undefined variable: group functions.php 第 94 行.
[ 2015-12-27T19:18:43+08:00 ] /admin.php?m=Category&a=index | SQL: SHOW COLUMNS FROM `gt_project_category` [ RunTime:0.003172s ]
[ 2015-12-27T19:18:43+08:00 ] /admin.php?m=Category&a=index | SQL: SELECT * FROM `gt_project_category` WHERE ( `pid` = 0 ) [ RunTime:0.000136s ]
[ 2015-12-27T19:18:43+08:00 ] /admin.php?m=Category&a=index | NOTIC: [8] Undefined index: type CommAction.class.php 第 125 行.
[ 2015-12-27T19:18:43+08:00 ] /admin.php?m=Category&a=index | NOTIC: [8] Undefined index: type CommAction.class.php 第 137 行.
[ 2015-12-27T19:18:43+08:00 ] /admin.php?m=Category&a=index | NOTIC: [8] Undefined index: type CommAction.class.php 第 175 行.
[ 2015-12-27T19:18:43+08:00 ] /admin.php?m=Category&a=index | NOTIC: [8] Undefined index: type CommAction.class.php 第 125 行.
[ 2015-12-27T19:18:43+08:00 ] /admin.php?m=Category&a=index | NOTIC: [8] Undefined index: type CommAction.class.php 第 137 行.
[ 2015-12-27T19:18:43+08:00 ] /admin.php?m=Category&a=index | NOTIC: [8] Undefined index: type CommAction.class.php 第 175 行.
[ 2015-12-27T19:18:43+08:00 ] /admin.php?m=Category&a=index | NOTIC: [8] Undefined index: type CommAction.class.php 第 125 行.
[ 2015-12-27T19:18:43+08:00 ] /admin.php?m=Category&a=index | NOTIC: [8] Undefined index: type CommAction.class.php 第 137 行.
[ 2015-12-27T19:18:43+08:00 ] /admin.php?m=Category&a=index | NOTIC: [8] Undefined index: type CommAction.class.php 第 175 行.
[ 2015-12-27T19:18:43+08:00 ] /admin.php?m=Category&a=index | NOTIC: [8] Undefined index: type CommAction.class.php 第 125 行.
[ 2015-12-27T19:18:43+08:00 ] /admin.php?m=Category&a=index | NOTIC: [8] Undefined index: type CommAction.class.php 第 137 行.
[ 2015-12-27T19:18:43+08:00 ] /admin.php?m=Category&a=index | NOTIC: [8] Undefined index: type CommAction.class.php 第 175 行.
[ 2015-12-27T19:18:44+08:00 ] /admin.php?m=Category&a=index | NOTIC: [8] Undefined variable: title 44bdf9bb1cd026e60b48bef2cc33a22a.php 第 200 行.
[ 2015-12-27T19:18:44+08:00 ] /admin.php?m=Category&a=index | NOTIC: [8] Undefined variable: title 44bdf9bb1cd026e60b48bef2cc33a22a.php 第 221 行.
[ 2015-12-27T19:18:44+08:00 ] /admin.php?m=Category&a=index | NOTIC: [8] Undefined variable: group functions.php 第 94 行.
[ 2015-12-27T19:28:18+08:00 ] /admin.php?m=Server&a=index | SQL: SHOW COLUMNS FROM `gt_project_server` [ RunTime:0.004073s ]
[ 2015-12-27T19:28:18+08:00 ] /admin.php?m=Server&a=index | SQL: SHOW COLUMNS FROM `gt_project_agent` [ RunTime:0.003474s ]
[ 2015-12-27T19:28:18+08:00 ] /admin.php?m=Server&a=index | SQL: SELECT `id`,`cn_name` FROM `gt_project_agent` [ RunTime:0.000191s ]
[ 2015-12-27T19:28:18+08:00 ] /admin.php?m=Server&a=index | NOTIC: [8] Undefined index: type CommAction.class.php 第 125 行.
[ 2015-12-27T19:28:18+08:00 ] /admin.php?m=Server&a=index | NOTIC: [8] Undefined index: type CommAction.class.php 第 137 行.
[ 2015-12-27T19:28:18+08:00 ] /admin.php?m=Server&a=index | NOTIC: [8] Undefined index: type CommAction.class.php 第 175 行.
[ 2015-12-27T19:28:18+08:00 ] /admin.php?m=Server&a=index | NOTIC: [8] Undefined index: type CommAction.class.php 第 125 行.
[ 2015-12-27T19:28:18+08:00 ] /admin.php?m=Server&a=index | NOTIC: [8] Undefined index: type CommAction.class.php 第 137 行.
[ 2015-12-27T19:28:18+08:00 ] /admin.php?m=Server&a=index | NOTIC: [8] Undefined index: type CommAction.class.php 第 175 行.
[ 2015-12-27T19:28:18+08:00 ] /admin.php?m=Server&a=index | NOTIC: [8] Undefined index: type CommAction.class.php 第 125 行.
[ 2015-12-27T19:28:18+08:00 ] /admin.php?m=Server&a=index | NOTIC: [8] Undefined index: type CommAction.class.php 第 137 行.
[ 2015-12-27T19:28:18+08:00 ] /admin.php?m=Server&a=index | NOTIC: [8] Undefined index: type CommAction.class.php 第 175 行.
[ 2015-12-27T19:28:18+08:00 ] /admin.php?m=Server&a=index | NOTIC: [8] Undefined index: type CommAction.class.php 第 125 行.
[ 2015-12-27T19:28:18+08:00 ] /admin.php?m=Server&a=index | NOTIC: [8] Undefined index: type CommAction.class.php 第 137 行.
[ 2015-12-27T19:28:18+08:00 ] /admin.php?m=Server&a=index | NOTIC: [8] Undefined index: type CommAction.class.php 第 175 行.
[ 2015-12-27T19:28:18+08:00 ] /admin.php?m=Server&a=index | NOTIC: [8] Undefined index: type CommAction.class.php 第 125 行.
[ 2015-12-27T19:28:18+08:00 ] /admin.php?m=Server&a=index | NOTIC: [8] Undefined index: type CommAction.class.php 第 137 行.
[ 2015-12-27T19:28:18+08:00 ] /admin.php?m=Server&a=index | NOTIC: [8] Undefined index: type CommAction.class.php 第 175 行.
[ 2015-12-27T19:28:18+08:00 ] /admin.php?m=Server&a=index | NOTIC: [8] Undefined index: type CommAction.class.php 第 125 行.
[ 2015-12-27T19:28:18+08:00 ] /admin.php?m=Server&a=index | NOTIC: [8] Undefined index: type CommAction.class.php 第 137 行.
[ 2015-12-27T19:28:18+08:00 ] /admin.php?m=Server&a=index | NOTIC: [8] Undefined index: type CommAction.class.php 第 175 行.
[ 2015-12-27T19:28:18+08:00 ] /admin.php?m=Server&a=index | NOTIC: [8] Undefined index: type CommAction.class.php 第 125 行.
[ 2015-12-27T19:28:18+08:00 ] /admin.php?m=Server&a=index | NOTIC: [8] Undefined index: type CommAction.class.php 第 137 行.
[ 2015-12-27T19:28:18+08:00 ] /admin.php?m=Server&a=index | NOTIC: [8] Undefined index: type CommAction.class.php 第 175 行.
[ 2015-12-27T19:28:18+08:00 ] /admin.php?m=Server&a=index | NOTIC: [8] Undefined index: type CommAction.class.php 第 125 行.
[ 2015-12-27T19:28:18+08:00 ] /admin.php?m=Server&a=index | NOTIC: [8] Undefined index: type CommAction.class.php 第 137 行.
[ 2015-12-27T19:28:18+08:00 ] /admin.php?m=Server&a=index | NOTIC: [8] Undefined index: type CommAction.class.php 第 175 行.
[ 2015-12-27T19:28:18+08:00 ] /admin.php?m=Server&a=index | NOTIC: [8] Undefined index: type CommAction.class.php 第 125 行.
[ 2015-12-27T19:28:18+08:00 ] /admin.php?m=Server&a=index | NOTIC: [8] Undefined index: type CommAction.class.php 第 137 行.
[ 2015-12-27T19:28:18+08:00 ] /admin.php?m=Server&a=index | NOTIC: [8] Undefined index: type CommAction.class.php 第 175 行.
[ 2015-12-27T19:28:18+08:00 ] /admin.php?m=Server&a=index | NOTIC: [8] Undefined index: type CommAction.class.php 第 125 行.
[ 2015-12-27T19:28:18+08:00 ] /admin.php?m=Server&a=index | NOTIC: [8] Undefined index: type CommAction.class.php 第 137 行.
[ 2015-12-27T19:28:18+08:00 ] /admin.php?m=Server&a=index | NOTIC: [8] Undefined index: type CommAction.class.php 第 175 行.
[ 2015-12-27T19:28:18+08:00 ] /admin.php?m=Server&a=index | NOTIC: [8] Undefined variable: title 44bdf9bb1cd026e60b48bef2cc33a22a.php 第 200 行.
[ 2015-12-27T19:28:18+08:00 ] /admin.php?m=Server&a=index | NOTIC: [8] Undefined variable: title 44bdf9bb1cd026e60b48bef2cc33a22a.php 第 221 行.
[ 2015-12-27T19:28:18+08:00 ] /admin.php?m=Server&a=index | NOTIC: [8] Undefined variable: group functions.php 第 94 行.
[ 2015-12-27T19:28:20+08:00 ] /admin.php?m=Order&a=index | SQL: SHOW COLUMNS FROM `gt_project_order` [ RunTime:0.003546s ]
[ 2015-12-27T19:28:20+08:00 ] /admin.php?m=Order&a=index | NOTIC: [8] Undefined variable: title 44bdf9bb1cd026e60b48bef2cc33a22a.php 第 200 行.
[ 2015-12-27T19:28:20+08:00 ] /admin.php?m=Order&a=index | NOTIC: [8] Undefined variable: title 44bdf9bb1cd026e60b48bef2cc33a22a.php 第 221 行.
[ 2015-12-27T19:28:20+08:00 ] /admin.php?m=Order&a=index | NOTIC: [8] Undefined variable: group functions.php 第 94 行.
[ 2015-12-27T19:28:22+08:00 ] /admin.php?m=Category&a=index | SQL: SHOW COLUMNS FROM `gt_project_category` [ RunTime:0.002975s ]
[ 2015-12-27T19:28:22+08:00 ] /admin.php?m=Category&a=index | SQL: SELECT * FROM `gt_project_category` WHERE ( `pid` = 0 ) [ RunTime:0.000137s ]
[ 2015-12-27T19:28:22+08:00 ] /admin.php?m=Category&a=index | NOTIC: [8] Undefined index: type CommAction.class.php 第 125 行.
[ 2015-12-27T19:28:22+08:00 ] /admin.php?m=Category&a=index | NOTIC: [8] Undefined index: type CommAction.class.php 第 137 行.
[ 2015-12-27T19:28:22+08:00 ] /admin.php?m=Category&a=index | NOTIC: [8] Undefined index: type CommAction.class.php 第 175 行.
[ 2015-12-27T19:28:22+08:00 ] /admin.php?m=Category&a=index | NOTIC: [8] Undefined index: type CommAction.class.php 第 125 行.
[ 2015-12-27T19:28:22+08:00 ] /admin.php?m=Category&a=index | NOTIC: [8] Undefined index: type CommAction.class.php 第 137 行.
[ 2015-12-27T19:28:22+08:00 ] /admin.php?m=Category&a=index | NOTIC: [8] Undefined index: type CommAction.class.php 第 175 行.
[ 2015-12-27T19:28:22+08:00 ] /admin.php?m=Category&a=index | NOTIC: [8] Undefined index: type CommAction.class.php 第 125 行.
[ 2015-12-27T19:28:22+08:00 ] /admin.php?m=Category&a=index | NOTIC: [8] Undefined index: type CommAction.class.php 第 137 行.
[ 2015-12-27T19:28:22+08:00 ] /admin.php?m=Category&a=index | NOTIC: [8] Undefined index: type CommAction.class.php 第 175 行.
[ 2015-12-27T19:28:22+08:00 ] /admin.php?m=Category&a=index | NOTIC: [8] Undefined index: type CommAction.class.php 第 125 行.
[ 2015-12-27T19:28:22+08:00 ] /admin.php?m=Category&a=index | NOTIC: [8] Undefined index: type CommAction.class.php 第 137 行.
[ 2015-12-27T19:28:22+08:00 ] /admin.php?m=Category&a=index | NOTIC: [8] Undefined index: type CommAction.class.php 第 175 行.
[ 2015-12-27T19:28:22+08:00 ] /admin.php?m=Category&a=index | NOTIC: [8] Undefined variable: title 44bdf9bb1cd026e60b48bef2cc33a22a.php 第 200 行.
[ 2015-12-27T19:28:22+08:00 ] /admin.php?m=Category&a=index | NOTIC: [8] Undefined variable: title 44bdf9bb1cd026e60b48bef2cc33a22a.php 第 221 行.
[ 2015-12-27T19:28:22+08:00 ] /admin.php?m=Category&a=index | NOTIC: [8] Undefined variable: group functions.php 第 94 行.
[ 2015-12-27T19:28:23+08:00 ] /admin.php?m=Article&a=index | SQL: SHOW COLUMNS FROM `gt_project_article` [ RunTime:0.003724s ]
[ 2015-12-27T19:28:23+08:00 ] /admin.php?m=Article&a=index | SQL: SHOW COLUMNS FROM `gt_project_category` [ RunTime:0.003214s ]
[ 2015-12-27T19:28:23+08:00 ] /admin.php?m=Article&a=index | SQL: SELECT * FROM `gt_project_category` WHERE `pid` != 0 [ RunTime:0.000183s ]
[ 2015-12-27T19:28:23+08:00 ] /admin.php?m=Article&a=index | NOTIC: [8] Undefined index: type CommAction.class.php 第 125 行.
[ 2015-12-27T19:28:23+08:00 ] /admin.php?m=Article&a=index | NOTIC: [8] Undefined index: type CommAction.class.php 第 137 行.
[ 2015-12-27T19:28:23+08:00 ] /admin.php?m=Article&a=index | NOTIC: [8] Undefined index: type CommAction.class.php 第 175 行.
[ 2015-12-27T19:28:23+08:00 ] /admin.php?m=Article&a=index | NOTIC: [8] Undefined index: type CommAction.class.php 第 125 行.
[ 2015-12-27T19:28:23+08:00 ] /admin.php?m=Article&a=index | NOTIC: [8] Undefined index: type CommAction.class.php 第 137 行.
[ 2015-12-27T19:28:23+08:00 ] /admin.php?m=Article&a=index | NOTIC: [8] Undefined index: type CommAction.class.php 第 175 行.
[ 2015-12-27T19:28:23+08:00 ] /admin.php?m=Article&a=index | NOTIC: [8] Undefined index: type CommAction.class.php 第 125 行.
[ 2015-12-27T19:28:23+08:00 ] /admin.php?m=Article&a=index | NOTIC: [8] Undefined index: type CommAction.class.php 第 137 行.
[ 2015-12-27T19:28:23+08:00 ] /admin.php?m=Article&a=index | NOTIC: [8] Undefined index: type CommAction.class.php 第 175 行.
[ 2015-12-27T19:28:23+08:00 ] /admin.php?m=Article&a=index | NOTIC: [8] Undefined index: type CommAction.class.php 第 125 行.
[ 2015-12-27T19:28:23+08:00 ] /admin.php?m=Article&a=index | NOTIC: [8] Undefined index: type CommAction.class.php 第 137 行.
[ 2015-12-27T19:28:23+08:00 ] /admin.php?m=Article&a=index | NOTIC: [8] Undefined index: type CommAction.class.php 第 175 行.
[ 2015-12-27T19:28:23+08:00 ] /admin.php?m=Article&a=index | NOTIC: [8] Undefined index: type CommAction.class.php 第 125 行.
[ 2015-12-27T19:28:23+08:00 ] /admin.php?m=Article&a=index | NOTIC: [8] Undefined index: type CommAction.class.php 第 137 行.
[ 2015-12-27T19:28:23+08:00 ] /admin.php?m=Article&a=index | NOTIC: [8] Undefined index: type CommAction.class.php 第 175 行.
[ 2015-12-27T19:28:23+08:00 ] /admin.php?m=Article&a=index | NOTIC: [8] Undefined index: content 44bdf9bb1cd026e60b48bef2cc33a22a.php 第 144 行.
[ 2015-12-27T19:28:23+08:00 ] /admin.php?m=Article&a=index | NOTIC: [8] Undefined variable: title 44bdf9bb1cd026e60b48bef2cc33a22a.php 第 200 行.
[ 2015-12-27T19:28:23+08:00 ] /admin.php?m=Article&a=index | NOTIC: [8] Undefined variable: title 44bdf9bb1cd026e60b48bef2cc33a22a.php 第 221 行.
[ 2015-12-27T19:28:23+08:00 ] /admin.php?m=Article&a=index | NOTIC: [8] Undefined variable: group functions.php 第 94 行.
[ 2015-12-27T19:28:24+08:00 ] /admin.php?m=Category&a=index | SQL: SHOW COLUMNS FROM `gt_project_category` [ RunTime:0.003780s ]
[ 2015-12-27T19:28:24+08:00 ] /admin.php?m=Category&a=index | SQL: SELECT * FROM `gt_project_category` WHERE ( `pid` = 0 ) [ RunTime:0.000204s ]
[ 2015-12-27T19:28:24+08:00 ] /admin.php?m=Category&a=index | NOTIC: [8] Undefined index: type CommAction.class.php 第 125 行.
[ 2015-12-27T19:28:24+08:00 ] /admin.php?m=Category&a=index | NOTIC: [8] Undefined index: type CommAction.class.php 第 137 行.
[ 2015-12-27T19:28:24+08:00 ] /admin.php?m=Category&a=index | NOTIC: [8] Undefined index: type CommAction.class.php 第 175 行.
[ 2015-12-27T19:28:24+08:00 ] /admin.php?m=Category&a=index | NOTIC: [8] Undefined index: type CommAction.class.php 第 125 行.
[ 2015-12-27T19:28:24+08:00 ] /admin.php?m=Category&a=index | NOTIC: [8] Undefined index: type CommAction.class.php 第 137 行.
[ 2015-12-27T19:28:24+08:00 ] /admin.php?m=Category&a=index | NOTIC: [8] Undefined index: type CommAction.class.php 第 175 行.
[ 2015-12-27T19:28:24+08:00 ] /admin.php?m=Category&a=index | NOTIC: [8] Undefined index: type CommAction.class.php 第 125 行.
[ 2015-12-27T19:28:24+08:00 ] /admin.php?m=Category&a=index | NOTIC: [8] Undefined index: type CommAction.class.php 第 137 行.
[ 2015-12-27T19:28:24+08:00 ] /admin.php?m=Category&a=index | NOTIC: [8] Undefined index: type CommAction.class.php 第 175 行.
[ 2015-12-27T19:28:24+08:00 ] /admin.php?m=Category&a=index | NOTIC: [8] Undefined index: type CommAction.class.php 第 125 行.
[ 2015-12-27T19:28:24+08:00 ] /admin.php?m=Category&a=index | NOTIC: [8] Undefined index: type CommAction.class.php 第 137 行.
[ 2015-12-27T19:28:24+08:00 ] /admin.php?m=Category&a=index | NOTIC: [8] Undefined index: type CommAction.class.php 第 175 行.
[ 2015-12-27T19:28:24+08:00 ] /admin.php?m=Category&a=index | NOTIC: [8] Undefined variable: title 44bdf9bb1cd026e60b48bef2cc33a22a.php 第 200 行.
[ 2015-12-27T19:28:24+08:00 ] /admin.php?m=Category&a=index | NOTIC: [8] Undefined variable: title 44bdf9bb1cd026e60b48bef2cc33a22a.php 第 221 行.
[ 2015-12-27T19:28:24+08:00 ] /admin.php?m=Category&a=index | NOTIC: [8] Undefined variable: group functions.php 第 94 行.
[ 2015-12-27T19:28:26+08:00 ] /admin.php?m=Category&a=index | SQL: SHOW COLUMNS FROM `gt_project_category` [ RunTime:0.003050s ]
[ 2015-12-27T19:28:26+08:00 ] /admin.php?m=Category&a=index | SQL: SELECT * FROM `gt_project_category` WHERE ( `pid` = 0 ) [ RunTime:0.000166s ]
[ 2015-12-27T19:28:26+08:00 ] /admin.php?m=Category&a=index | NOTIC: [8] Undefined index: type CommAction.class.php 第 125 行.
[ 2015-12-27T19:28:26+08:00 ] /admin.php?m=Category&a=index | NOTIC: [8] Undefined index: type CommAction.class.php 第 137 行.
[ 2015-12-27T19:28:26+08:00 ] /admin.php?m=Category&a=index | NOTIC: [8] Undefined index: type CommAction.class.php 第 175 行.
[ 2015-12-27T19:28:26+08:00 ] /admin.php?m=Category&a=index | NOTIC: [8] Undefined index: type CommAction.class.php 第 125 行.
[ 2015-12-27T19:28:26+08:00 ] /admin.php?m=Category&a=index | NOTIC: [8] Undefined index: type CommAction.class.php 第 137 行.
[ 2015-12-27T19:28:26+08:00 ] /admin.php?m=Category&a=index | NOTIC: [8] Undefined index: type CommAction.class.php 第 175 行.
[ 2015-12-27T19:28:26+08:00 ] /admin.php?m=Category&a=index | NOTIC: [8] Undefined index: type CommAction.class.php 第 125 行.
[ 2015-12-27T19:28:26+08:00 ] /admin.php?m=Category&a=index | NOTIC: [8] Undefined index: type CommAction.class.php 第 137 行.
[ 2015-12-27T19:28:26+08:00 ] /admin.php?m=Category&a=index | NOTIC: [8] Undefined index: type CommAction.class.php 第 175 行.
[ 2015-12-27T19:28:26+08:00 ] /admin.php?m=Category&a=index | NOTIC: [8] Undefined index: type CommAction.class.php 第 125 行.
[ 2015-12-27T19:28:26+08:00 ] /admin.php?m=Category&a=index | NOTIC: [8] Undefined index: type CommAction.class.php 第 137 行.
[ 2015-12-27T19:28:26+08:00 ] /admin.php?m=Category&a=index | NOTIC: [8] Undefined index: type CommAction.class.php 第 175 行.
[ 2015-12-27T19:28:26+08:00 ] /admin.php?m=Category&a=index | NOTIC: [8] Undefined variable: title 44bdf9bb1cd026e60b48bef2cc33a22a.php 第 200 行.
[ 2015-12-27T19:28:26+08:00 ] /admin.php?m=Category&a=index | NOTIC: [8] Undefined variable: title 44bdf9bb1cd026e60b48bef2cc33a22a.php 第 221 行.
[ 2015-12-27T19:28:26+08:00 ] /admin.php?m=Category&a=index | NOTIC: [8] Undefined variable: group functions.php 第 94 行.
[ 2015-12-27T19:28:26+08:00 ] /admin.php?m=Order&a=index | SQL: SHOW COLUMNS FROM `gt_project_order` [ RunTime:0.003259s ]
[ 2015-12-27T19:28:26+08:00 ] /admin.php?m=Order&a=index | NOTIC: [8] Undefined variable: title 44bdf9bb1cd026e60b48bef2cc33a22a.php 第 200 行.
[ 2015-12-27T19:28:26+08:00 ] /admin.php?m=Order&a=index | NOTIC: [8] Undefined variable: title 44bdf9bb1cd026e60b48bef2cc33a22a.php 第 221 行.
[ 2015-12-27T19:28:26+08:00 ] /admin.php?m=Order&a=index | NOTIC: [8] Undefined variable: group functions.php 第 94 行.
[ 2015-12-27T19:28:27+08:00 ] /admin.php?m=Server&a=index | SQL: SHOW COLUMNS FROM `gt_project_server` [ RunTime:0.003249s ]
[ 2015-12-27T19:28:27+08:00 ] /admin.php?m=Server&a=index | SQL: SHOW COLUMNS FROM `gt_project_agent` [ RunTime:0.003145s ]
[ 2015-12-27T19:28:27+08:00 ] /admin.php?m=Server&a=index | SQL: SELECT `id`,`cn_name` FROM `gt_project_agent` [ RunTime:0.000130s ]
[ 2015-12-27T19:28:27+08:00 ] /admin.php?m=Server&a=index | NOTIC: [8] Undefined index: type CommAction.class.php 第 125 行.
[ 2015-12-27T19:28:27+08:00 ] /admin.php?m=Server&a=index | NOTIC: [8] Undefined index: type CommAction.class.php 第 137 行.
[ 2015-12-27T19:28:27+08:00 ] /admin.php?m=Server&a=index | NOTIC: [8] Undefined index: type CommAction.class.php 第 175 行.
[ 2015-12-27T19:28:27+08:00 ] /admin.php?m=Server&a=index | NOTIC: [8] Undefined index: type CommAction.class.php 第 125 行.
[ 2015-12-27T19:28:27+08:00 ] /admin.php?m=Server&a=index | NOTIC: [8] Undefined index: type CommAction.class.php 第 137 行.
[ 2015-12-27T19:28:27+08:00 ] /admin.php?m=Server&a=index | NOTIC: [8] Undefined index: type CommAction.class.php 第 175 行.
[ 2015-12-27T19:28:27+08:00 ] /admin.php?m=Server&a=index | NOTIC: [8] Undefined index: type CommAction.class.php 第 125 行.
[ 2015-12-27T19:28:27+08:00 ] /admin.php?m=Server&a=index | NOTIC: [8] Undefined index: type CommAction.class.php 第 137 行.
[ 2015-12-27T19:28:27+08:00 ] /admin.php?m=Server&a=index | NOTIC: [8] Undefined index: type CommAction.class.php 第 175 行.
[ 2015-12-27T19:28:27+08:00 ] /admin.php?m=Server&a=index | NOTIC: [8] Undefined index: type CommAction.class.php 第 125 行.
[ 2015-12-27T19:28:27+08:00 ] /admin.php?m=Server&a=index | NOTIC: [8] Undefined index: type CommAction.class.php 第 137 行.
[ 2015-12-27T19:28:27+08:00 ] /admin.php?m=Server&a=index | NOTIC: [8] Undefined index: type CommAction.class.php 第 175 行.
[ 2015-12-27T19:28:27+08:00 ] /admin.php?m=Server&a=index | NOTIC: [8] Undefined index: type CommAction.class.php 第 125 行.
[ 2015-12-27T19:28:27+08:00 ] /admin.php?m=Server&a=index | NOTIC: [8] Undefined index: type CommAction.class.php 第 137 行.
[ 2015-12-27T19:28:27+08:00 ] /admin.php?m=Server&a=index | NOTIC: [8] Undefined index: type CommAction.class.php 第 175 行.
[ 2015-12-27T19:28:27+08:00 ] /admin.php?m=Server&a=index | NOTIC: [8] Undefined index: type CommAction.class.php 第 125 行.
[ 2015-12-27T19:28:27+08:00 ] /admin.php?m=Server&a=index | NOTIC: [8] Undefined index: type CommAction.class.php 第 137 行.
[ 2015-12-27T19:28:27+08:00 ] /admin.php?m=Server&a=index | NOTIC: [8] Undefined index: type CommAction.class.php 第 175 行.
[ 2015-12-27T19:28:27+08:00 ] /admin.php?m=Server&a=index | NOTIC: [8] Undefined index: type CommAction.class.php 第 125 行.
[ 2015-12-27T19:28:27+08:00 ] /admin.php?m=Server&a=index | NOTIC: [8] Undefined index: type CommAction.class.php 第 137 行.
[ 2015-12-27T19:28:27+08:00 ] /admin.php?m=Server&a=index | NOTIC: [8] Undefined index: type CommAction.class.php 第 175 行.
[ 2015-12-27T19:28:27+08:00 ] /admin.php?m=Server&a=index | NOTIC: [8] Undefined index: type CommAction.class.php 第 125 行.
[ 2015-12-27T19:28:27+08:00 ] /admin.php?m=Server&a=index | NOTIC: [8] Undefined index: type CommAction.class.php 第 137 行.
[ 2015-12-27T19:28:27+08:00 ] /admin.php?m=Server&a=index | NOTIC: [8] Undefined index: type CommAction.class.php 第 175 行.
[ 2015-12-27T19:28:27+08:00 ] /admin.php?m=Server&a=index | NOTIC: [8] Undefined index: type CommAction.class.php 第 125 行.
[ 2015-12-27T19:28:27+08:00 ] /admin.php?m=Server&a=index | NOTIC: [8] Undefined index: type CommAction.class.php 第 137 行.
[ 2015-12-27T19:28:27+08:00 ] /admin.php?m=Server&a=index | NOTIC: [8] Undefined index: type CommAction.class.php 第 175 行.
[ 2015-12-27T19:28:27+08:00 ] /admin.php?m=Server&a=index | NOTIC: [8] Undefined index: type CommAction.class.php 第 125 行.
[ 2015-12-27T19:28:27+08:00 ] /admin.php?m=Server&a=index | NOTIC: [8] Undefined index: type CommAction.class.php 第 137 行.
[ 2015-12-27T19:28:27+08:00 ] /admin.php?m=Server&a=index | NOTIC: [8] Undefined index: type CommAction.class.php 第 175 行.
[ 2015-12-27T19:28:27+08:00 ] /admin.php?m=Server&a=index | NOTIC: [8] Undefined variable: title 44bdf9bb1cd026e60b48bef2cc33a22a.php 第 200 行.
[ 2015-12-27T19:28:27+08:00 ] /admin.php?m=Server&a=index | NOTIC: [8] Undefined variable: title 44bdf9bb1cd026e60b48bef2cc33a22a.php 第 221 行.
[ 2015-12-27T19:28:27+08:00 ] /admin.php?m=Server&a=index | NOTIC: [8] Undefined variable: group functions.php 第 94 行.
[ 2015-12-27T19:28:28+08:00 ] /admin.php?m=Agent&a=index | SQL: SHOW COLUMNS FROM `gt_project_agent` [ RunTime:0.003063s ]
[ 2015-12-27T19:28:28+08:00 ] /admin.php?m=Agent&a=index | NOTIC: [8] Undefined index: type CommAction.class.php 第 125 行.
[ 2015-12-27T19:28:28+08:00 ] /admin.php?m=Agent&a=index | NOTIC: [8] Undefined index: type CommAction.class.php 第 137 行.
[ 2015-12-27T19:28:28+08:00 ] /admin.php?m=Agent&a=index | NOTIC: [8] Undefined index: type CommAction.class.php 第 175 行.
[ 2015-12-27T19:28:28+08:00 ] /admin.php?m=Agent&a=index | NOTIC: [8] Undefined index: type CommAction.class.php 第 125 行.
[ 2015-12-27T19:28:28+08:00 ] /admin.php?m=Agent&a=index | NOTIC: [8] Undefined index: type CommAction.class.php 第 137 行.
[ 2015-12-27T19:28:28+08:00 ] /admin.php?m=Agent&a=index | NOTIC: [8] Undefined index: type CommAction.class.php 第 175 行.
[ 2015-12-27T19:28:28+08:00 ] /admin.php?m=Agent&a=index | NOTIC: [8] Undefined index: type CommAction.class.php 第 125 行.
[ 2015-12-27T19:28:28+08:00 ] /admin.php?m=Agent&a=index | NOTIC: [8] Undefined index: type CommAction.class.php 第 137 行.
[ 2015-12-27T19:28:28+08:00 ] /admin.php?m=Agent&a=index | NOTIC: [8] Undefined index: type CommAction.class.php 第 175 行.
[ 2015-12-27T19:28:28+08:00 ] /admin.php?m=Agent&a=index | NOTIC: [8] Undefined index: type CommAction.class.php 第 125 行.
[ 2015-12-27T19:28:28+08:00 ] /admin.php?m=Agent&a=index | NOTIC: [8] Undefined index: type CommAction.class.php 第 137 行.
[ 2015-12-27T19:28:28+08:00 ] /admin.php?m=Agent&a=index | NOTIC: [8] Undefined index: type CommAction.class.php 第 175 行.
[ 2015-12-27T19:28:28+08:00 ] /admin.php?m=Agent&a=index | NOTIC: [8] Undefined index: type CommAction.class.php 第 125 行.
[ 2015-12-27T19:28:28+08:00 ] /admin.php?m=Agent&a=index | NOTIC: [8] Undefined index: type CommAction.class.php 第 137 行.
[ 2015-12-27T19:28:28+08:00 ] /admin.php?m=Agent&a=index | NOTIC: [8] Undefined index: type CommAction.class.php 第 175 行.
[ 2015-12-27T19:28:28+08:00 ] /admin.php?m=Agent&a=index | NOTIC: [8] Undefined index: type CommAction.class.php 第 125 行.
[ 2015-12-27T19:28:28+08:00 ] /admin.php?m=Agent&a=index | NOTIC: [8] Undefined index: type CommAction.class.php 第 137 行.
[ 2015-12-27T19:28:28+08:00 ] /admin.php?m=Agent&a=index | NOTIC: [8] Undefined index: type CommAction.class.php 第 175 行.
[ 2015-12-27T19:28:28+08:00 ] /admin.php?m=Agent&a=index | NOTIC: [8] Undefined index: type CommAction.class.php 第 125 行.
[ 2015-12-27T19:28:28+08:00 ] /admin.php?m=Agent&a=index | NOTIC: [8] Undefined index: type CommAction.class.php 第 137 行.
[ 2015-12-27T19:28:28+08:00 ] /admin.php?m=Agent&a=index | NOTIC: [8] Undefined index: type CommAction.class.php 第 175 行.
[ 2015-12-27T19:28:28+08:00 ] /admin.php?m=Agent&a=index | NOTIC: [8] Undefined index: type CommAction.class.php 第 125 行.
[ 2015-12-27T19:28:28+08:00 ] /admin.php?m=Agent&a=index | NOTIC: [8] Undefined index: type CommAction.class.php 第 137 行.
[ 2015-12-27T19:28:28+08:00 ] /admin.php?m=Agent&a=index | NOTIC: [8] Undefined index: type CommAction.class.php 第 175 行.
[ 2015-12-27T19:28:28+08:00 ] /admin.php?m=Agent&a=index | NOTIC: [8] Undefined index: type CommAction.class.php 第 125 行.
[ 2015-12-27T19:28:28+08:00 ] /admin.php?m=Agent&a=index | NOTIC: [8] Undefined index: type CommAction.class.php 第 137 行.
[ 2015-12-27T19:28:28+08:00 ] /admin.php?m=Agent&a=index | NOTIC: [8] Undefined index: type CommAction.class.php 第 175 行.
[ 2015-12-27T19:28:28+08:00 ] /admin.php?m=Agent&a=index | NOTIC: [8] Undefined index: type CommAction.class.php 第 125 行.
[ 2015-12-27T19:28:28+08:00 ] /admin.php?m=Agent&a=index | NOTIC: [8] Undefined index: type CommAction.class.php 第 137 行.
[ 2015-12-27T19:28:28+08:00 ] /admin.php?m=Agent&a=index | NOTIC: [8] Undefined index: type CommAction.class.php 第 175 行.
[ 2015-12-27T19:28:28+08:00 ] /admin.php?m=Agent&a=index | NOTIC: [8] Undefined index: type CommAction.class.php 第 125 行.
[ 2015-12-27T19:28:28+08:00 ] /admin.php?m=Agent&a=index | NOTIC: [8] Undefined index: type CommAction.class.php 第 137 行.
[ 2015-12-27T19:28:28+08:00 ] /admin.php?m=Agent&a=index | NOTIC: [8] Undefined index: type CommAction.class.php 第 175 行.
[ 2015-12-27T19:28:28+08:00 ] /admin.php?m=Agent&a=index | NOTIC: [8] Undefined index: type CommAction.class.php 第 125 行.
[ 2015-12-27T19:28:28+08:00 ] /admin.php?m=Agent&a=index | NOTIC: [8] Undefined index: type CommAction.class.php 第 137 行.
[ 2015-12-27T19:28:28+08:00 ] /admin.php?m=Agent&a=index | NOTIC: [8] Undefined index: type CommAction.class.php 第 175 行.
[ 2015-12-27T19:28:28+08:00 ] /admin.php?m=Agent&a=index | NOTIC: [8] Undefined index: type CommAction.class.php 第 125 行.
[ 2015-12-27T19:28:28+08:00 ] /admin.php?m=Agent&a=index | NOTIC: [8] Undefined index: type CommAction.class.php 第 137 行.
[ 2015-12-27T19:28:28+08:00 ] /admin.php?m=Agent&a=index | NOTIC: [8] Undefined index: type CommAction.class.php 第 175 行.
[ 2015-12-27T19:28:28+08:00 ] /admin.php?m=Agent&a=index | NOTIC: [8] Undefined index: type CommAction.class.php 第 125 行.
[ 2015-12-27T19:28:28+08:00 ] /admin.php?m=Agent&a=index | NOTIC: [8] Undefined index: type CommAction.class.php 第 137 行.
[ 2015-12-27T19:28:28+08:00 ] /admin.php?m=Agent&a=index | NOTIC: [8] Undefined index: type CommAction.class.php 第 175 行.
[ 2015-12-27T19:28:28+08:00 ] /admin.php?m=Agent&a=index | NOTIC: [8] Undefined variable: title 44bdf9bb1cd026e60b48bef2cc33a22a.php 第 200 行.
[ 2015-12-27T19:28:28+08:00 ] /admin.php?m=Agent&a=index | NOTIC: [8] Undefined variable: title 44bdf9bb1cd026e60b48bef2cc33a22a.php 第 221 行.
[ 2015-12-27T19:28:28+08:00 ] /admin.php?m=Agent&a=index | NOTIC: [8] Undefined variable: group functions.php 第 94 行.
[ 2015-12-27T19:28:29+08:00 ] /admin.php?m=Users&a=index | SQL: SHOW COLUMNS FROM `gt_project_users` [ RunTime:0.003291s ]
[ 2015-12-27T19:28:29+08:00 ] /admin.php?m=Users&a=index | SQL: SHOW COLUMNS FROM `gt_project_agent` [ RunTime:0.003018s ]
[ 2015-12-27T19:28:29+08:00 ] /admin.php?m=Users&a=index | SQL: SELECT `id`,`cn_name` FROM `gt_project_agent` [ RunTime:0.000131s ]
[ 2015-12-27T19:28:29+08:00 ] /admin.php?m=Users&a=index | NOTIC: [8] Undefined index: type CommAction.class.php 第 125 行.
[ 2015-12-27T19:28:29+08:00 ] /admin.php?m=Users&a=index | NOTIC: [8] Undefined index: type CommAction.class.php 第 137 行.
[ 2015-12-27T19:28:29+08:00 ] /admin.php?m=Users&a=index | NOTIC: [8] Undefined index: type CommAction.class.php 第 175 行.
[ 2015-12-27T19:28:29+08:00 ] /admin.php?m=Users&a=index | NOTIC: [8] Undefined index: type CommAction.class.php 第 125 行.
[ 2015-12-27T19:28:29+08:00 ] /admin.php?m=Users&a=index | NOTIC: [8] Undefined index: type CommAction.class.php 第 137 行.
[ 2015-12-27T19:28:29+08:00 ] /admin.php?m=Users&a=index | NOTIC: [8] Undefined index: type CommAction.class.php 第 175 行.
[ 2015-12-27T19:28:29+08:00 ] /admin.php?m=Users&a=index | NOTIC: [8] Undefined index: type CommAction.class.php 第 125 行.
[ 2015-12-27T19:28:29+08:00 ] /admin.php?m=Users&a=index | NOTIC: [8] Undefined index: type CommAction.class.php 第 137 行.
[ 2015-12-27T19:28:29+08:00 ] /admin.php?m=Users&a=index | NOTIC: [8] Undefined index: type CommAction.class.php 第 175 行.
[ 2015-12-27T19:28:29+08:00 ] /admin.php?m=Users&a=index | NOTIC: [8] Undefined variable: title 44bdf9bb1cd026e60b48bef2cc33a22a.php 第 200 行.
[ 2015-12-27T19:28:29+08:00 ] /admin.php?m=Users&a=index | NOTIC: [8] Undefined variable: title 44bdf9bb1cd026e60b48bef2cc33a22a.php 第 221 行.
[ 2015-12-27T19:28:29+08:00 ] /admin.php?m=Users&a=index | NOTIC: [8] Undefined variable: group functions.php 第 94 行.
[ 2015-12-27T19:29:13+08:00 ] /admin.php?m=Users&a=index | SQL: SHOW COLUMNS FROM `gt_project_users` [ RunTime:0.004816s ]
[ 2015-12-27T19:29:13+08:00 ] /admin.php?m=Users&a=index | SQL: SHOW COLUMNS FROM `gt_project_agent` [ RunTime:0.003698s ]
[ 2015-12-27T19:29:13+08:00 ] /admin.php?m=Users&a=index | SQL: SELECT `id`,`cn_name` FROM `gt_project_agent` [ RunTime:0.000126s ]
[ 2015-12-27T19:29:13+08:00 ] /admin.php?m=Users&a=index | NOTIC: [8] Undefined index: type CommAction.class.php 第 125 行.
[ 2015-12-27T19:29:13+08:00 ] /admin.php?m=Users&a=index | NOTIC: [8] Undefined index: type CommAction.class.php 第 137 行.
[ 2015-12-27T19:29:13+08:00 ] /admin.php?m=Users&a=index | NOTIC: [8] Undefined index: type CommAction.class.php 第 175 行.
[ 2015-12-27T19:29:13+08:00 ] /admin.php?m=Users&a=index | NOTIC: [8] Undefined index: type CommAction.class.php 第 125 行.
[ 2015-12-27T19:29:13+08:00 ] /admin.php?m=Users&a=index | NOTIC: [8] Undefined index: type CommAction.class.php 第 137 行.
[ 2015-12-27T19:29:13+08:00 ] /admin.php?m=Users&a=index | NOTIC: [8] Undefined index: type CommAction.class.php 第 175 行.
[ 2015-12-27T19:29:13+08:00 ] /admin.php?m=Users&a=index | NOTIC: [8] Undefined index: type CommAction.class.php 第 125 行.
[ 2015-12-27T19:29:13+08:00 ] /admin.php?m=Users&a=index | NOTIC: [8] Undefined index: type CommAction.class.php 第 137 行.
[ 2015-12-27T19:29:13+08:00 ] /admin.php?m=Users&a=index | NOTIC: [8] Undefined index: type CommAction.class.php 第 175 行.
[ 2015-12-27T19:29:13+08:00 ] /admin.php?m=Users&a=index | NOTIC: [8] Undefined variable: title 44bdf9bb1cd026e60b48bef2cc33a22a.php 第 200 行.
[ 2015-12-27T19:29:13+08:00 ] /admin.php?m=Users&a=index | NOTIC: [8] Undefined variable: title 44bdf9bb1cd026e60b48bef2cc33a22a.php 第 221 行.
[ 2015-12-27T19:29:13+08:00 ] /admin.php?m=Users&a=index | NOTIC: [8] Undefined variable: group functions.php 第 94 行.
[ 2015-12-27T19:30:26+08:00 ] /admin.php?m=Index&a=index | NOTIC: [8] Undefined variable: group functions.php 第 94 行.
[ 2015-12-27T19:30:42+08:00 ] /admin.php?m=Users&a=index | SQL: SHOW COLUMNS FROM `gt_project_users` [ RunTime:0.003310s ]
[ 2015-12-27T19:30:42+08:00 ] /admin.php?m=Users&a=index | SQL: SHOW COLUMNS FROM `gt_project_agent` [ RunTime:0.002934s ]
[ 2015-12-27T19:30:42+08:00 ] /admin.php?m=Users&a=index | SQL: SELECT `id`,`cn_name` FROM `gt_project_agent` [ RunTime:0.000132s ]
[ 2015-12-27T19:30:42+08:00 ] /admin.php?m=Users&a=index | NOTIC: [8] Undefined index: type CommAction.class.php 第 125 行.
[ 2015-12-27T19:30:42+08:00 ] /admin.php?m=Users&a=index | NOTIC: [8] Undefined index: type CommAction.class.php 第 137 行.
[ 2015-12-27T19:30:42+08:00 ] /admin.php?m=Users&a=index | NOTIC: [8] Undefined index: type CommAction.class.php 第 175 行.
[ 2015-12-27T19:30:42+08:00 ] /admin.php?m=Users&a=index | NOTIC: [8] Undefined index: type CommAction.class.php 第 125 行.
[ 2015-12-27T19:30:42+08:00 ] /admin.php?m=Users&a=index | NOTIC: [8] Undefined index: type CommAction.class.php 第 137 行.
[ 2015-12-27T19:30:42+08:00 ] /admin.php?m=Users&a=index | NOTIC: [8] Undefined index: type CommAction.class.php 第 175 行.
[ 2015-12-27T19:30:42+08:00 ] /admin.php?m=Users&a=index | NOTIC: [8] Undefined index: type CommAction.class.php 第 125 行.
[ 2015-12-27T19:30:42+08:00 ] /admin.php?m=Users&a=index | NOTIC: [8] Undefined index: type CommAction.class.php 第 137 行.
[ 2015-12-27T19:30:42+08:00 ] /admin.php?m=Users&a=index | NOTIC: [8] Undefined index: type CommAction.class.php 第 175 行.
[ 2015-12-27T19:30:42+08:00 ] /admin.php?m=Users&a=index | NOTIC: [8] Undefined variable: title 44bdf9bb1cd026e60b48bef2cc33a22a.php 第 200 行.
[ 2015-12-27T19:30:42+08:00 ] /admin.php?m=Users&a=index | NOTIC: [8] Undefined variable: title 44bdf9bb1cd026e60b48bef2cc33a22a.php 第 221 行.
[ 2015-12-27T19:30:42+08:00 ] /admin.php?m=Users&a=index | NOTIC: [8] Undefined variable: group functions.php 第 94 行.
[ 2015-12-27T19:32:23+08:00 ] /admin.php?m=Users&a=index | SQL: SHOW COLUMNS FROM `gt_project_users` [ RunTime:0.004239s ]
[ 2015-12-27T19:32:23+08:00 ] /admin.php?m=Users&a=index | SQL: SHOW COLUMNS FROM `gt_project_agent` [ RunTime:0.003414s ]
[ 2015-12-27T19:32:23+08:00 ] /admin.php?m=Users&a=index | SQL: SELECT `id`,`cn_name` FROM `gt_project_agent` [ RunTime:0.000164s ]
[ 2015-12-27T19:32:23+08:00 ] /admin.php?m=Users&a=index | NOTIC: [8] Undefined index: type CommAction.class.php 第 125 行.
[ 2015-12-27T19:32:23+08:00 ] /admin.php?m=Users&a=index | NOTIC: [8] Undefined index: type CommAction.class.php 第 137 行.
[ 2015-12-27T19:32:23+08:00 ] /admin.php?m=Users&a=index | NOTIC: [8] Undefined index: type CommAction.class.php 第 175 行.
[ 2015-12-27T19:32:23+08:00 ] /admin.php?m=Users&a=index | NOTIC: [8] Undefined index: type CommAction.class.php 第 125 行.
[ 2015-12-27T19:32:23+08:00 ] /admin.php?m=Users&a=index | NOTIC: [8] Undefined index: type CommAction.class.php 第 137 行.
[ 2015-12-27T19:32:23+08:00 ] /admin.php?m=Users&a=index | NOTIC: [8] Undefined index: type CommAction.class.php 第 175 行.
[ 2015-12-27T19:32:23+08:00 ] /admin.php?m=Users&a=index | NOTIC: [8] Undefined index: type CommAction.class.php 第 125 行.
[ 2015-12-27T19:32:23+08:00 ] /admin.php?m=Users&a=index | NOTIC: [8] Undefined index: type CommAction.class.php 第 137 行.
[ 2015-12-27T19:32:23+08:00 ] /admin.php?m=Users&a=index | NOTIC: [8] Undefined index: type CommAction.class.php 第 175 行.
[ 2015-12-27T19:32:23+08:00 ] /admin.php?m=Users&a=index | NOTIC: [8] Undefined variable: title 44bdf9bb1cd026e60b48bef2cc33a22a.php 第 201 行.
[ 2015-12-27T19:32:23+08:00 ] /admin.php?m=Users&a=index | NOTIC: [8] Undefined variable: title 44bdf9bb1cd026e60b48bef2cc33a22a.php 第 222 行.
[ 2015-12-27T19:32:23+08:00 ] /admin.php?m=Users&a=index | NOTIC: [8] Undefined variable: group functions.php 第 94 行.
[ 2015-12-27T19:33:20+08:00 ] /admin.php?m=Users&a=index | SQL: SHOW COLUMNS FROM `gt_project_users` [ RunTime:0.002905s ]
[ 2015-12-27T19:33:20+08:00 ] /admin.php?m=Users&a=index | SQL: SHOW COLUMNS FROM `gt_project_agent` [ RunTime:0.002796s ]
[ 2015-12-27T19:33:20+08:00 ] /admin.php?m=Users&a=index | SQL: SELECT `id`,`cn_name` FROM `gt_project_agent` [ RunTime:0.000139s ]
[ 2015-12-27T19:33:20+08:00 ] /admin.php?m=Users&a=index | NOTIC: [8] Undefined index: type CommAction.class.php 第 125 行.
[ 2015-12-27T19:33:20+08:00 ] /admin.php?m=Users&a=index | NOTIC: [8] Undefined index: type CommAction.class.php 第 137 行.
[ 2015-12-27T19:33:20+08:00 ] /admin.php?m=Users&a=index | NOTIC: [8] Undefined index: type CommAction.class.php 第 175 行.
[ 2015-12-27T19:33:20+08:00 ] /admin.php?m=Users&a=index | NOTIC: [8] Undefined index: type CommAction.class.php 第 125 行.
[ 2015-12-27T19:33:20+08:00 ] /admin.php?m=Users&a=index | NOTIC: [8] Undefined index: type CommAction.class.php 第 137 行.
[ 2015-12-27T19:33:20+08:00 ] /admin.php?m=Users&a=index | NOTIC: [8] Undefined index: type CommAction.class.php 第 175 行.
[ 2015-12-27T19:33:20+08:00 ] /admin.php?m=Users&a=index | NOTIC: [8] Undefined index: type CommAction.class.php 第 125 行.
[ 2015-12-27T19:33:20+08:00 ] /admin.php?m=Users&a=index | NOTIC: [8] Undefined index: type CommAction.class.php 第 137 行.
[ 2015-12-27T19:33:20+08:00 ] /admin.php?m=Users&a=index | NOTIC: [8] Undefined index: type CommAction.class.php 第 175 行.
[ 2015-12-27T19:33:20+08:00 ] /admin.php?m=Users&a=index | NOTIC: [8] Undefined variable: title 44bdf9bb1cd026e60b48bef2cc33a22a.php 第 201 行.
[ 2015-12-27T19:33:20+08:00 ] /admin.php?m=Users&a=index | NOTIC: [8] Undefined variable: title 44bdf9bb1cd026e60b48bef2cc33a22a.php 第 222 行.
[ 2015-12-27T19:33:20+08:00 ] /admin.php?m=Users&a=index | NOTIC: [8] Undefined variable: group functions.php 第 94 行.
[ 2015-12-27T19:33:33+08:00 ] /admin.php?m=Users&a=index | SQL: SHOW COLUMNS FROM `gt_project_users` [ RunTime:0.003412s ]
[ 2015-12-27T19:33:33+08:00 ] /admin.php?m=Users&a=index | SQL: SHOW COLUMNS FROM `gt_project_agent` [ RunTime:0.003293s ]
[ 2015-12-27T19:33:33+08:00 ] /admin.php?m=Users&a=index | SQL: SELECT `id`,`cn_name` FROM `gt_project_agent` [ RunTime:0.000129s ]
[ 2015-12-27T19:33:33+08:00 ] /admin.php?m=Users&a=index | NOTIC: [8] Undefined index: type CommAction.class.php 第 125 行.
[ 2015-12-27T19:33:33+08:00 ] /admin.php?m=Users&a=index | NOTIC: [8] Undefined index: type CommAction.class.php 第 137 行.
[ 2015-12-27T19:33:33+08:00 ] /admin.php?m=Users&a=index | NOTIC: [8] Undefined index: type CommAction.class.php 第 175 行.
[ 2015-12-27T19:33:33+08:00 ] /admin.php?m=Users&a=index | NOTIC: [8] Undefined index: type CommAction.class.php 第 125 行.
[ 2015-12-27T19:33:33+08:00 ] /admin.php?m=Users&a=index | NOTIC: [8] Undefined index: type CommAction.class.php 第 137 行.
[ 2015-12-27T19:33:33+08:00 ] /admin.php?m=Users&a=index | NOTIC: [8] Undefined index: type CommAction.class.php 第 175 行.
[ 2015-12-27T19:33:33+08:00 ] /admin.php?m=Users&a=index | NOTIC: [8] Undefined index: type CommAction.class.php 第 125 行.
[ 2015-12-27T19:33:33+08:00 ] /admin.php?m=Users&a=index | NOTIC: [8] Undefined index: type CommAction.class.php 第 137 行.
[ 2015-12-27T19:33:33+08:00 ] /admin.php?m=Users&a=index | NOTIC: [8] Undefined index: type CommAction.class.php 第 175 行.
[ 2015-12-27T19:33:33+08:00 ] /admin.php?m=Users&a=index | NOTIC: [8] Undefined variable: title 44bdf9bb1cd026e60b48bef2cc33a22a.php 第 201 行.
[ 2015-12-27T19:33:33+08:00 ] /admin.php?m=Users&a=index | NOTIC: [8] Undefined variable: title 44bdf9bb1cd026e60b48bef2cc33a22a.php 第 222 行.
[ 2015-12-27T19:33:33+08:00 ] /admin.php?m=Users&a=index | NOTIC: [8] Undefined variable: group functions.php 第 94 行.
[ 2015-12-27T19:33:38+08:00 ] /admin.php?m=Users&a=index | SQL: SHOW COLUMNS FROM `gt_project_users` [ RunTime:0.003341s ]
[ 2015-12-27T19:33:38+08:00 ] /admin.php?m=Users&a=index | SQL: SHOW COLUMNS FROM `gt_project_agent` [ RunTime:0.002941s ]
[ 2015-12-27T19:33:38+08:00 ] /admin.php?m=Users&a=index | SQL: SELECT `id`,`cn_name` FROM `gt_project_agent` [ RunTime:0.000129s ]
[ 2015-12-27T19:33:38+08:00 ] /admin.php?m=Users&a=index | NOTIC: [8] Undefined index: type CommAction.class.php 第 125 行.
[ 2015-12-27T19:33:38+08:00 ] /admin.php?m=Users&a=index | NOTIC: [8] Undefined index: type CommAction.class.php 第 137 行.
[ 2015-12-27T19:33:38+08:00 ] /admin.php?m=Users&a=index | NOTIC: [8] Undefined index: type CommAction.class.php 第 175 行.
[ 2015-12-27T19:33:38+08:00 ] /admin.php?m=Users&a=index | NOTIC: [8] Undefined index: type CommAction.class.php 第 125 行.
[ 2015-12-27T19:33:38+08:00 ] /admin.php?m=Users&a=index | NOTIC: [8] Undefined index: type CommAction.class.php 第 137 行.
[ 2015-12-27T19:33:38+08:00 ] /admin.php?m=Users&a=index | NOTIC: [8] Undefined index: type CommAction.class.php 第 175 行.
[ 2015-12-27T19:33:38+08:00 ] /admin.php?m=Users&a=index | NOTIC: [8] Undefined index: type CommAction.class.php 第 125 行.
[ 2015-12-27T19:33:38+08:00 ] /admin.php?m=Users&a=index | NOTIC: [8] Undefined index: type CommAction.class.php 第 137 行.
[ 2015-12-27T19:33:38+08:00 ] /admin.php?m=Users&a=index | NOTIC: [8] Undefined index: type CommAction.class.php 第 175 行.
[ 2015-12-27T19:33:38+08:00 ] /admin.php?m=Users&a=index | NOTIC: [8] Undefined variable: title 44bdf9bb1cd026e60b48bef2cc33a22a.php 第 201 行.
[ 2015-12-27T19:33:38+08:00 ] /admin.php?m=Users&a=index | NOTIC: [8] Undefined variable: title 44bdf9bb1cd026e60b48bef2cc33a22a.php 第 222 行.
[ 2015-12-27T19:33:38+08:00 ] /admin.php?m=Users&a=index | NOTIC: [8] Undefined variable: group functions.php 第 94 行.
[ 2015-12-27T19:34:06+08:00 ] /admin.php?m=Users&a=index | SQL: SHOW COLUMNS FROM `gt_project_users` [ RunTime:0.004079s ]
[ 2015-12-27T19:34:06+08:00 ] /admin.php?m=Users&a=index | SQL: SHOW COLUMNS FROM `gt_project_agent` [ RunTime:0.004293s ]
[ 2015-12-27T19:34:06+08:00 ] /admin.php?m=Users&a=index | SQL: SELECT `id`,`cn_name` FROM `gt_project_agent` [ RunTime:0.000158s ]
[ 2015-12-27T19:34:06+08:00 ] /admin.php?m=Users&a=index | NOTIC: [8] Undefined index: type CommAction.class.php 第 125 行.
[ 2015-12-27T19:34:06+08:00 ] /admin.php?m=Users&a=index | NOTIC: [8] Undefined index: type CommAction.class.php 第 137 行.
[ 2015-12-27T19:34:06+08:00 ] /admin.php?m=Users&a=index | NOTIC: [8] Undefined index: type CommAction.class.php 第 175 行.
[ 2015-12-27T19:34:06+08:00 ] /admin.php?m=Users&a=index | NOTIC: [8] Undefined index: type CommAction.class.php 第 125 行.
[ 2015-12-27T19:34:06+08:00 ] /admin.php?m=Users&a=index | NOTIC: [8] Undefined index: type CommAction.class.php 第 137 行.
[ 2015-12-27T19:34:06+08:00 ] /admin.php?m=Users&a=index | NOTIC: [8] Undefined index: type CommAction.class.php 第 175 行.
[ 2015-12-27T19:34:06+08:00 ] /admin.php?m=Users&a=index | NOTIC: [8] Undefined index: type CommAction.class.php 第 125 行.
[ 2015-12-27T19:34:06+08:00 ] /admin.php?m=Users&a=index | NOTIC: [8] Undefined index: type CommAction.class.php 第 137 行.
[ 2015-12-27T19:34:06+08:00 ] /admin.php?m=Users&a=index | NOTIC: [8] Undefined index: type CommAction.class.php 第 175 行.
[ 2015-12-27T19:34:06+08:00 ] /admin.php?m=Users&a=index | NOTIC: [8] Undefined variable: title 44bdf9bb1cd026e60b48bef2cc33a22a.php 第 201 行.
[ 2015-12-27T19:34:06+08:00 ] /admin.php?m=Users&a=index | NOTIC: [8] Undefined variable: title 44bdf9bb1cd026e60b48bef2cc33a22a.php 第 222 行.
[ 2015-12-27T19:34:06+08:00 ] /admin.php?m=Users&a=index | NOTIC: [8] Undefined variable: group functions.php 第 94 行.
