[ 2016-01-30T00:14:04+08:00 ] /admin.php?m=Order&a=count | SQL: SHOW COLUMNS FROM `gt_project_order` [ RunTime:0.002919s ]
[ 2016-01-30T00:14:04+08:00 ] /admin.php?m=Order&a=count | SQL: SELECT COUNT(*) AS `count`,SUM(`money`) AS `money`,SUM(`amount`) AS `gold` FROM `gt_project_order` WHERE `createtime` >= 1454083200 AND `status` >= 1 LIMIT 1  [ RunTime:0.000391s ]
[ 2016-01-30T00:14:04+08:00 ] /admin.php?m=Order&a=count | SQL: SHOW COLUMNS FROM `gt_project_agent` [ RunTime:0.002852s ]
[ 2016-01-30T00:14:04+08:00 ] /admin.php?m=Order&a=count | SQL: SELECT `id`,`cn_name` FROM `gt_project_agent` [ RunTime:0.000138s ]
[ 2016-01-30T00:14:04+08:00 ] /admin.php?m=Order&a=count | SQL: SHOW COLUMNS FROM `gt_project_order` [ RunTime:0.002461s ]
[ 2016-01-30T00:14:04+08:00 ] /admin.php?m=Order&a=count | NOTIC: [8] Undefined variable: group functions.php 第 94 行.
[ 2016-01-30T00:14:46+08:00 ] /admin.php?m=Order&a=count | SQL: SHOW COLUMNS FROM `gt_project_order` [ RunTime:0.002673s ]
[ 2016-01-30T00:14:46+08:00 ] /admin.php?m=Order&a=count | SQL: SELECT COUNT(*) AS `count`,SUM(`money`) AS `money`,SUM(`amount`) AS `gold` FROM `gt_project_order` WHERE `createtime` >= 1454083200 AND `status` >= 1 LIMIT 1  [ RunTime:0.000080s ]
[ 2016-01-30T00:14:46+08:00 ] /admin.php?m=Order&a=count | SQL: SHOW COLUMNS FROM `gt_project_agent` [ RunTime:0.003151s ]
[ 2016-01-30T00:14:46+08:00 ] /admin.php?m=Order&a=count | SQL: SELECT `id`,`cn_name` FROM `gt_project_agent` [ RunTime:0.000134s ]
[ 2016-01-30T00:14:46+08:00 ] /admin.php?m=Order&a=count | SQL: SHOW COLUMNS FROM `gt_project_order` [ RunTime:0.002425s ]
[ 2016-01-30T00:14:46+08:00 ] /admin.php?m=Order&a=count | NOTIC: [8] Undefined variable: group functions.php 第 94 行.
[ 2016-01-30T00:16:51+08:00 ] /admin.php?m=Order&a=count | SQL: SHOW COLUMNS FROM `gt_project_order` [ RunTime:0.003865s ]
[ 2016-01-30T00:16:51+08:00 ] /admin.php?m=Order&a=count | SQL: SELECT COUNT(*) AS `count`,SUM(`money`) AS `money`,SUM(`amount`) AS `gold` FROM `gt_project_order` WHERE `createtime` >= 1454083200 AND `status` >= 1 LIMIT 1  [ RunTime:0.000136s ]
[ 2016-01-30T00:16:51+08:00 ] /admin.php?m=Order&a=count | SQL: SHOW COLUMNS FROM `gt_project_agent` [ RunTime:0.003895s ]
[ 2016-01-30T00:16:51+08:00 ] /admin.php?m=Order&a=count | SQL: SELECT `id`,`cn_name` FROM `gt_project_agent` [ RunTime:0.000173s ]
[ 2016-01-30T00:16:51+08:00 ] /admin.php?m=Order&a=count | SQL: SHOW COLUMNS FROM `gt_project_order` [ RunTime:0.003203s ]
[ 2016-01-30T00:16:51+08:00 ] /admin.php?m=Order&a=count | NOTIC: [8] Undefined variable: group functions.php 第 94 行.
[ 2016-01-30T00:17:46+08:00 ] /admin.php?m=Order&a=count | SQL: SHOW COLUMNS FROM `gt_project_order` [ RunTime:0.002654s ]
[ 2016-01-30T00:17:46+08:00 ] /admin.php?m=Order&a=count | SQL: SELECT COUNT(*) AS `count`,SUM(`money`) AS `money`,SUM(`amount`) AS `gold` FROM `gt_project_order` WHERE `createtime` >= 1454083200 AND `status` >= 1 LIMIT 1  [ RunTime:0.000076s ]
[ 2016-01-30T00:17:46+08:00 ] /admin.php?m=Order&a=count | SQL: SHOW COLUMNS FROM `gt_project_agent` [ RunTime:0.002764s ]
[ 2016-01-30T00:17:46+08:00 ] /admin.php?m=Order&a=count | SQL: SELECT `id`,`cn_name` FROM `gt_project_agent` [ RunTime:0.000154s ]
[ 2016-01-30T00:17:46+08:00 ] /admin.php?m=Order&a=count | SQL: SHOW COLUMNS FROM `gt_project_order` [ RunTime:0.002505s ]
[ 2016-01-30T00:17:46+08:00 ] /admin.php?m=Order&a=count | NOTIC: [8] Undefined variable: group functions.php 第 94 行.
[ 2016-01-30T00:19:00+08:00 ] /admin.php?m=Order&a=count | SQL: SHOW COLUMNS FROM `gt_project_order` [ RunTime:0.003530s ]
[ 2016-01-30T00:19:00+08:00 ] /admin.php?m=Order&a=count | SQL: SELECT COUNT(*) AS `count`,SUM(`money`) AS `money`,SUM(`amount`) AS `gold` FROM `gt_project_order` WHERE `createtime` >= 1454083200 AND `status` >= 1 LIMIT 1  [ RunTime:0.000099s ]
[ 2016-01-30T00:19:00+08:00 ] /admin.php?m=Order&a=count | SQL: SHOW COLUMNS FROM `gt_project_agent` [ RunTime:0.003042s ]
[ 2016-01-30T00:19:00+08:00 ] /admin.php?m=Order&a=count | SQL: SELECT `id`,`cn_name` FROM `gt_project_agent` [ RunTime:0.000166s ]
[ 2016-01-30T00:19:00+08:00 ] /admin.php?m=Order&a=count | SQL: SHOW COLUMNS FROM `gt_project_order` [ RunTime:0.002620s ]
[ 2016-01-30T00:19:00+08:00 ] /admin.php?m=Order&a=count | NOTIC: [8] Undefined variable: group functions.php 第 94 行.
[ 2016-01-30T00:19:19+08:00 ] /admin.php?m=Order&a=count | SQL: SHOW COLUMNS FROM `gt_project_order` [ RunTime:0.002903s ]
[ 2016-01-30T00:19:19+08:00 ] /admin.php?m=Order&a=count | SQL: SELECT COUNT(*) AS `count`,SUM(`money`) AS `money`,SUM(`amount`) AS `gold` FROM `gt_project_order` WHERE `createtime` >= 1454083200 AND `status` >= 1 LIMIT 1  [ RunTime:0.000102s ]
[ 2016-01-30T00:19:19+08:00 ] /admin.php?m=Order&a=count | SQL: SHOW COLUMNS FROM `gt_project_agent` [ RunTime:0.003498s ]
[ 2016-01-30T00:19:19+08:00 ] /admin.php?m=Order&a=count | SQL: SELECT `id`,`cn_name` FROM `gt_project_agent` [ RunTime:0.000140s ]
[ 2016-01-30T00:19:19+08:00 ] /admin.php?m=Order&a=count | SQL: SHOW COLUMNS FROM `gt_project_order` [ RunTime:0.003950s ]
[ 2016-01-30T00:19:19+08:00 ] /admin.php?m=Order&a=count | NOTIC: [8] Undefined variable: group functions.php 第 94 行.
[ 2016-01-30T00:19:57+08:00 ] /admin.php?m=Order&a=count | SQL: SHOW COLUMNS FROM `gt_project_order` [ RunTime:0.002632s ]
[ 2016-01-30T00:19:57+08:00 ] /admin.php?m=Order&a=count | SQL: SELECT COUNT(*) AS `count`,SUM(`money`) AS `money`,SUM(`amount`) AS `gold` FROM `gt_project_order` WHERE `createtime` >= 1454083200 AND `status` >= 1 LIMIT 1  [ RunTime:0.000363s ]
[ 2016-01-30T00:19:57+08:00 ] /admin.php?m=Order&a=count | SQL: SHOW COLUMNS FROM `gt_project_agent` [ RunTime:0.002640s ]
[ 2016-01-30T00:19:57+08:00 ] /admin.php?m=Order&a=count | SQL: SELECT `id`,`cn_name` FROM `gt_project_agent` [ RunTime:0.000139s ]
[ 2016-01-30T00:19:57+08:00 ] /admin.php?m=Order&a=count | SQL: SHOW COLUMNS FROM `gt_project_order` [ RunTime:0.003607s ]
[ 2016-01-30T00:19:57+08:00 ] /admin.php?m=Order&a=count | NOTIC: [8] Undefined variable: group functions.php 第 94 行.
[ 2016-01-30T00:23:24+08:00 ] /admin.php?m=Order&a=count | SQL: SHOW COLUMNS FROM `gt_project_order` [ RunTime:0.002773s ]
[ 2016-01-30T00:23:24+08:00 ] /admin.php?m=Order&a=count | SQL: SELECT COUNT(*) AS `count`,SUM(`money`) AS `money`,SUM(`amount`) AS `gold` FROM `gt_project_order` WHERE `createtime` >= 1454083200 AND `status` >= 1 LIMIT 1  [ RunTime:0.000121s ]
[ 2016-01-30T00:23:24+08:00 ] /admin.php?m=Order&a=count | SQL: SHOW COLUMNS FROM `gt_project_agent` [ RunTime:0.003041s ]
[ 2016-01-30T00:23:24+08:00 ] /admin.php?m=Order&a=count | SQL: SELECT `id`,`cn_name` FROM `gt_project_agent` [ RunTime:0.000162s ]
[ 2016-01-30T00:23:24+08:00 ] /admin.php?m=Order&a=count | SQL: SHOW COLUMNS FROM `gt_project_order` [ RunTime:0.002534s ]
[ 2016-01-30T00:23:24+08:00 ] /admin.php?m=Order&a=count | NOTIC: [8] Undefined variable: group functions.php 第 94 行.
[ 2016-01-30T00:25:05+08:00 ] /admin.php?m=Order&a=count | SQL: SHOW COLUMNS FROM `gt_project_order` [ RunTime:0.002786s ]
[ 2016-01-30T00:25:05+08:00 ] /admin.php?m=Order&a=count | SQL: SELECT COUNT(*) AS `count`,SUM(`money`) AS `money`,SUM(`amount`) AS `gold` FROM `gt_project_order` WHERE `createtime` >= 1454083200 AND `status` >= 1 LIMIT 1  [ RunTime:0.000127s ]
[ 2016-01-30T00:25:05+08:00 ] /admin.php?m=Order&a=count | SQL: SHOW COLUMNS FROM `gt_project_agent` [ RunTime:0.003029s ]
[ 2016-01-30T00:25:05+08:00 ] /admin.php?m=Order&a=count | SQL: SELECT `id`,`cn_name` FROM `gt_project_agent` [ RunTime:0.000166s ]
[ 2016-01-30T00:25:05+08:00 ] /admin.php?m=Order&a=count | SQL: SHOW COLUMNS FROM `gt_project_order` [ RunTime:0.002822s ]
[ 2016-01-30T00:25:05+08:00 ] /admin.php?m=Order&a=count | NOTIC: [8] Undefined variable: group functions.php 第 94 行.
[ 2016-01-30T00:26:32+08:00 ] /admin.php?m=Order&a=count | SQL: SHOW COLUMNS FROM `gt_project_order` [ RunTime:0.003339s ]
[ 2016-01-30T00:26:32+08:00 ] /admin.php?m=Order&a=count | SQL: SELECT COUNT(*) AS `count`,SUM(`money`) AS `money`,SUM(`amount`) AS `gold` FROM `gt_project_order` WHERE `createtime` >= 1454083200 AND `status` >= 1 LIMIT 1  [ RunTime:0.000128s ]
[ 2016-01-30T00:26:32+08:00 ] /admin.php?m=Order&a=count | SQL: SHOW COLUMNS FROM `gt_project_agent` [ RunTime:0.004145s ]
[ 2016-01-30T00:26:32+08:00 ] /admin.php?m=Order&a=count | SQL: SELECT `id`,`cn_name` FROM `gt_project_agent` [ RunTime:0.000176s ]
[ 2016-01-30T00:26:32+08:00 ] /admin.php?m=Order&a=count | SQL: SHOW COLUMNS FROM `gt_project_order` [ RunTime:0.002507s ]
[ 2016-01-30T00:26:32+08:00 ] /admin.php?m=Order&a=count | NOTIC: [8] Undefined variable: group functions.php 第 94 行.
[ 2016-01-30T00:26:50+08:00 ] /admin.php?m=Order&a=count | SQL: SHOW COLUMNS FROM `gt_project_order` [ RunTime:0.003127s ]
[ 2016-01-30T00:26:50+08:00 ] /admin.php?m=Order&a=count | SQL: SELECT COUNT(*) AS `count`,SUM(`money`) AS `money`,SUM(`amount`) AS `gold` FROM `gt_project_order` WHERE `createtime` >= 1454083200 AND `status` >= 1 LIMIT 1  [ RunTime:0.000368s ]
[ 2016-01-30T00:26:50+08:00 ] /admin.php?m=Order&a=count | SQL: SHOW COLUMNS FROM `gt_project_agent` [ RunTime:0.002969s ]
[ 2016-01-30T00:26:50+08:00 ] /admin.php?m=Order&a=count | SQL: SELECT `id`,`cn_name` FROM `gt_project_agent` [ RunTime:0.000135s ]
[ 2016-01-30T00:26:50+08:00 ] /admin.php?m=Order&a=count | SQL: SHOW COLUMNS FROM `gt_project_order` [ RunTime:0.002405s ]
[ 2016-01-30T00:26:50+08:00 ] /admin.php?m=Order&a=count | NOTIC: [8] Undefined variable: group functions.php 第 94 行.
[ 2016-01-30T00:27:32+08:00 ] /admin.php?m=Order&a=count | SQL: SHOW COLUMNS FROM `gt_project_order` [ RunTime:0.003353s ]
[ 2016-01-30T00:27:32+08:00 ] /admin.php?m=Order&a=count | SQL: SELECT COUNT(*) AS `count`,SUM(`money`) AS `money`,SUM(`amount`) AS `gold` FROM `gt_project_order` WHERE `createtime` >= 1454083200 AND `status` >= 1 LIMIT 1  [ RunTime:0.000125s ]
[ 2016-01-30T00:27:32+08:00 ] /admin.php?m=Order&a=count | SQL: SHOW COLUMNS FROM `gt_project_agent` [ RunTime:0.002796s ]
[ 2016-01-30T00:27:32+08:00 ] /admin.php?m=Order&a=count | SQL: SELECT `id`,`cn_name` FROM `gt_project_agent` [ RunTime:0.000162s ]
[ 2016-01-30T00:27:32+08:00 ] /admin.php?m=Order&a=count | SQL: SHOW COLUMNS FROM `gt_project_order` [ RunTime:0.002526s ]
[ 2016-01-30T00:27:32+08:00 ] /admin.php?m=Order&a=count | NOTIC: [8] Undefined variable: group functions.php 第 94 行.
[ 2016-01-30T00:28:20+08:00 ] /admin.php?m=Order&a=count | SQL: SHOW COLUMNS FROM `gt_project_order` [ RunTime:0.002680s ]
[ 2016-01-30T00:28:20+08:00 ] /admin.php?m=Order&a=count | SQL: SELECT COUNT(*) AS `count`,SUM(`money`) AS `money`,SUM(`amount`) AS `gold` FROM `gt_project_order` WHERE `createtime` >= 1454083200 AND `status` >= 1 LIMIT 1  [ RunTime:0.000118s ]
[ 2016-01-30T00:28:20+08:00 ] /admin.php?m=Order&a=count | SQL: SHOW COLUMNS FROM `gt_project_agent` [ RunTime:0.003048s ]
[ 2016-01-30T00:28:20+08:00 ] /admin.php?m=Order&a=count | SQL: SELECT `id`,`cn_name` FROM `gt_project_agent` [ RunTime:0.000169s ]
[ 2016-01-30T00:28:20+08:00 ] /admin.php?m=Order&a=count | SQL: SHOW COLUMNS FROM `gt_project_order` [ RunTime:0.002540s ]
[ 2016-01-30T00:28:20+08:00 ] /admin.php?m=Order&a=count | NOTIC: [8] Undefined variable: group functions.php 第 94 行.
[ 2016-01-30T00:28:36+08:00 ] /admin.php?m=Order&a=count | SQL: SHOW COLUMNS FROM `gt_project_order` [ RunTime:0.004026s ]
[ 2016-01-30T00:28:36+08:00 ] /admin.php?m=Order&a=count | SQL: SELECT COUNT(*) AS `count`,SUM(`money`) AS `money`,SUM(`amount`) AS `gold` FROM `gt_project_order` WHERE `createtime` >= 1454083200 AND `status` >= 1 LIMIT 1  [ RunTime:0.000133s ]
[ 2016-01-30T00:28:36+08:00 ] /admin.php?m=Order&a=count | SQL: SHOW COLUMNS FROM `gt_project_agent` [ RunTime:0.004857s ]
[ 2016-01-30T00:28:36+08:00 ] /admin.php?m=Order&a=count | SQL: SELECT `id`,`cn_name` FROM `gt_project_agent` [ RunTime:0.000199s ]
[ 2016-01-30T00:28:36+08:00 ] /admin.php?m=Order&a=count | SQL: SHOW COLUMNS FROM `gt_project_order` [ RunTime:0.003424s ]
[ 2016-01-30T00:28:36+08:00 ] /admin.php?m=Order&a=count | NOTIC: [8] Undefined variable: group functions.php 第 94 行.
[ 2016-01-30T00:29:36+08:00 ] /admin.php?m=Order&a=count | SQL: SHOW COLUMNS FROM `gt_project_order` [ RunTime:0.003822s ]
[ 2016-01-30T00:29:36+08:00 ] /admin.php?m=Order&a=count | SQL: SELECT COUNT(*) AS `count`,SUM(`money`) AS `money`,SUM(`amount`) AS `gold` FROM `gt_project_order` WHERE `createtime` >= 1454083200 AND `status` >= 1 LIMIT 1  [ RunTime:0.000136s ]
[ 2016-01-30T00:29:36+08:00 ] /admin.php?m=Order&a=count | SQL: SHOW COLUMNS FROM `gt_project_agent` [ RunTime:0.003711s ]
[ 2016-01-30T00:29:36+08:00 ] /admin.php?m=Order&a=count | SQL: SELECT `id`,`cn_name` FROM `gt_project_agent` [ RunTime:0.000136s ]
[ 2016-01-30T00:29:36+08:00 ] /admin.php?m=Order&a=count | SQL: SHOW COLUMNS FROM `gt_project_order` [ RunTime:0.002767s ]
[ 2016-01-30T00:29:36+08:00 ] /admin.php?m=Order&a=count | NOTIC: [8] Undefined variable: group functions.php 第 94 行.
[ 2016-01-30T00:30:19+08:00 ] /admin.php?m=Order&a=count | SQL: SHOW COLUMNS FROM `gt_project_order` [ RunTime:0.002581s ]
[ 2016-01-30T00:30:19+08:00 ] /admin.php?m=Order&a=count | SQL: SELECT COUNT(*) AS `count`,SUM(`money`) AS `money`,SUM(`amount`) AS `gold` FROM `gt_project_order` WHERE `createtime` >= 1454083200 AND `status` >= 1 LIMIT 1  [ RunTime:0.000087s ]
[ 2016-01-30T00:30:19+08:00 ] /admin.php?m=Order&a=count | SQL: SHOW COLUMNS FROM `gt_project_agent` [ RunTime:0.002832s ]
[ 2016-01-30T00:30:19+08:00 ] /admin.php?m=Order&a=count | SQL: SELECT `id`,`cn_name` FROM `gt_project_agent` [ RunTime:0.000133s ]
[ 2016-01-30T00:30:19+08:00 ] /admin.php?m=Order&a=count | SQL: SHOW COLUMNS FROM `gt_project_order` [ RunTime:0.003357s ]
[ 2016-01-30T00:30:19+08:00 ] /admin.php?m=Order&a=count | NOTIC: [8] Undefined variable: group functions.php 第 94 行.
[ 2016-01-30T00:30:21+08:00 ] /admin.php?m=order&a=getCounts&sEcho=1&iColumns=10&sColumns=id%2Cuser%2Cgame_id%2Cserver_id%2Corder_id%2Cmoney%2Camount%2Cstatus%2Ccreatetime%2Coperate&iDisplayStart=0&iDisplayLength=100&mDataProp_0=id&sSearch_0=&bRegex_0=false&bSearchable_0=true&bSortable_0=true&mDataProp_1=user&sSearch_1=&bRegex_1=false&bSearchable_1=true&bSortable_1=true&mDataProp_2=game_id&sSearch_2=&bRegex_2=false&bSearchable_2=true&bSortable_2=true&mDataProp_3=server_id&sSearch_3=&bRegex_3=false&bSearchable_3=true&bSortable_3=true&mDataProp_4=order_id&sSearch_4=&bRegex_4=false&bSearchable_4=true&bSortable_4=true&mDataProp_5=money&sSearch_5=&bRegex_5=false&bSearchable_5=true&bSortable_5=true&mDataProp_6=amount&sSearch_6=&bRegex_6=false&bSearchable_6=true&bSortable_6=true&mDataProp_7=status&sSearch_7=&bRegex_7=false&bSearchable_7=true&bSortable_7=true&mDataProp_8=createtime&sSearch_8=&bRegex_8=false&bSearchable_8=true&bSortable_8=true&mDataProp_9=operate&sSearch_9=&bRegex_9=false&bSearchable_9=true&bSortable_9=false&sSearch=&bRegex=false&iSortCol_0=0&sSortDir_0=asc&iSortingCols=1&_=1454085020259 | ERR: (ThinkException) 非法操作getCounts
[ 2016-01-30T00:30:41+08:00 ] /admin.php?m=Order&a=count | SQL: SHOW COLUMNS FROM `gt_project_order` [ RunTime:0.003214s ]
[ 2016-01-30T00:30:41+08:00 ] /admin.php?m=Order&a=count | SQL: SELECT COUNT(*) AS `count`,SUM(`money`) AS `money`,SUM(`amount`) AS `gold` FROM `gt_project_order` WHERE `createtime` >= 1454083200 AND `status` >= 1 LIMIT 1  [ RunTime:0.000093s ]
[ 2016-01-30T00:30:41+08:00 ] /admin.php?m=Order&a=count | SQL: SHOW COLUMNS FROM `gt_project_agent` [ RunTime:0.002637s ]
[ 2016-01-30T00:30:41+08:00 ] /admin.php?m=Order&a=count | SQL: SELECT `id`,`cn_name` FROM `gt_project_agent` [ RunTime:0.000126s ]
[ 2016-01-30T00:30:41+08:00 ] /admin.php?m=Order&a=count | SQL: SHOW COLUMNS FROM `gt_project_order` [ RunTime:0.002571s ]
[ 2016-01-30T00:30:41+08:00 ] /admin.php?m=Order&a=count | NOTIC: [8] Undefined variable: group functions.php 第 94 行.
[ 2016-01-30T00:30:42+08:00 ] /admin.php?m=order&a=getCounts&sEcho=1&iColumns=10&sColumns=id%2Cuser%2Cgame_id%2Cserver_id%2Corder_id%2Cmoney%2Camount%2Cstatus%2Ccreatetime%2Coperate&iDisplayStart=0&iDisplayLength=100&mDataProp_0=id&sSearch_0=&bRegex_0=false&bSearchable_0=true&bSortable_0=true&mDataProp_1=user&sSearch_1=&bRegex_1=false&bSearchable_1=true&bSortable_1=true&mDataProp_2=game_id&sSearch_2=&bRegex_2=false&bSearchable_2=true&bSortable_2=true&mDataProp_3=server_id&sSearch_3=&bRegex_3=false&bSearchable_3=true&bSortable_3=true&mDataProp_4=order_id&sSearch_4=&bRegex_4=false&bSearchable_4=true&bSortable_4=true&mDataProp_5=money&sSearch_5=&bRegex_5=false&bSearchable_5=true&bSortable_5=true&mDataProp_6=amount&sSearch_6=&bRegex_6=false&bSearchable_6=true&bSortable_6=true&mDataProp_7=status&sSearch_7=&bRegex_7=false&bSearchable_7=true&bSortable_7=true&mDataProp_8=createtime&sSearch_8=&bRegex_8=false&bSearchable_8=true&bSortable_8=true&mDataProp_9=operate&sSearch_9=&bRegex_9=false&bSearchable_9=true&bSortable_9=false&sSearch=&bRegex=false&iSortCol_0=0&sSortDir_0=asc&iSortingCols=1&_=1454085041692 | ERR: (ThinkException) 非法操作getCounts
[ 2016-01-30T00:31:37+08:00 ] /admin.php?m=order&a=getCounts&sEcho=2&iColumns=10&sColumns=id%2Cuser%2Cgame_id%2Cserver_id%2Corder_id%2Cmoney%2Camount%2Cstatus%2Ccreatetime%2Coperate&iDisplayStart=0&iDisplayLength=100&mDataProp_0=id&sSearch_0=&bRegex_0=false&bSearchable_0=true&bSortable_0=true&mDataProp_1=user&sSearch_1=&bRegex_1=false&bSearchable_1=true&bSortable_1=true&mDataProp_2=game_id&sSearch_2=64&bRegex_2=false&bSearchable_2=true&bSortable_2=true&mDataProp_3=server_id&sSearch_3=&bRegex_3=false&bSearchable_3=true&bSortable_3=true&mDataProp_4=order_id&sSearch_4=&bRegex_4=false&bSearchable_4=true&bSortable_4=true&mDataProp_5=money&sSearch_5=&bRegex_5=false&bSearchable_5=true&bSortable_5=true&mDataProp_6=amount&sSearch_6=&bRegex_6=false&bSearchable_6=true&bSortable_6=true&mDataProp_7=status&sSearch_7=&bRegex_7=false&bSearchable_7=true&bSortable_7=true&mDataProp_8=createtime&sSearch_8=&bRegex_8=false&bSearchable_8=true&bSortable_8=true&mDataProp_9=operate&sSearch_9=&bRegex_9=false&bSearchable_9=true&bSortable_9=false&sSearch=&bRegex=false&iSortCol_0=0&sSortDir_0=asc&iSortingCols=1&_=1454085041693 | ERR: (ThinkException) 非法操作getCounts
[ 2016-01-30T00:52:24+08:00 ] /admin.php?m=Order&a=index | SQL: SHOW COLUMNS FROM `gt_project_order` [ RunTime:0.003949s ]
[ 2016-01-30T00:52:24+08:00 ] /admin.php?m=Order&a=index | SQL: SHOW COLUMNS FROM `gt_project_agent` [ RunTime:0.003764s ]
[ 2016-01-30T00:52:24+08:00 ] /admin.php?m=Order&a=index | SQL: SELECT `id`,`cn_name` FROM `gt_project_agent` [ RunTime:0.000303s ]
[ 2016-01-30T00:52:24+08:00 ] /admin.php?m=Order&a=index | NOTIC: [8] Undefined variable: title 44bdf9bb1cd026e60b48bef2cc33a22a.php 第 223 行.
[ 2016-01-30T00:52:24+08:00 ] /admin.php?m=Order&a=index | NOTIC: [8] Undefined variable: title 44bdf9bb1cd026e60b48bef2cc33a22a.php 第 244 行.
[ 2016-01-30T00:52:24+08:00 ] /admin.php?m=Order&a=index | NOTIC: [8] Undefined variable: group functions.php 第 94 行.
[ 2016-01-30T00:52:38+08:00 ] /admin.php?m=Order&a=count | SQL: SHOW COLUMNS FROM `gt_project_order` [ RunTime:0.004008s ]
[ 2016-01-30T00:52:38+08:00 ] /admin.php?m=Order&a=count | SQL: SELECT COUNT(*) AS `count`,SUM(`money`) AS `money`,SUM(`amount`) AS `gold` FROM `gt_project_order` WHERE `createtime` >= 1454083200 AND `status` >= 1 LIMIT 1  [ RunTime:0.000082s ]
[ 2016-01-30T00:52:38+08:00 ] /admin.php?m=Order&a=count | SQL: SHOW COLUMNS FROM `gt_project_agent` [ RunTime:0.003474s ]
[ 2016-01-30T00:52:38+08:00 ] /admin.php?m=Order&a=count | SQL: SELECT `id`,`cn_name` FROM `gt_project_agent` [ RunTime:0.000124s ]
[ 2016-01-30T00:52:38+08:00 ] /admin.php?m=Order&a=count | SQL: SHOW COLUMNS FROM `gt_project_order` [ RunTime:0.002416s ]
[ 2016-01-30T00:52:38+08:00 ] /admin.php?m=Order&a=count | NOTIC: [8] Undefined variable: group functions.php 第 94 行.
[ 2016-01-30T00:53:34+08:00 ] /admin.php?m=Order&a=index | SQL: SHOW COLUMNS FROM `gt_project_order` [ RunTime:0.002643s ]
[ 2016-01-30T00:53:34+08:00 ] /admin.php?m=Order&a=index | SQL: SHOW COLUMNS FROM `gt_project_agent` [ RunTime:0.002551s ]
[ 2016-01-30T00:53:34+08:00 ] /admin.php?m=Order&a=index | SQL: SELECT `id`,`cn_name` FROM `gt_project_agent` [ RunTime:0.000107s ]
[ 2016-01-30T00:53:34+08:00 ] /admin.php?m=Order&a=index | NOTIC: [8] Undefined variable: title 44bdf9bb1cd026e60b48bef2cc33a22a.php 第 223 行.
[ 2016-01-30T00:53:34+08:00 ] /admin.php?m=Order&a=index | NOTIC: [8] Undefined variable: title 44bdf9bb1cd026e60b48bef2cc33a22a.php 第 244 行.
[ 2016-01-30T00:53:34+08:00 ] /admin.php?m=Order&a=index | NOTIC: [8] Undefined variable: group functions.php 第 94 行.
[ 2016-01-30T00:54:31+08:00 ] /admin.php?m=Order&a=count | SQL: SHOW COLUMNS FROM `gt_project_order` [ RunTime:0.003196s ]
[ 2016-01-30T00:54:31+08:00 ] /admin.php?m=Order&a=count | SQL: SELECT COUNT(*) AS `count`,SUM(`money`) AS `money`,SUM(`amount`) AS `gold` FROM `gt_project_order` WHERE `createtime` >= 1454083200 AND `status` >= 1 LIMIT 1  [ RunTime:0.000101s ]
[ 2016-01-30T00:54:31+08:00 ] /admin.php?m=Order&a=count | SQL: SHOW COLUMNS FROM `gt_project_agent` [ RunTime:0.002674s ]
[ 2016-01-30T00:54:31+08:00 ] /admin.php?m=Order&a=count | SQL: SELECT `id`,`cn_name` FROM `gt_project_agent` [ RunTime:0.000127s ]
[ 2016-01-30T00:54:31+08:00 ] /admin.php?m=Order&a=count | SQL: SHOW COLUMNS FROM `gt_project_order` [ RunTime:0.002532s ]
[ 2016-01-30T00:54:31+08:00 ] /admin.php?m=Order&a=count | NOTIC: [8] Undefined variable: group functions.php 第 94 行.
[ 2016-01-30T01:06:19+08:00 ] /admin.php?m=Order&a=count | SQL: SHOW COLUMNS FROM `gt_project_order` [ RunTime:0.003791s ]
[ 2016-01-30T01:06:19+08:00 ] /admin.php?m=Order&a=count | SQL: SELECT COUNT(*) AS `count`,SUM(`money`) AS `money`,SUM(`amount`) AS `gold` FROM `gt_project_order` WHERE `createtime` >= 1454083200 AND `status` >= 1 LIMIT 1  [ RunTime:0.000148s ]
[ 2016-01-30T01:06:19+08:00 ] /admin.php?m=Order&a=count | SQL: SHOW COLUMNS FROM `gt_project_agent` [ RunTime:0.003606s ]
[ 2016-01-30T01:06:19+08:00 ] /admin.php?m=Order&a=count | SQL: SELECT `id`,`cn_name` FROM `gt_project_agent` [ RunTime:0.000191s ]
[ 2016-01-30T01:06:19+08:00 ] /admin.php?m=Order&a=count | SQL: SHOW COLUMNS FROM `gt_project_order` [ RunTime:0.003308s ]
[ 2016-01-30T01:06:19+08:00 ] /admin.php?m=Order&a=count | NOTIC: [8] Undefined variable: group functions.php 第 94 行.
[ 2016-01-30T01:07:39+08:00 ] /admin.php?m=Order&a=count | SQL: SHOW COLUMNS FROM `gt_project_order` [ RunTime:0.002761s ]
[ 2016-01-30T01:07:39+08:00 ] /admin.php?m=Order&a=count | SQL: SELECT COUNT(*) AS `count`,SUM(`money`) AS `money`,SUM(`amount`) AS `gold` FROM `gt_project_order` WHERE `createtime` >= 1454083200 AND `status` >= 1 LIMIT 1  [ RunTime:0.000108s ]
[ 2016-01-30T01:07:39+08:00 ] /admin.php?m=Order&a=count | SQL: SHOW COLUMNS FROM `gt_project_agent` [ RunTime:0.002726s ]
[ 2016-01-30T01:07:39+08:00 ] /admin.php?m=Order&a=count | SQL: SELECT `id`,`cn_name` FROM `gt_project_agent` [ RunTime:0.000145s ]
[ 2016-01-30T01:07:39+08:00 ] /admin.php?m=Order&a=count | SQL: SHOW COLUMNS FROM `gt_project_order` [ RunTime:0.002901s ]
[ 2016-01-30T01:07:39+08:00 ] /admin.php?m=Order&a=count | NOTIC: [8] Undefined variable: group functions.php 第 94 行.
[ 2016-01-30T01:08:00+08:00 ] /admin.php?m=Order&a=count | SQL: SHOW COLUMNS FROM `gt_project_order` [ RunTime:0.003162s ]
[ 2016-01-30T01:08:00+08:00 ] /admin.php?m=Order&a=count | SQL: SELECT COUNT(*) AS `count`,SUM(`money`) AS `money`,SUM(`amount`) AS `gold` FROM `gt_project_order` WHERE `createtime` >= 1454083200 AND `status` >= 1 LIMIT 1  [ RunTime:0.000098s ]
[ 2016-01-30T01:08:00+08:00 ] /admin.php?m=Order&a=count | SQL: SHOW COLUMNS FROM `gt_project_agent` [ RunTime:0.002887s ]
[ 2016-01-30T01:08:00+08:00 ] /admin.php?m=Order&a=count | SQL: SELECT `id`,`cn_name` FROM `gt_project_agent` [ RunTime:0.000146s ]
[ 2016-01-30T01:08:00+08:00 ] /admin.php?m=Order&a=count | SQL: SHOW COLUMNS FROM `gt_project_order` [ RunTime:0.002881s ]
[ 2016-01-30T01:08:00+08:00 ] /admin.php?m=Order&a=count | NOTIC: [8] Undefined variable: group functions.php 第 94 行.
[ 2016-01-30T01:09:41+08:00 ] /admin.php?m=Order&a=count | SQL: SHOW COLUMNS FROM `gt_project_order` [ RunTime:0.002886s ]
[ 2016-01-30T01:09:41+08:00 ] /admin.php?m=Order&a=count | SQL: SELECT COUNT(*) AS `count`,SUM(`money`) AS `money`,SUM(`amount`) AS `gold` FROM `gt_project_order` WHERE `createtime` >= 1454083200 AND `status` >= 1 LIMIT 1  [ RunTime:0.000148s ]
[ 2016-01-30T01:09:41+08:00 ] /admin.php?m=Order&a=count | SQL: SHOW COLUMNS FROM `gt_project_agent` [ RunTime:0.002766s ]
[ 2016-01-30T01:09:41+08:00 ] /admin.php?m=Order&a=count | SQL: SELECT `id`,`cn_name` FROM `gt_project_agent` [ RunTime:0.000146s ]
[ 2016-01-30T01:09:41+08:00 ] /admin.php?m=Order&a=count | SQL: SHOW COLUMNS FROM `gt_project_order` [ RunTime:0.002498s ]
[ 2016-01-30T01:09:41+08:00 ] /admin.php?m=Order&a=count | NOTIC: [8] Undefined variable: group functions.php 第 94 行.
[ 2016-01-30T01:12:01+08:00 ] /admin.php?m=Order&a=count | SQL: SHOW COLUMNS FROM `gt_project_order` [ RunTime:0.002835s ]
[ 2016-01-30T01:12:01+08:00 ] /admin.php?m=Order&a=count | SQL: SELECT COUNT(*) AS `count`,SUM(`money`) AS `money`,SUM(`amount`) AS `gold` FROM `gt_project_order` WHERE `createtime` >= 1454083200 AND `status` >= 1 LIMIT 1  [ RunTime:0.000134s ]
[ 2016-01-30T01:12:01+08:00 ] /admin.php?m=Order&a=count | SQL: SHOW COLUMNS FROM `gt_project_agent` [ RunTime:0.002843s ]
[ 2016-01-30T01:12:01+08:00 ] /admin.php?m=Order&a=count | SQL: SELECT `id`,`cn_name` FROM `gt_project_agent` [ RunTime:0.000148s ]
[ 2016-01-30T01:12:01+08:00 ] /admin.php?m=Order&a=count | SQL: SHOW COLUMNS FROM `gt_project_order` [ RunTime:0.002570s ]
[ 2016-01-30T01:12:01+08:00 ] /admin.php?m=Order&a=count | NOTIC: [8] Undefined variable: group functions.php 第 94 行.
[ 2016-01-30T01:12:53+08:00 ] /admin.php?m=Order&a=count | SQL: SHOW COLUMNS FROM `gt_project_order` [ RunTime:0.002894s ]
[ 2016-01-30T01:12:53+08:00 ] /admin.php?m=Order&a=count | SQL: SELECT COUNT(*) AS `count`,SUM(`money`) AS `money`,SUM(`amount`) AS `gold` FROM `gt_project_order` WHERE `createtime` >= 1454083200 AND `status` >= 1 LIMIT 1  [ RunTime:0.000112s ]
[ 2016-01-30T01:12:53+08:00 ] /admin.php?m=Order&a=count | SQL: SHOW COLUMNS FROM `gt_project_agent` [ RunTime:0.002746s ]
[ 2016-01-30T01:12:53+08:00 ] /admin.php?m=Order&a=count | SQL: SELECT `id`,`cn_name` FROM `gt_project_agent` [ RunTime:0.000112s ]
[ 2016-01-30T01:12:53+08:00 ] /admin.php?m=Order&a=count | SQL: SHOW COLUMNS FROM `gt_project_order` [ RunTime:0.002753s ]
[ 2016-01-30T01:12:53+08:00 ] /admin.php?m=Order&a=count | NOTIC: [8] Undefined variable: group functions.php 第 94 行.
[ 2016-01-30T01:14:34+08:00 ] /admin.php?m=Order&a=count | SQL: SHOW COLUMNS FROM `gt_project_order` [ RunTime:0.002577s ]
[ 2016-01-30T01:14:34+08:00 ] /admin.php?m=Order&a=count | SQL: SELECT COUNT(*) AS `count`,SUM(`money`) AS `money`,SUM(`amount`) AS `gold` FROM `gt_project_order` WHERE `createtime` >= 1454083200 AND `status` >= 1 LIMIT 1  [ RunTime:0.000108s ]
[ 2016-01-30T01:14:34+08:00 ] /admin.php?m=Order&a=count | SQL: SHOW COLUMNS FROM `gt_project_agent` [ RunTime:0.002782s ]
[ 2016-01-30T01:14:34+08:00 ] /admin.php?m=Order&a=count | SQL: SELECT `id`,`cn_name` FROM `gt_project_agent` [ RunTime:0.000121s ]
[ 2016-01-30T01:14:34+08:00 ] /admin.php?m=Order&a=count | SQL: SHOW COLUMNS FROM `gt_project_order` [ RunTime:0.003524s ]
[ 2016-01-30T01:14:34+08:00 ] /admin.php?m=Order&a=count | NOTIC: [8] Undefined variable: group functions.php 第 94 行.
[ 2016-01-30T01:18:40+08:00 ] /admin.php?m=Order&a=count | SQL: SHOW COLUMNS FROM `gt_project_order` [ RunTime:0.002671s ]
[ 2016-01-30T01:18:40+08:00 ] /admin.php?m=Order&a=count | SQL: SELECT COUNT(*) AS `count`,SUM(`money`) AS `money`,SUM(`amount`) AS `gold` FROM `gt_project_order` WHERE `createtime` >= 1454083200 AND `status` >= 1 LIMIT 1  [ RunTime:0.000106s ]
[ 2016-01-30T01:18:40+08:00 ] /admin.php?m=Order&a=count | SQL: SHOW COLUMNS FROM `gt_project_agent` [ RunTime:0.002750s ]
[ 2016-01-30T01:18:40+08:00 ] /admin.php?m=Order&a=count | SQL: SELECT `id`,`cn_name` FROM `gt_project_agent` [ RunTime:0.000127s ]
[ 2016-01-30T01:18:40+08:00 ] /admin.php?m=Order&a=count | SQL: SHOW COLUMNS FROM `gt_project_order` [ RunTime:0.002419s ]
[ 2016-01-30T01:18:40+08:00 ] /admin.php?m=Order&a=count | NOTIC: [8] Undefined variable: group functions.php 第 94 行.
[ 2016-01-30T01:28:34+08:00 ] /admin.php?m=Order&a=count | SQL: SHOW COLUMNS FROM `gt_project_order` [ RunTime:0.003290s ]
[ 2016-01-30T01:28:34+08:00 ] /admin.php?m=Order&a=count | SQL: SELECT COUNT(*) AS `count`,SUM(`money`) AS `money`,SUM(`amount`) AS `gold` FROM `gt_project_order` WHERE `createtime` >= 1454083200 AND `status` >= 1 LIMIT 1  [ RunTime:0.000084s ]
[ 2016-01-30T01:28:34+08:00 ] /admin.php?m=Order&a=count | SQL: SHOW COLUMNS FROM `gt_project_agent` [ RunTime:0.002922s ]
[ 2016-01-30T01:28:34+08:00 ] /admin.php?m=Order&a=count | SQL: SELECT `id`,`cn_name` FROM `gt_project_agent` [ RunTime:0.000120s ]
[ 2016-01-30T01:28:34+08:00 ] /admin.php?m=Order&a=count | SQL: SHOW COLUMNS FROM `gt_project_order` [ RunTime:0.002383s ]
[ 2016-01-30T01:28:34+08:00 ] /admin.php?m=Order&a=count | NOTIC: [8] Undefined variable: group functions.php 第 94 行.
[ 2016-01-30T01:28:41+08:00 ] /admin.php?m=order&a=setCounts&sSearch=&sSearch_2=&sSearch_3=&sSearch_4=2016-01-01&sSearch_5= | ERR: (ThinkException) 非法操作setCounts
[ 2016-01-30T01:31:53+08:00 ] /admin.php?m=Order&a=count | SQL: SHOW COLUMNS FROM `gt_project_order` [ RunTime:0.002693s ]
[ 2016-01-30T01:31:53+08:00 ] /admin.php?m=Order&a=count | SQL: SELECT COUNT(*) AS `count`,SUM(`money`) AS `money`,SUM(`amount`) AS `gold` FROM `gt_project_order` WHERE `createtime` >= 1454083200 AND `status` >= 1 LIMIT 1  [ RunTime:0.000110s ]
[ 2016-01-30T01:31:53+08:00 ] /admin.php?m=Order&a=count | SQL: SHOW COLUMNS FROM `gt_project_agent` [ RunTime:0.002623s ]
[ 2016-01-30T01:31:53+08:00 ] /admin.php?m=Order&a=count | SQL: SELECT `id`,`cn_name` FROM `gt_project_agent` [ RunTime:0.000155s ]
[ 2016-01-30T01:31:53+08:00 ] /admin.php?m=Order&a=count | SQL: SHOW COLUMNS FROM `gt_project_order` [ RunTime:0.003110s ]
[ 2016-01-30T01:31:53+08:00 ] /admin.php?m=Order&a=count | NOTIC: [8] Undefined variable: group functions.php 第 94 行.
[ 2016-01-30T01:36:40+08:00 ] /admin.php?m=Order&a=count | SQL: SHOW COLUMNS FROM `gt_project_order` [ RunTime:0.002996s ]
[ 2016-01-30T01:36:40+08:00 ] /admin.php?m=Order&a=count | SQL: SELECT COUNT(*) AS `count`,SUM(`money`) AS `money`,SUM(`amount`) AS `gold` FROM `gt_project_order` WHERE `createtime` >= 1454083200 AND `status` >= 1 LIMIT 1  [ RunTime:0.000151s ]
[ 2016-01-30T01:36:40+08:00 ] /admin.php?m=Order&a=count | SQL: SHOW COLUMNS FROM `gt_project_agent` [ RunTime:0.002769s ]
[ 2016-01-30T01:36:40+08:00 ] /admin.php?m=Order&a=count | SQL: SELECT `id`,`cn_name` FROM `gt_project_agent` [ RunTime:0.000170s ]
[ 2016-01-30T01:36:40+08:00 ] /admin.php?m=Order&a=count | SQL: SHOW COLUMNS FROM `gt_project_order` [ RunTime:0.002571s ]
[ 2016-01-30T01:36:40+08:00 ] /admin.php?m=Order&a=count | NOTIC: [8] Undefined variable: group functions.php 第 94 行.
[ 2016-01-30T01:38:13+08:00 ] /admin.php?m=Order&a=count | SQL: SHOW COLUMNS FROM `gt_project_order` [ RunTime:0.003434s ]
[ 2016-01-30T01:38:13+08:00 ] /admin.php?m=Order&a=count | SQL: SELECT COUNT(*) AS `count`,SUM(`money`) AS `money`,SUM(`amount`) AS `gold` FROM `gt_project_order` WHERE `createtime` >= 1454083200 AND `status` >= 1 LIMIT 1  [ RunTime:0.000085s ]
[ 2016-01-30T01:38:13+08:00 ] /admin.php?m=Order&a=count | SQL: SHOW COLUMNS FROM `gt_project_agent` [ RunTime:0.002644s ]
[ 2016-01-30T01:38:13+08:00 ] /admin.php?m=Order&a=count | SQL: SELECT `id`,`cn_name` FROM `gt_project_agent` [ RunTime:0.000161s ]
[ 2016-01-30T01:38:13+08:00 ] /admin.php?m=Order&a=count | SQL: SHOW COLUMNS FROM `gt_project_order` [ RunTime:0.002614s ]
[ 2016-01-30T01:38:13+08:00 ] /admin.php?m=Order&a=count | NOTIC: [8] Undefined variable: group functions.php 第 94 行.
[ 2016-01-30T01:39:34+08:00 ] /admin.php?m=Order&a=count | SQL: SHOW COLUMNS FROM `gt_project_order` [ RunTime:0.002746s ]
[ 2016-01-30T01:39:34+08:00 ] /admin.php?m=Order&a=count | SQL: SELECT COUNT(*) AS `count`,SUM(`money`) AS `money`,SUM(`amount`) AS `gold` FROM `gt_project_order` WHERE `createtime` >= 1454083200 AND `status` >= 1 LIMIT 1  [ RunTime:0.000128s ]
[ 2016-01-30T01:39:34+08:00 ] /admin.php?m=Order&a=count | SQL: SHOW COLUMNS FROM `gt_project_agent` [ RunTime:0.002930s ]
[ 2016-01-30T01:39:34+08:00 ] /admin.php?m=Order&a=count | SQL: SELECT `id`,`cn_name` FROM `gt_project_agent` [ RunTime:0.000156s ]
[ 2016-01-30T01:39:34+08:00 ] /admin.php?m=Order&a=count | SQL: SHOW COLUMNS FROM `gt_project_order` [ RunTime:0.002560s ]
[ 2016-01-30T01:39:34+08:00 ] /admin.php?m=Order&a=count | NOTIC: [8] Undefined variable: group functions.php 第 94 行.
[ 2016-01-30T01:42:08+08:00 ] /admin.php?m=Order&a=count | SQL: SHOW COLUMNS FROM `gt_project_order` [ RunTime:0.003107s ]
[ 2016-01-30T01:42:08+08:00 ] /admin.php?m=Order&a=count | SQL: SELECT COUNT(*) AS `count`,SUM(`money`) AS `money`,SUM(`amount`) AS `gold` FROM `gt_project_order` WHERE `createtime` >= 1454083200 AND `status` >= 1 LIMIT 1  [ RunTime:0.000101s ]
[ 2016-01-30T01:42:08+08:00 ] /admin.php?m=Order&a=count | SQL: SHOW COLUMNS FROM `gt_project_agent` [ RunTime:0.003131s ]
[ 2016-01-30T01:42:08+08:00 ] /admin.php?m=Order&a=count | SQL: SELECT `id`,`cn_name` FROM `gt_project_agent` [ RunTime:0.000164s ]
[ 2016-01-30T01:42:08+08:00 ] /admin.php?m=Order&a=count | SQL: SHOW COLUMNS FROM `gt_project_order` [ RunTime:0.003055s ]
[ 2016-01-30T01:42:08+08:00 ] /admin.php?m=Order&a=count | NOTIC: [8] Undefined variable: group functions.php 第 94 行.
[ 2016-01-30T01:42:40+08:00 ] /admin.php?m=Order&a=count | SQL: SHOW COLUMNS FROM `gt_project_order` [ RunTime:0.003610s ]
[ 2016-01-30T01:42:40+08:00 ] /admin.php?m=Order&a=count | SQL: SELECT COUNT(*) AS `count`,SUM(`money`) AS `money`,SUM(`amount`) AS `gold` FROM `gt_project_order` WHERE `createtime` >= 1454083200 AND `status` >= 1 LIMIT 1  [ RunTime:0.000095s ]
[ 2016-01-30T01:42:40+08:00 ] /admin.php?m=Order&a=count | SQL: SHOW COLUMNS FROM `gt_project_agent` [ RunTime:0.002890s ]
[ 2016-01-30T01:42:40+08:00 ] /admin.php?m=Order&a=count | SQL: SELECT `id`,`cn_name` FROM `gt_project_agent` [ RunTime:0.000132s ]
[ 2016-01-30T01:42:40+08:00 ] /admin.php?m=Order&a=count | SQL: SHOW COLUMNS FROM `gt_project_order` [ RunTime:0.002605s ]
[ 2016-01-30T01:42:40+08:00 ] /admin.php?m=Order&a=count | NOTIC: [8] Undefined variable: group functions.php 第 94 行.
[ 2016-01-30T01:45:16+08:00 ] /admin.php?m=Order&a=count | SQL: SHOW COLUMNS FROM `gt_project_order` [ RunTime:0.004210s ]
[ 2016-01-30T01:45:16+08:00 ] /admin.php?m=Order&a=count | SQL: SELECT COUNT(*) AS `count`,SUM(`money`) AS `money`,SUM(`amount`) AS `gold` FROM `gt_project_order` WHERE `createtime` >= 1454083200 AND `status` >= 1 LIMIT 1  [ RunTime:0.000142s ]
[ 2016-01-30T01:45:16+08:00 ] /admin.php?m=Order&a=count | SQL: SHOW COLUMNS FROM `gt_project_agent` [ RunTime:0.004032s ]
[ 2016-01-30T01:45:16+08:00 ] /admin.php?m=Order&a=count | SQL: SELECT `id`,`cn_name` FROM `gt_project_agent` [ RunTime:0.000197s ]
[ 2016-01-30T01:45:16+08:00 ] /admin.php?m=Order&a=count | SQL: SHOW COLUMNS FROM `gt_project_order` [ RunTime:0.004045s ]
[ 2016-01-30T01:45:16+08:00 ] /admin.php?m=Order&a=count | NOTIC: [8] Undefined variable: group functions.php 第 94 行.
[ 2016-01-30T01:46:52+08:00 ] /admin.php?m=Order&a=count | SQL: SHOW COLUMNS FROM `gt_project_order` [ RunTime:0.002682s ]
[ 2016-01-30T01:46:52+08:00 ] /admin.php?m=Order&a=count | SQL: SELECT COUNT(*) AS `count`,SUM(`money`) AS `money`,SUM(`amount`) AS `gold` FROM `gt_project_order` WHERE `createtime` >= 1454083200 AND `status` >= 1 LIMIT 1  [ RunTime:0.000128s ]
[ 2016-01-30T01:46:52+08:00 ] /admin.php?m=Order&a=count | SQL: SHOW COLUMNS FROM `gt_project_agent` [ RunTime:0.002947s ]
[ 2016-01-30T01:46:52+08:00 ] /admin.php?m=Order&a=count | SQL: SELECT `id`,`cn_name` FROM `gt_project_agent` [ RunTime:0.000197s ]
[ 2016-01-30T01:46:52+08:00 ] /admin.php?m=Order&a=count | SQL: SHOW COLUMNS FROM `gt_project_order` [ RunTime:0.002523s ]
[ 2016-01-30T01:46:52+08:00 ] /admin.php?m=Order&a=count | NOTIC: [8] Undefined variable: group functions.php 第 94 行.
[ 2016-01-30T01:51:10+08:00 ] /admin.php?m=Order&a=count | SQL: SHOW COLUMNS FROM `gt_project_order` [ RunTime:0.002689s ]
[ 2016-01-30T01:51:10+08:00 ] /admin.php?m=Order&a=count | SQL: SELECT COUNT(*) AS `count`,SUM(`money`) AS `money`,SUM(`amount`) AS `gold` FROM `gt_project_order` WHERE `createtime` >= 1454083200 AND `status` >= 1 LIMIT 1  [ RunTime:0.000129s ]
[ 2016-01-30T01:51:10+08:00 ] /admin.php?m=Order&a=count | SQL: SHOW COLUMNS FROM `gt_project_agent` [ RunTime:0.003049s ]
[ 2016-01-30T01:51:10+08:00 ] /admin.php?m=Order&a=count | SQL: SELECT `id`,`cn_name` FROM `gt_project_agent` [ RunTime:0.000147s ]
[ 2016-01-30T01:51:10+08:00 ] /admin.php?m=Order&a=count | SQL: SHOW COLUMNS FROM `gt_project_order` [ RunTime:0.002545s ]
[ 2016-01-30T01:51:10+08:00 ] /admin.php?m=Order&a=count | NOTIC: [8] Undefined variable: group functions.php 第 94 行.
[ 2016-01-30T10:36:36+08:00 ] /admin.php | NOTIC: [8] Undefined variable: group functions.php 第 94 行.
[ 2016-01-30T10:36:50+08:00 ] /admin.php?m=Index&a=index | NOTIC: [8] Undefined variable: group functions.php 第 94 行.
[ 2016-01-30T10:36:53+08:00 ] /admin.php?m=Order&a=count | SQL: SHOW COLUMNS FROM `gt_project_order` [ RunTime:0.020719s ]
[ 2016-01-30T10:36:53+08:00 ] /admin.php?m=Order&a=count | SQL: SELECT COUNT(*) AS `count`,SUM(`money`) AS `money`,SUM(`amount`) AS `gold` FROM `gt_project_order` WHERE `createtime` >= 1454083200 AND `status` >= 1 LIMIT 1  [ RunTime:0.000384s ]
[ 2016-01-30T10:36:53+08:00 ] /admin.php?m=Order&a=count | SQL: SHOW COLUMNS FROM `gt_project_agent` [ RunTime:0.002615s ]
[ 2016-01-30T10:36:53+08:00 ] /admin.php?m=Order&a=count | SQL: SELECT `id`,`cn_name` FROM `gt_project_agent` [ RunTime:0.000248s ]
[ 2016-01-30T10:36:53+08:00 ] /admin.php?m=Order&a=count | SQL: SHOW COLUMNS FROM `gt_project_order` [ RunTime:0.002956s ]
[ 2016-01-30T10:36:53+08:00 ] /admin.php?m=Order&a=count | NOTIC: [8] Undefined variable: group functions.php 第 94 行.
[ 2016-01-30T10:37:40+08:00 ] /admin.php?m=Order&a=count | SQL: SHOW COLUMNS FROM `gt_project_order` [ RunTime:0.003972s ]
[ 2016-01-30T10:37:40+08:00 ] /admin.php?m=Order&a=count | SQL: SELECT COUNT(*) AS `count`,SUM(`money`) AS `money`,SUM(`amount`) AS `gold` FROM `gt_project_order` WHERE `createtime` >= 1454083200 AND `status` >= 1 LIMIT 1  [ RunTime:0.000169s ]
[ 2016-01-30T10:37:40+08:00 ] /admin.php?m=Order&a=count | SQL: SHOW COLUMNS FROM `gt_project_agent` [ RunTime:0.004287s ]
[ 2016-01-30T10:37:40+08:00 ] /admin.php?m=Order&a=count | SQL: SELECT `id`,`cn_name` FROM `gt_project_agent` [ RunTime:0.000168s ]
[ 2016-01-30T10:37:40+08:00 ] /admin.php?m=Order&a=count | SQL: SHOW COLUMNS FROM `gt_project_order` [ RunTime:0.002443s ]
[ 2016-01-30T10:37:40+08:00 ] /admin.php?m=Order&a=count | NOTIC: [8] Undefined variable: group functions.php 第 94 行.
[ 2016-01-30T10:39:08+08:00 ] /admin.php?m=Order&a=index | SQL: SHOW COLUMNS FROM `gt_project_order` [ RunTime:0.002559s ]
[ 2016-01-30T10:39:08+08:00 ] /admin.php?m=Order&a=index | SQL: SHOW COLUMNS FROM `gt_project_agent` [ RunTime:0.002509s ]
[ 2016-01-30T10:39:08+08:00 ] /admin.php?m=Order&a=index | SQL: SELECT `id`,`cn_name` FROM `gt_project_agent` [ RunTime:0.000123s ]
[ 2016-01-30T10:39:09+08:00 ] /admin.php?m=Order&a=index | NOTIC: [8] Undefined variable: title 44bdf9bb1cd026e60b48bef2cc33a22a.php 第 223 行.
[ 2016-01-30T10:39:09+08:00 ] /admin.php?m=Order&a=index | NOTIC: [8] Undefined variable: title 44bdf9bb1cd026e60b48bef2cc33a22a.php 第 244 行.
[ 2016-01-30T10:39:09+08:00 ] /admin.php?m=Order&a=index | NOTIC: [8] Undefined variable: group functions.php 第 94 行.
[ 2016-01-30T10:39:11+08:00 ] /admin.php?m=Order&a=count | SQL: SHOW COLUMNS FROM `gt_project_order` [ RunTime:0.003376s ]
[ 2016-01-30T10:39:11+08:00 ] /admin.php?m=Order&a=count | SQL: SELECT COUNT(*) AS `count`,SUM(`money`) AS `money`,SUM(`amount`) AS `gold` FROM `gt_project_order` WHERE `createtime` >= 1454083200 AND `status` >= 1 LIMIT 1  [ RunTime:0.000134s ]
[ 2016-01-30T10:39:11+08:00 ] /admin.php?m=Order&a=count | SQL: SHOW COLUMNS FROM `gt_project_agent` [ RunTime:0.002985s ]
[ 2016-01-30T10:39:11+08:00 ] /admin.php?m=Order&a=count | SQL: SELECT `id`,`cn_name` FROM `gt_project_agent` [ RunTime:0.000171s ]
[ 2016-01-30T10:39:11+08:00 ] /admin.php?m=Order&a=count | SQL: SHOW COLUMNS FROM `gt_project_order` [ RunTime:0.002709s ]
[ 2016-01-30T10:39:11+08:00 ] /admin.php?m=Order&a=count | NOTIC: [8] Undefined variable: group functions.php 第 94 行.
[ 2016-01-30T10:39:39+08:00 ] /admin.php?m=Order&a=index | SQL: SHOW COLUMNS FROM `gt_project_order` [ RunTime:0.002498s ]
[ 2016-01-30T10:39:39+08:00 ] /admin.php?m=Order&a=index | SQL: SHOW COLUMNS FROM `gt_project_agent` [ RunTime:0.002675s ]
[ 2016-01-30T10:39:39+08:00 ] /admin.php?m=Order&a=index | SQL: SELECT `id`,`cn_name` FROM `gt_project_agent` [ RunTime:0.000146s ]
[ 2016-01-30T10:39:39+08:00 ] /admin.php?m=Order&a=index | NOTIC: [8] Undefined variable: title 44bdf9bb1cd026e60b48bef2cc33a22a.php 第 223 行.
[ 2016-01-30T10:39:39+08:00 ] /admin.php?m=Order&a=index | NOTIC: [8] Undefined variable: title 44bdf9bb1cd026e60b48bef2cc33a22a.php 第 244 行.
[ 2016-01-30T10:39:39+08:00 ] /admin.php?m=Order&a=index | NOTIC: [8] Undefined variable: group functions.php 第 94 行.
[ 2016-01-30T10:48:09+08:00 ] /admin.php?m=Order&a=index | SQL: SHOW COLUMNS FROM `gt_project_order` [ RunTime:0.003499s ]
[ 2016-01-30T10:48:09+08:00 ] /admin.php?m=Order&a=index | SQL: SHOW COLUMNS FROM `gt_project_agent` [ RunTime:0.003867s ]
[ 2016-01-30T10:48:09+08:00 ] /admin.php?m=Order&a=index | SQL: SELECT `id`,`cn_name` FROM `gt_project_agent` [ RunTime:0.000230s ]
[ 2016-01-30T10:48:09+08:00 ] /admin.php?m=Order&a=index | NOTIC: [8] Undefined variable: title 44bdf9bb1cd026e60b48bef2cc33a22a.php 第 223 行.
[ 2016-01-30T10:48:09+08:00 ] /admin.php?m=Order&a=index | NOTIC: [8] Undefined variable: title 44bdf9bb1cd026e60b48bef2cc33a22a.php 第 244 行.
[ 2016-01-30T10:48:09+08:00 ] /admin.php?m=Order&a=index | NOTIC: [8] Undefined variable: group functions.php 第 94 行.
[ 2016-01-30T10:49:02+08:00 ] /admin.php?m=Order&a=index | SQL: SHOW COLUMNS FROM `gt_project_order` [ RunTime:0.003068s ]
[ 2016-01-30T10:49:02+08:00 ] /admin.php?m=Order&a=index | SQL: SHOW COLUMNS FROM `gt_project_agent` [ RunTime:0.002565s ]
[ 2016-01-30T10:49:02+08:00 ] /admin.php?m=Order&a=index | SQL: SELECT `id`,`cn_name` FROM `gt_project_agent` [ RunTime:0.000135s ]
[ 2016-01-30T10:49:02+08:00 ] /admin.php?m=Order&a=index | NOTIC: [8] Undefined variable: title 44bdf9bb1cd026e60b48bef2cc33a22a.php 第 223 行.
[ 2016-01-30T10:49:02+08:00 ] /admin.php?m=Order&a=index | NOTIC: [8] Undefined variable: title 44bdf9bb1cd026e60b48bef2cc33a22a.php 第 244 行.
[ 2016-01-30T10:49:02+08:00 ] /admin.php?m=Order&a=index | NOTIC: [8] Undefined variable: group functions.php 第 94 行.
[ 2016-01-30T10:52:08+08:00 ] /admin.php?m=Order&a=index | SQL: SHOW COLUMNS FROM `gt_project_order` [ RunTime:0.002657s ]
[ 2016-01-30T10:52:08+08:00 ] /admin.php?m=Order&a=index | SQL: SHOW COLUMNS FROM `gt_project_agent` [ RunTime:0.002649s ]
[ 2016-01-30T10:52:08+08:00 ] /admin.php?m=Order&a=index | SQL: SELECT `id`,`cn_name` FROM `gt_project_agent` [ RunTime:0.000165s ]
[ 2016-01-30T10:52:08+08:00 ] /admin.php?m=Order&a=index | NOTIC: [8] Undefined variable: title 44bdf9bb1cd026e60b48bef2cc33a22a.php 第 229 行.
[ 2016-01-30T10:52:08+08:00 ] /admin.php?m=Order&a=index | NOTIC: [8] Undefined variable: title 44bdf9bb1cd026e60b48bef2cc33a22a.php 第 250 行.
[ 2016-01-30T10:52:08+08:00 ] /admin.php?m=Order&a=index | NOTIC: [8] Undefined variable: group functions.php 第 94 行.
[ 2016-01-30T10:53:54+08:00 ] /admin.php?m=Order&a=index | SQL: SHOW COLUMNS FROM `gt_project_order` [ RunTime:0.002566s ]
[ 2016-01-30T10:53:54+08:00 ] /admin.php?m=Order&a=index | SQL: SHOW COLUMNS FROM `gt_project_agent` [ RunTime:0.002576s ]
[ 2016-01-30T10:53:54+08:00 ] /admin.php?m=Order&a=index | SQL: SELECT `id`,`cn_name` FROM `gt_project_agent` [ RunTime:0.000146s ]
[ 2016-01-30T10:53:54+08:00 ] /admin.php?m=Order&a=index | NOTIC: [8] Undefined variable: title 44bdf9bb1cd026e60b48bef2cc33a22a.php 第 229 行.
[ 2016-01-30T10:53:54+08:00 ] /admin.php?m=Order&a=index | NOTIC: [8] Undefined variable: title 44bdf9bb1cd026e60b48bef2cc33a22a.php 第 250 行.
[ 2016-01-30T10:53:54+08:00 ] /admin.php?m=Order&a=index | NOTIC: [8] Undefined variable: group functions.php 第 94 行.
[ 2016-01-30T11:03:03+08:00 ] /admin.php?m=Order&a=index | SQL: SHOW COLUMNS FROM `gt_project_order` [ RunTime:0.002920s ]
[ 2016-01-30T11:03:03+08:00 ] /admin.php?m=Order&a=index | SQL: SHOW COLUMNS FROM `gt_project_agent` [ RunTime:0.002694s ]
[ 2016-01-30T11:03:03+08:00 ] /admin.php?m=Order&a=index | SQL: SELECT `id`,`cn_name` FROM `gt_project_agent` [ RunTime:0.000115s ]
[ 2016-01-30T11:03:03+08:00 ] /admin.php?m=Order&a=index | NOTIC: [8] Undefined variable: title 44bdf9bb1cd026e60b48bef2cc33a22a.php 第 230 行.
[ 2016-01-30T11:03:03+08:00 ] /admin.php?m=Order&a=index | NOTIC: [8] Undefined variable: title 44bdf9bb1cd026e60b48bef2cc33a22a.php 第 251 行.
[ 2016-01-30T11:03:03+08:00 ] /admin.php?m=Order&a=index | NOTIC: [8] Undefined variable: group functions.php 第 94 行.
[ 2016-01-30T11:07:23+08:00 ] /admin.php?m=Order&a=index | SQL: SHOW COLUMNS FROM `gt_project_order` [ RunTime:0.002940s ]
[ 2016-01-30T11:07:23+08:00 ] /admin.php?m=Order&a=index | SQL: SHOW COLUMNS FROM `gt_project_agent` [ RunTime:0.003008s ]
[ 2016-01-30T11:07:23+08:00 ] /admin.php?m=Order&a=index | SQL: SELECT `id`,`cn_name` FROM `gt_project_agent` [ RunTime:0.000161s ]
[ 2016-01-30T11:07:23+08:00 ] /admin.php?m=Order&a=index | NOTIC: [8] Undefined variable: title 44bdf9bb1cd026e60b48bef2cc33a22a.php 第 230 行.
[ 2016-01-30T11:07:23+08:00 ] /admin.php?m=Order&a=index | NOTIC: [8] Undefined variable: title 44bdf9bb1cd026e60b48bef2cc33a22a.php 第 251 行.
[ 2016-01-30T11:07:23+08:00 ] /admin.php?m=Order&a=index | NOTIC: [8] Undefined variable: group functions.php 第 94 行.
[ 2016-01-30T11:11:37+08:00 ] /admin.php?m=Order&a=index | SQL: SHOW COLUMNS FROM `gt_project_order` [ RunTime:0.002632s ]
[ 2016-01-30T11:11:37+08:00 ] /admin.php?m=Order&a=index | SQL: SHOW COLUMNS FROM `gt_project_agent` [ RunTime:0.002508s ]
[ 2016-01-30T11:11:37+08:00 ] /admin.php?m=Order&a=index | SQL: SELECT `id`,`cn_name` FROM `gt_project_agent` [ RunTime:0.000145s ]
[ 2016-01-30T11:11:37+08:00 ] /admin.php?m=Order&a=index | NOTIC: [8] Undefined variable: title 44bdf9bb1cd026e60b48bef2cc33a22a.php 第 230 行.
[ 2016-01-30T11:11:37+08:00 ] /admin.php?m=Order&a=index | NOTIC: [8] Undefined variable: title 44bdf9bb1cd026e60b48bef2cc33a22a.php 第 251 行.
[ 2016-01-30T11:11:37+08:00 ] /admin.php?m=Order&a=index | NOTIC: [8] Undefined variable: group functions.php 第 94 行.
[ 2016-01-30T11:12:07+08:00 ] /admin.php?m=Order&a=count | SQL: SHOW COLUMNS FROM `gt_project_order` [ RunTime:0.002642s ]
[ 2016-01-30T11:12:07+08:00 ] /admin.php?m=Order&a=count | SQL: SELECT COUNT(*) AS `count`,SUM(`money`) AS `money`,SUM(`amount`) AS `gold` FROM `gt_project_order` WHERE `createtime` >= 1454083200 AND `status` >= 1 LIMIT 1  [ RunTime:0.000149s ]
[ 2016-01-30T11:12:07+08:00 ] /admin.php?m=Order&a=count | SQL: SHOW COLUMNS FROM `gt_project_agent` [ RunTime:0.003139s ]
[ 2016-01-30T11:12:07+08:00 ] /admin.php?m=Order&a=count | SQL: SELECT `id`,`cn_name` FROM `gt_project_agent` [ RunTime:0.000140s ]
[ 2016-01-30T11:12:07+08:00 ] /admin.php?m=Order&a=count | SQL: SHOW COLUMNS FROM `gt_project_order` [ RunTime:0.002507s ]
[ 2016-01-30T11:12:07+08:00 ] /admin.php?m=Order&a=count | NOTIC: [8] Undefined variable: group functions.php 第 94 行.
[ 2016-01-30T11:14:13+08:00 ] /admin.php?m=Order&a=count | SQL: SHOW COLUMNS FROM `gt_project_order` [ RunTime:0.002772s ]
[ 2016-01-30T11:14:13+08:00 ] /admin.php?m=Order&a=count | SQL: SELECT COUNT(*) AS `count`,SUM(`money`) AS `money`,SUM(`amount`) AS `gold` FROM `gt_project_order` WHERE `createtime` >= 1454083200 AND `status` >= 1 LIMIT 1  [ RunTime:0.000128s ]
[ 2016-01-30T11:14:13+08:00 ] /admin.php?m=Order&a=count | SQL: SHOW COLUMNS FROM `gt_project_agent` [ RunTime:0.002728s ]
[ 2016-01-30T11:14:13+08:00 ] /admin.php?m=Order&a=count | SQL: SELECT `id`,`cn_name` FROM `gt_project_agent` [ RunTime:0.000165s ]
[ 2016-01-30T11:14:13+08:00 ] /admin.php?m=Order&a=count | SQL: SHOW COLUMNS FROM `gt_project_order` [ RunTime:0.002454s ]
[ 2016-01-30T11:14:13+08:00 ] /admin.php?m=Order&a=count | NOTIC: [8] Undefined variable: group functions.php 第 94 行.
[ 2016-01-30T11:19:06+08:00 ] /admin.php?m=Order&a=count | SQL: SHOW COLUMNS FROM `gt_project_order` [ RunTime:0.006085s ]
[ 2016-01-30T11:19:06+08:00 ] /admin.php?m=Order&a=count | SQL: SELECT COUNT(*) AS `count`,SUM(`money`) AS `money`,SUM(`amount`) AS `gold` FROM `gt_project_order` WHERE `createtime` >= 1454083200 AND `status` >= 1 LIMIT 1  [ RunTime:0.000295s ]
[ 2016-01-30T11:19:06+08:00 ] /admin.php?m=Order&a=count | SQL: SHOW COLUMNS FROM `gt_project_agent` [ RunTime:0.006666s ]
[ 2016-01-30T11:19:06+08:00 ] /admin.php?m=Order&a=count | SQL: SELECT `id`,`cn_name` FROM `gt_project_agent` [ RunTime:0.000389s ]
[ 2016-01-30T11:19:06+08:00 ] /admin.php?m=Order&a=count | SQL: SHOW COLUMNS FROM `gt_project_order` [ RunTime:0.005991s ]
[ 2016-01-30T11:19:06+08:00 ] /admin.php?m=Order&a=count | NOTIC: [8] Undefined variable: group functions.php 第 94 行.
[ 2016-01-30T11:20:07+08:00 ] /admin.php?m=Order&a=count | SQL: SHOW COLUMNS FROM `gt_project_order` [ RunTime:0.003351s ]
[ 2016-01-30T11:20:07+08:00 ] /admin.php?m=Order&a=count | SQL: SELECT COUNT(*) AS `count`,SUM(`money`) AS `money`,SUM(`amount`) AS `gold` FROM `gt_project_order` WHERE `createtime` >= 1454083200 AND `status` >= 1 LIMIT 1  [ RunTime:0.000356s ]
[ 2016-01-30T11:20:07+08:00 ] /admin.php?m=Order&a=count | SQL: SHOW COLUMNS FROM `gt_project_agent` [ RunTime:0.003167s ]
[ 2016-01-30T11:20:07+08:00 ] /admin.php?m=Order&a=count | SQL: SELECT `id`,`cn_name` FROM `gt_project_agent` [ RunTime:0.000145s ]
[ 2016-01-30T11:20:07+08:00 ] /admin.php?m=Order&a=count | SQL: SHOW COLUMNS FROM `gt_project_order` [ RunTime:0.002308s ]
[ 2016-01-30T11:20:07+08:00 ] /admin.php?m=Order&a=count | NOTIC: [8] Undefined variable: group functions.php 第 94 行.
[ 2016-01-30T11:23:13+08:00 ] /admin.php?m=Order&a=count | SQL: SHOW COLUMNS FROM `gt_project_order` [ RunTime:0.002880s ]
[ 2016-01-30T11:23:13+08:00 ] /admin.php?m=Order&a=count | SQL: SELECT COUNT(*) AS `count`,SUM(`money`) AS `money`,SUM(`amount`) AS `gold` FROM `gt_project_order` WHERE `createtime` >= 1454083200 AND `status` >= 1 LIMIT 1  [ RunTime:0.000128s ]
[ 2016-01-30T11:23:13+08:00 ] /admin.php?m=Order&a=count | SQL: SHOW COLUMNS FROM `gt_project_agent` [ RunTime:0.002891s ]
[ 2016-01-30T11:23:13+08:00 ] /admin.php?m=Order&a=count | SQL: SELECT `id`,`cn_name` FROM `gt_project_agent` [ RunTime:0.000149s ]
[ 2016-01-30T11:23:13+08:00 ] /admin.php?m=Order&a=count | SQL: SHOW COLUMNS FROM `gt_project_order` [ RunTime:0.002339s ]
[ 2016-01-30T11:23:13+08:00 ] /admin.php?m=Order&a=count | NOTIC: [8] Undefined variable: group functions.php 第 94 行.
[ 2016-01-30T11:23:37+08:00 ] /admin.php?m=Order&a=count | SQL: SHOW COLUMNS FROM `gt_project_order` [ RunTime:0.002927s ]
[ 2016-01-30T11:23:37+08:00 ] /admin.php?m=Order&a=count | SQL: SELECT COUNT(*) AS `count`,SUM(`money`) AS `money`,SUM(`amount`) AS `gold` FROM `gt_project_order` WHERE `createtime` >= 1454083200 AND `status` >= 1 LIMIT 1  [ RunTime:0.000359s ]
[ 2016-01-30T11:23:37+08:00 ] /admin.php?m=Order&a=count | SQL: SHOW COLUMNS FROM `gt_project_agent` [ RunTime:0.002783s ]
[ 2016-01-30T11:23:37+08:00 ] /admin.php?m=Order&a=count | SQL: SELECT `id`,`cn_name` FROM `gt_project_agent` [ RunTime:0.000141s ]
[ 2016-01-30T11:23:37+08:00 ] /admin.php?m=Order&a=count | SQL: SHOW COLUMNS FROM `gt_project_order` [ RunTime:0.002338s ]
[ 2016-01-30T11:23:37+08:00 ] /admin.php?m=Order&a=count | NOTIC: [8] Undefined variable: group functions.php 第 94 行.
[ 2016-01-30T11:25:47+08:00 ] /admin.php?m=Order&a=count | SQL: SHOW COLUMNS FROM `gt_project_order` [ RunTime:0.003702s ]
[ 2016-01-30T11:25:47+08:00 ] /admin.php?m=Order&a=count | SQL: SELECT COUNT(*) AS `count`,SUM(`money`) AS `money`,SUM(`amount`) AS `gold` FROM `gt_project_order` WHERE `createtime` >= 1454083200 AND `status` >= 1 LIMIT 1  [ RunTime:0.000464s ]
[ 2016-01-30T11:25:47+08:00 ] /admin.php?m=Order&a=count | SQL: SHOW COLUMNS FROM `gt_project_agent` [ RunTime:0.002990s ]
[ 2016-01-30T11:25:47+08:00 ] /admin.php?m=Order&a=count | SQL: SELECT `id`,`cn_name` FROM `gt_project_agent` [ RunTime:0.000194s ]
[ 2016-01-30T11:25:47+08:00 ] /admin.php?m=Order&a=count | SQL: SHOW COLUMNS FROM `gt_project_order` [ RunTime:0.002496s ]
[ 2016-01-30T11:25:47+08:00 ] /admin.php?m=Order&a=count | NOTIC: [8] Undefined variable: group functions.php 第 94 行.
[ 2016-01-30T11:27:12+08:00 ] /admin.php?m=Order&a=count | SQL: SHOW COLUMNS FROM `gt_project_order` [ RunTime:0.002970s ]
[ 2016-01-30T11:27:12+08:00 ] /admin.php?m=Order&a=count | SQL: SELECT COUNT(*) AS `count`,SUM(`money`) AS `money`,SUM(`amount`) AS `gold` FROM `gt_project_order` WHERE `createtime` >= 1454083200 AND `status` >= 1 LIMIT 1  [ RunTime:0.000106s ]
[ 2016-01-30T11:27:12+08:00 ] /admin.php?m=Order&a=count | SQL: SHOW COLUMNS FROM `gt_project_agent` [ RunTime:0.002624s ]
[ 2016-01-30T11:27:12+08:00 ] /admin.php?m=Order&a=count | SQL: SELECT `id`,`cn_name` FROM `gt_project_agent` [ RunTime:0.000164s ]
[ 2016-01-30T11:27:12+08:00 ] /admin.php?m=Order&a=count | SQL: SHOW COLUMNS FROM `gt_project_order` [ RunTime:0.002386s ]
[ 2016-01-30T11:27:12+08:00 ] /admin.php?m=Order&a=count | NOTIC: [8] Undefined variable: group functions.php 第 94 行.
[ 2016-01-30T11:27:16+08:00 ] /admin.php?m=Order&a=delete&id=466 | ERR: (ThinkException) Model:update您所请求的方法不存在！
[ 2016-01-30T11:28:14+08:00 ] /admin.php?m=Order&a=count | SQL: SHOW COLUMNS FROM `gt_project_order` [ RunTime:0.004147s ]
[ 2016-01-30T11:28:14+08:00 ] /admin.php?m=Order&a=count | SQL: SELECT COUNT(*) AS `count`,SUM(`money`) AS `money`,SUM(`amount`) AS `gold` FROM `gt_project_order` WHERE `createtime` >= 1454083200 AND `status` >= 1 LIMIT 1  [ RunTime:0.000136s ]
[ 2016-01-30T11:28:14+08:00 ] /admin.php?m=Order&a=count | SQL: SHOW COLUMNS FROM `gt_project_agent` [ RunTime:0.003808s ]
[ 2016-01-30T11:28:14+08:00 ] /admin.php?m=Order&a=count | SQL: SELECT `id`,`cn_name` FROM `gt_project_agent` [ RunTime:0.000219s ]
[ 2016-01-30T11:28:14+08:00 ] /admin.php?m=Order&a=count | SQL: SHOW COLUMNS FROM `gt_project_order` [ RunTime:0.003460s ]
[ 2016-01-30T11:28:14+08:00 ] /admin.php?m=Order&a=count | NOTIC: [8] Undefined variable: group functions.php 第 94 行.
[ 2016-01-30T11:31:42+08:00 ] /admin.php?m=Order&a=count | SQL: SHOW COLUMNS FROM `gt_project_order` [ RunTime:0.002884s ]
[ 2016-01-30T11:31:42+08:00 ] /admin.php?m=Order&a=count | SQL: SELECT COUNT(*) AS `count`,SUM(`money`) AS `money`,SUM(`amount`) AS `gold` FROM `gt_project_order` WHERE `createtime` >= 1454083200 AND `status` >= 1 LIMIT 1  [ RunTime:0.000104s ]
[ 2016-01-30T11:31:42+08:00 ] /admin.php?m=Order&a=count | SQL: SHOW COLUMNS FROM `gt_project_agent` [ RunTime:0.002681s ]
[ 2016-01-30T11:31:42+08:00 ] /admin.php?m=Order&a=count | SQL: SELECT `id`,`cn_name` FROM `gt_project_agent` [ RunTime:0.000144s ]
[ 2016-01-30T11:31:42+08:00 ] /admin.php?m=Order&a=count | SQL: SHOW COLUMNS FROM `gt_project_order` [ RunTime:0.002347s ]
[ 2016-01-30T11:31:42+08:00 ] /admin.php?m=Order&a=count | NOTIC: [8] Undefined variable: group functions.php 第 94 行.
[ 2016-01-30T11:36:44+08:00 ] /admin.php?m=Order&a=index | SQL: SHOW COLUMNS FROM `gt_project_order` [ RunTime:0.002545s ]
[ 2016-01-30T11:36:44+08:00 ] /admin.php?m=Order&a=index | SQL: SHOW COLUMNS FROM `gt_project_agent` [ RunTime:0.002812s ]
[ 2016-01-30T11:36:44+08:00 ] /admin.php?m=Order&a=index | SQL: SELECT `id`,`cn_name` FROM `gt_project_agent` [ RunTime:0.000138s ]
[ 2016-01-30T11:36:44+08:00 ] /admin.php?m=Order&a=index | NOTIC: [8] Undefined variable: title 44bdf9bb1cd026e60b48bef2cc33a22a.php 第 230 行.
[ 2016-01-30T11:36:44+08:00 ] /admin.php?m=Order&a=index | NOTIC: [8] Undefined variable: title 44bdf9bb1cd026e60b48bef2cc33a22a.php 第 251 行.
[ 2016-01-30T11:36:44+08:00 ] /admin.php?m=Order&a=index | NOTIC: [8] Undefined variable: group functions.php 第 94 行.
[ 2016-01-30T11:37:27+08:00 ] /admin.php?m=Order&a=count | SQL: SHOW COLUMNS FROM `gt_project_order` [ RunTime:0.002487s ]
[ 2016-01-30T11:37:27+08:00 ] /admin.php?m=Order&a=count | SQL: SELECT COUNT(*) AS `count`,SUM(`money`) AS `money`,SUM(`amount`) AS `gold` FROM `gt_project_order` WHERE `createtime` >= 1454083200 AND `status` >= 1 LIMIT 1  [ RunTime:0.000110s ]
[ 2016-01-30T11:37:27+08:00 ] /admin.php?m=Order&a=count | SQL: SHOW COLUMNS FROM `gt_project_agent` [ RunTime:0.002647s ]
[ 2016-01-30T11:37:27+08:00 ] /admin.php?m=Order&a=count | SQL: SELECT `id`,`cn_name` FROM `gt_project_agent` [ RunTime:0.000146s ]
[ 2016-01-30T11:37:27+08:00 ] /admin.php?m=Order&a=count | SQL: SHOW COLUMNS FROM `gt_project_order` [ RunTime:0.002402s ]
[ 2016-01-30T11:37:27+08:00 ] /admin.php?m=Order&a=count | NOTIC: [8] Undefined variable: group functions.php 第 94 行.
[ 2016-01-30T11:38:17+08:00 ] /admin.php?m=Order&a=count | SQL: SHOW COLUMNS FROM `gt_project_order` [ RunTime:0.002883s ]
[ 2016-01-30T11:38:17+08:00 ] /admin.php?m=Order&a=count | SQL: SELECT COUNT(*) AS `count`,SUM(`money`) AS `money`,SUM(`amount`) AS `gold` FROM `gt_project_order` WHERE `createtime` >= 1454083200 AND `status` >= 1 LIMIT 1  [ RunTime:0.000143s ]
[ 2016-01-30T11:38:17+08:00 ] /admin.php?m=Order&a=count | SQL: SHOW COLUMNS FROM `gt_project_agent` [ RunTime:0.002690s ]
[ 2016-01-30T11:38:17+08:00 ] /admin.php?m=Order&a=count | SQL: SELECT `id`,`cn_name` FROM `gt_project_agent` [ RunTime:0.000192s ]
[ 2016-01-30T11:38:17+08:00 ] /admin.php?m=Order&a=count | SQL: SHOW COLUMNS FROM `gt_project_order` [ RunTime:0.003063s ]
[ 2016-01-30T11:38:17+08:00 ] /admin.php?m=Order&a=count | NOTIC: [8] Undefined variable: group functions.php 第 94 行.
[ 2016-01-30T11:38:29+08:00 ] /admin.php?m=Order&a=count | SQL: SHOW COLUMNS FROM `gt_project_order` [ RunTime:0.002575s ]
[ 2016-01-30T11:38:29+08:00 ] /admin.php?m=Order&a=count | SQL: SELECT COUNT(*) AS `count`,SUM(`money`) AS `money`,SUM(`amount`) AS `gold` FROM `gt_project_order` WHERE `createtime` >= 1454083200 AND `status` >= 1 LIMIT 1  [ RunTime:0.000105s ]
[ 2016-01-30T11:38:29+08:00 ] /admin.php?m=Order&a=count | SQL: SHOW COLUMNS FROM `gt_project_agent` [ RunTime:0.003505s ]
[ 2016-01-30T11:38:29+08:00 ] /admin.php?m=Order&a=count | SQL: SELECT `id`,`cn_name` FROM `gt_project_agent` [ RunTime:0.000145s ]
[ 2016-01-30T11:38:29+08:00 ] /admin.php?m=Order&a=count | SQL: SHOW COLUMNS FROM `gt_project_order` [ RunTime:0.002381s ]
[ 2016-01-30T11:38:29+08:00 ] /admin.php?m=Order&a=count | NOTIC: [8] Undefined variable: group functions.php 第 94 行.
[ 2016-01-30T11:39:44+08:00 ] /admin.php?m=Order&a=count | SQL: SHOW COLUMNS FROM `gt_project_order` [ RunTime:0.003111s ]
[ 2016-01-30T11:39:44+08:00 ] /admin.php?m=Order&a=count | SQL: SELECT COUNT(*) AS `count`,SUM(`money`) AS `money`,SUM(`amount`) AS `gold` FROM `gt_project_order` WHERE `createtime` >= 1454083200 AND `status` >= 1 LIMIT 1  [ RunTime:0.000120s ]
[ 2016-01-30T11:39:44+08:00 ] /admin.php?m=Order&a=count | SQL: SHOW COLUMNS FROM `gt_project_agent` [ RunTime:0.003475s ]
[ 2016-01-30T11:39:44+08:00 ] /admin.php?m=Order&a=count | SQL: SELECT `id`,`cn_name` FROM `gt_project_agent` [ RunTime:0.000174s ]
[ 2016-01-30T11:39:44+08:00 ] /admin.php?m=Order&a=count | SQL: SHOW COLUMNS FROM `gt_project_order` [ RunTime:0.003314s ]
[ 2016-01-30T11:39:44+08:00 ] /admin.php?m=Order&a=count | NOTIC: [8] Undefined variable: group functions.php 第 94 行.
[ 2016-01-30T11:39:59+08:00 ] /admin.php?m=Order&a=count | SQL: SHOW COLUMNS FROM `gt_project_order` [ RunTime:0.003237s ]
[ 2016-01-30T11:39:59+08:00 ] /admin.php?m=Order&a=count | SQL: SELECT COUNT(*) AS `count`,SUM(`money`) AS `money`,SUM(`amount`) AS `gold` FROM `gt_project_order` WHERE `createtime` >= 1454083200 AND `status` >= 1 LIMIT 1  [ RunTime:0.000133s ]
[ 2016-01-30T11:39:59+08:00 ] /admin.php?m=Order&a=count | SQL: SHOW COLUMNS FROM `gt_project_agent` [ RunTime:0.003287s ]
[ 2016-01-30T11:39:59+08:00 ] /admin.php?m=Order&a=count | SQL: SELECT `id`,`cn_name` FROM `gt_project_agent` [ RunTime:0.000179s ]
[ 2016-01-30T11:39:59+08:00 ] /admin.php?m=Order&a=count | SQL: SHOW COLUMNS FROM `gt_project_order` [ RunTime:0.003763s ]
[ 2016-01-30T11:39:59+08:00 ] /admin.php?m=Order&a=count | NOTIC: [8] Undefined variable: group functions.php 第 94 行.
[ 2016-01-30T11:40:42+08:00 ] /admin.php?m=Order&a=count | SQL: SHOW COLUMNS FROM `gt_project_order` [ RunTime:0.002441s ]
[ 2016-01-30T11:40:42+08:00 ] /admin.php?m=Order&a=count | SQL: SELECT COUNT(*) AS `count`,SUM(`money`) AS `money`,SUM(`amount`) AS `gold` FROM `gt_project_order` WHERE `createtime` >= 1454083200 AND `status` >= 1 LIMIT 1  [ RunTime:0.000092s ]
[ 2016-01-30T11:40:42+08:00 ] /admin.php?m=Order&a=count | SQL: SHOW COLUMNS FROM `gt_project_agent` [ RunTime:0.002485s ]
[ 2016-01-30T11:40:42+08:00 ] /admin.php?m=Order&a=count | SQL: SELECT `id`,`cn_name` FROM `gt_project_agent` [ RunTime:0.000138s ]
[ 2016-01-30T11:40:42+08:00 ] /admin.php?m=Order&a=count | SQL: SHOW COLUMNS FROM `gt_project_order` [ RunTime:0.002680s ]
[ 2016-01-30T11:40:42+08:00 ] /admin.php?m=Order&a=count | NOTIC: [8] Undefined variable: group functions.php 第 94 行.
