[ 2016-01-05T21:01:13+08:00 ] /?m=Game&a=index&pid=1&aid=64 | SQL: SHOW COLUMNS FROM `gt_project_agent` [ RunTime:0.007344s ]
[ 2016-01-05T21:01:13+08:00 ] /?m=Game&a=index&pid=1&aid=64 | SQL: SELECT * FROM `gt_project_agent` [ RunTime:0.000324s ]
[ 2016-01-05T21:01:13+08:00 ] /?m=Game&a=index&pid=1&aid=64 | NOTIC: [8] Undefined index: pitch CommonAction.class.php 第 39 行.
[ 2016-01-05T21:01:13+08:00 ] /?m=Game&a=index&pid=1&aid=64 | SQL: SHOW COLUMNS FROM `gt_project_server` [ RunTime:0.006564s ]
[ 2016-01-05T21:01:13+08:00 ] /?m=Game&a=index&pid=1&aid=64 | SQL: SELECT * FROM `gt_project_server` WHERE  `recommend` = 1  LIMIT 5  [ RunTime:0.000277s ]
[ 2016-01-05T21:01:13+08:00 ] /?m=Game&a=index&pid=1&aid=64 | NOTIC: [8] Undefined index: gt_uname GameAction.class.php 第 15 行.
[ 2016-01-05T21:01:13+08:00 ] /?m=Game&a=index&pid=1&aid=64 | SQL: SHOW COLUMNS FROM `gt_project_agent` [ RunTime:0.007038s ]
[ 2016-01-05T21:01:13+08:00 ] /?m=Game&a=index&pid=1&aid=64 | SQL: SELECT * FROM `gt_project_agent` WHERE projectId = 1 AND id = 64 LIMIT 1  [ RunTime:0.000253s ]
[ 2016-01-05T21:01:13+08:00 ] /?m=Game&a=index&pid=1&aid=64 | SQL: SHOW COLUMNS FROM `gt_project_server` [ RunTime:0.006456s ]
[ 2016-01-05T21:01:13+08:00 ] /?m=Game&a=index&pid=1&aid=64 | SQL: SELECT * FROM `gt_project_server` WHERE projectId = 1 AND agentid = 64 ORDER BY `id` DESC [ RunTime:0.000938s ]
[ 2016-01-05T21:01:13+08:00 ] /?m=Game&a=index&pid=1&aid=64 | SQL: SELECT * FROM `gt_project_server` WHERE projectId = 1 AND agentid = 64 AND `recommend`=1 ORDER BY `id` DESC LIMIT 1  [ RunTime:0.000287s ]
[ 2016-01-05T21:01:13+08:00 ] /?m=Game&a=index&pid=1&aid=64 | NOTIC: [8] Undefined index: gt_uname 6b7192907ed8a82754282142fbbe70cb.php 第 38 行.
[ 2016-01-05T21:01:13+08:00 ] /?m=Game&a=index&pid=1&aid=64 | NOTIC: [8] Undefined index: pitch 6b7192907ed8a82754282142fbbe70cb.php 第 43 行.
[ 2016-01-05T21:01:13+08:00 ] /?m=Index&a=verify | SQL: SHOW COLUMNS FROM `gt_project_agent` [ RunTime:0.003576s ]
[ 2016-01-05T21:01:13+08:00 ] /?m=Index&a=verify | SQL: SELECT * FROM `gt_project_agent` [ RunTime:0.000179s ]
[ 2016-01-05T21:01:13+08:00 ] /?m=Index&a=verify | NOTIC: [8] Undefined index: pitch CommonAction.class.php 第 39 行.
[ 2016-01-05T21:01:13+08:00 ] /?m=Index&a=verify | SQL: SHOW COLUMNS FROM `gt_project_server` [ RunTime:0.003704s ]
[ 2016-01-05T21:01:13+08:00 ] /?m=Index&a=verify | SQL: SELECT * FROM `gt_project_server` WHERE  `recommend` = 1  LIMIT 5  [ RunTime:0.000112s ]
[ 2016-01-05T21:01:15+08:00 ] /?m=Article&a=index&pid=3 | SQL: SHOW COLUMNS FROM `gt_project_agent` [ RunTime:0.003232s ]
[ 2016-01-05T21:01:15+08:00 ] /?m=Article&a=index&pid=3 | SQL: SELECT * FROM `gt_project_agent` [ RunTime:0.000175s ]
[ 2016-01-05T21:01:15+08:00 ] /?m=Article&a=index&pid=3 | NOTIC: [8] Undefined index: pitch CommonAction.class.php 第 39 行.
[ 2016-01-05T21:01:15+08:00 ] /?m=Article&a=index&pid=3 | SQL: SHOW COLUMNS FROM `gt_project_server` [ RunTime:0.003491s ]
[ 2016-01-05T21:01:15+08:00 ] /?m=Article&a=index&pid=3 | SQL: SELECT * FROM `gt_project_server` WHERE  `recommend` = 1  LIMIT 5  [ RunTime:0.000130s ]
[ 2016-01-05T21:01:15+08:00 ] /?m=Article&a=index&pid=3 | SQL: SHOW COLUMNS FROM `gt_project_category` [ RunTime:0.002994s ]
[ 2016-01-05T21:01:15+08:00 ] /?m=Article&a=index&pid=3 | SQL: SELECT `id`,`pid`,`cateName` FROM `gt_project_category` WHERE ( `id` = 3 ) LIMIT 1  [ RunTime:0.000102s ]
[ 2016-01-05T21:01:15+08:00 ] /?m=Article&a=index&pid=3 | SQL: SELECT * FROM `gt_project_category` WHERE ( `pid` = '3' ) [ RunTime:0.000101s ]
[ 2016-01-05T21:01:15+08:00 ] /?m=Article&a=index&pid=3 | SQL: SHOW COLUMNS FROM `gt_project_article` [ RunTime:0.002725s ]
[ 2016-01-05T21:01:15+08:00 ] /?m=Article&a=index&pid=3 | SQL: SELECT COUNT(*) AS tp_count FROM `gt_project_article` WHERE cateId IN (11) LIMIT 1  [ RunTime:0.000083s ]
[ 2016-01-05T21:01:15+08:00 ] /?m=Article&a=index&pid=3 | SQL: SELECT `id`,`cateId`,`title`,`createTime` FROM `gt_project_article` WHERE cateId IN (11) ORDER BY sort DESC LIMIT 0,25  [ RunTime:0.000079s ]
[ 2016-01-05T21:01:15+08:00 ] /?m=Article&a=index&pid=3 | NOTIC: [8] Undefined index: gt_uname 6b9abf15750aa96328ffe542d2c95880.php 第 38 行.
[ 2016-01-05T21:01:15+08:00 ] /?m=Article&a=index&pid=3 | NOTIC: [8] Undefined index: pitch 6b9abf15750aa96328ffe542d2c95880.php 第 43 行.
[ 2016-01-05T21:01:15+08:00 ] /?m=Article&a=index&pid=3 | NOTIC: [8] Undefined index: gt_uname 6b9abf15750aa96328ffe542d2c95880.php 第 96 行.
[ 2016-01-05T21:01:15+08:00 ] /?m=Index&a=verify | SQL: SHOW COLUMNS FROM `gt_project_agent` [ RunTime:0.004774s ]
[ 2016-01-05T21:01:15+08:00 ] /?m=Index&a=verify | SQL: SELECT * FROM `gt_project_agent` [ RunTime:0.000337s ]
[ 2016-01-05T21:01:15+08:00 ] /?m=Index&a=verify | NOTIC: [8] Undefined index: pitch CommonAction.class.php 第 39 行.
[ 2016-01-05T21:01:15+08:00 ] /?m=Index&a=verify | SQL: SHOW COLUMNS FROM `gt_project_server` [ RunTime:0.004141s ]
[ 2016-01-05T21:01:15+08:00 ] /?m=Index&a=verify | SQL: SELECT * FROM `gt_project_server` WHERE  `recommend` = 1  LIMIT 5  [ RunTime:0.000192s ]
[ 2016-01-05T21:01:19+08:00 ] /?m=Article&a=index&pid=1 | SQL: SHOW COLUMNS FROM `gt_project_agent` [ RunTime:0.003337s ]
[ 2016-01-05T21:01:19+08:00 ] /?m=Article&a=index&pid=1 | SQL: SELECT * FROM `gt_project_agent` [ RunTime:0.000190s ]
[ 2016-01-05T21:01:19+08:00 ] /?m=Article&a=index&pid=1 | NOTIC: [8] Undefined index: pitch CommonAction.class.php 第 39 行.
[ 2016-01-05T21:01:19+08:00 ] /?m=Article&a=index&pid=1 | SQL: SHOW COLUMNS FROM `gt_project_server` [ RunTime:0.003218s ]
[ 2016-01-05T21:01:19+08:00 ] /?m=Article&a=index&pid=1 | SQL: SELECT * FROM `gt_project_server` WHERE  `recommend` = 1  LIMIT 5  [ RunTime:0.000167s ]
[ 2016-01-05T21:01:19+08:00 ] /?m=Article&a=index&pid=1 | SQL: SHOW COLUMNS FROM `gt_project_category` [ RunTime:0.003163s ]
[ 2016-01-05T21:01:19+08:00 ] /?m=Article&a=index&pid=1 | SQL: SELECT `id`,`pid`,`cateName` FROM `gt_project_category` WHERE ( `id` = 1 ) LIMIT 1  [ RunTime:0.000262s ]
[ 2016-01-05T21:01:19+08:00 ] /?m=Article&a=index&pid=1 | SQL: SELECT * FROM `gt_project_category` WHERE ( `pid` = '1' ) [ RunTime:0.000269s ]
[ 2016-01-05T21:01:19+08:00 ] /?m=Article&a=index&pid=1 | SQL: SHOW COLUMNS FROM `gt_project_article` [ RunTime:0.003650s ]
[ 2016-01-05T21:01:19+08:00 ] /?m=Article&a=index&pid=1 | SQL: SELECT COUNT(*) AS tp_count FROM `gt_project_article` WHERE cateId IN (4,5,6) LIMIT 1  [ RunTime:0.057160s ]
[ 2016-01-05T21:01:19+08:00 ] /?m=Article&a=index&pid=1 | SQL: SELECT `id`,`cateId`,`title`,`createTime` FROM `gt_project_article` WHERE cateId IN (4,5,6) ORDER BY sort DESC LIMIT 0,25  [ RunTime:0.000330s ]
[ 2016-01-05T21:01:19+08:00 ] /?m=Article&a=index&pid=1 | NOTIC: [8] Undefined index: gt_uname 6b9abf15750aa96328ffe542d2c95880.php 第 38 行.
[ 2016-01-05T21:01:19+08:00 ] /?m=Article&a=index&pid=1 | NOTIC: [8] Undefined index: pitch 6b9abf15750aa96328ffe542d2c95880.php 第 43 行.
[ 2016-01-05T21:01:19+08:00 ] /?m=Article&a=index&pid=1 | NOTIC: [8] Undefined index: gt_uname 6b9abf15750aa96328ffe542d2c95880.php 第 96 行.
[ 2016-01-05T21:01:19+08:00 ] /?m=Index&a=verify | SQL: SHOW COLUMNS FROM `gt_project_agent` [ RunTime:0.003861s ]
[ 2016-01-05T21:01:19+08:00 ] /?m=Index&a=verify | SQL: SELECT * FROM `gt_project_agent` [ RunTime:0.000179s ]
[ 2016-01-05T21:01:19+08:00 ] /?m=Index&a=verify | NOTIC: [8] Undefined index: pitch CommonAction.class.php 第 39 行.
[ 2016-01-05T21:01:19+08:00 ] /?m=Index&a=verify | SQL: SHOW COLUMNS FROM `gt_project_server` [ RunTime:0.004003s ]
[ 2016-01-05T21:01:19+08:00 ] /?m=Index&a=verify | SQL: SELECT * FROM `gt_project_server` WHERE  `recommend` = 1  LIMIT 5  [ RunTime:0.000172s ]
[ 2016-01-05T21:01:21+08:00 ] /?m=Article&a=index&pid=6 | SQL: SHOW COLUMNS FROM `gt_project_agent` [ RunTime:0.003442s ]
[ 2016-01-05T21:01:21+08:00 ] /?m=Article&a=index&pid=6 | SQL: SELECT * FROM `gt_project_agent` [ RunTime:0.000208s ]
[ 2016-01-05T21:01:21+08:00 ] /?m=Article&a=index&pid=6 | NOTIC: [8] Undefined index: pitch CommonAction.class.php 第 39 行.
[ 2016-01-05T21:01:21+08:00 ] /?m=Article&a=index&pid=6 | SQL: SHOW COLUMNS FROM `gt_project_server` [ RunTime:0.002934s ]
[ 2016-01-05T21:01:21+08:00 ] /?m=Article&a=index&pid=6 | SQL: SELECT * FROM `gt_project_server` WHERE  `recommend` = 1  LIMIT 5  [ RunTime:0.000153s ]
[ 2016-01-05T21:01:21+08:00 ] /?m=Article&a=index&pid=6 | SQL: SHOW COLUMNS FROM `gt_project_category` [ RunTime:0.002836s ]
[ 2016-01-05T21:01:21+08:00 ] /?m=Article&a=index&pid=6 | SQL: SELECT `id`,`pid`,`cateName` FROM `gt_project_category` WHERE ( `id` = 6 ) LIMIT 1  [ RunTime:0.000262s ]
[ 2016-01-05T21:01:21+08:00 ] /?m=Article&a=index&pid=6 | SQL: SELECT * FROM `gt_project_category` WHERE ( `pid` = '1' ) [ RunTime:0.000148s ]
[ 2016-01-05T21:01:21+08:00 ] /?m=Article&a=index&pid=6 | SQL: SHOW COLUMNS FROM `gt_project_article` [ RunTime:0.002936s ]
[ 2016-01-05T21:01:21+08:00 ] /?m=Article&a=index&pid=6 | SQL: SELECT COUNT(*) AS tp_count FROM `gt_project_article` WHERE ( `cateId` = '6' ) LIMIT 1  [ RunTime:0.000245s ]
[ 2016-01-05T21:01:21+08:00 ] /?m=Article&a=index&pid=6 | SQL: SELECT `id`,`cateId`,`title`,`createTime` FROM `gt_project_article` WHERE ( `cateId` = '6' ) ORDER BY sort DESC LIMIT 0,25  [ RunTime:0.000201s ]
[ 2016-01-05T21:01:21+08:00 ] /?m=Article&a=index&pid=6 | SQL: SELECT `id`,`cateName` FROM `gt_project_category` WHERE ( `id` = '1' ) LIMIT 1  [ RunTime:0.000176s ]
[ 2016-01-05T21:01:21+08:00 ] /?m=Article&a=index&pid=6 | NOTIC: [8] Undefined index: gt_uname 6b9abf15750aa96328ffe542d2c95880.php 第 38 行.
[ 2016-01-05T21:01:21+08:00 ] /?m=Article&a=index&pid=6 | NOTIC: [8] Undefined index: pitch 6b9abf15750aa96328ffe542d2c95880.php 第 43 行.
[ 2016-01-05T21:01:21+08:00 ] /?m=Article&a=index&pid=6 | NOTIC: [8] Undefined index: gt_uname 6b9abf15750aa96328ffe542d2c95880.php 第 96 行.
[ 2016-01-05T21:01:21+08:00 ] /?m=Index&a=verify | SQL: SHOW COLUMNS FROM `gt_project_agent` [ RunTime:0.004370s ]
[ 2016-01-05T21:01:21+08:00 ] /?m=Index&a=verify | SQL: SELECT * FROM `gt_project_agent` [ RunTime:0.000224s ]
[ 2016-01-05T21:01:21+08:00 ] /?m=Index&a=verify | NOTIC: [8] Undefined index: pitch CommonAction.class.php 第 39 行.
[ 2016-01-05T21:01:21+08:00 ] /?m=Index&a=verify | SQL: SHOW COLUMNS FROM `gt_project_server` [ RunTime:0.004030s ]
[ 2016-01-05T21:01:21+08:00 ] /?m=Index&a=verify | SQL: SELECT * FROM `gt_project_server` WHERE  `recommend` = 1  LIMIT 5  [ RunTime:0.000164s ]
[ 2016-01-05T21:01:48+08:00 ] /?m=Agent&a=index&pid=1 | SQL: SHOW COLUMNS FROM `gt_project_agent` [ RunTime:0.003449s ]
[ 2016-01-05T21:01:48+08:00 ] /?m=Agent&a=index&pid=1 | SQL: SELECT * FROM `gt_project_agent` [ RunTime:0.000124s ]
[ 2016-01-05T21:01:48+08:00 ] /?m=Agent&a=index&pid=1 | NOTIC: [8] Undefined index: pitch CommonAction.class.php 第 39 行.
[ 2016-01-05T21:01:48+08:00 ] /?m=Agent&a=index&pid=1 | SQL: SHOW COLUMNS FROM `gt_project_server` [ RunTime:0.002770s ]
[ 2016-01-05T21:01:48+08:00 ] /?m=Agent&a=index&pid=1 | SQL: SELECT * FROM `gt_project_server` WHERE  `recommend` = 1  LIMIT 5  [ RunTime:0.000094s ]
[ 2016-01-05T21:01:48+08:00 ] /?m=Agent&a=index&pid=1 | SQL: SHOW COLUMNS FROM `gt_project_agent` [ RunTime:0.002721s ]
[ 2016-01-05T21:01:48+08:00 ] /?m=Agent&a=index&pid=1 | SQL: SELECT `id`,`projectId`,`en_name`,`cn_name` FROM `gt_project_agent` WHERE projectId = 1 ORDER BY id desc [ RunTime:0.000076s ]
[ 2016-01-05T21:01:48+08:00 ] /?m=Agent&a=index&pid=1 | NOTIC: [8] Undefined index: gt_uname 49911e3ce71b4510dda615283121d865.php 第 38 行.
[ 2016-01-05T21:01:48+08:00 ] /?m=Agent&a=index&pid=1 | NOTIC: [8] Undefined index: pitch 49911e3ce71b4510dda615283121d865.php 第 43 行.
[ 2016-01-05T21:01:49+08:00 ] /?m=Index&a=verify | SQL: SHOW COLUMNS FROM `gt_project_agent` [ RunTime:0.005551s ]
[ 2016-01-05T21:01:49+08:00 ] /?m=Index&a=verify | SQL: SELECT * FROM `gt_project_agent` [ RunTime:0.000185s ]
[ 2016-01-05T21:01:49+08:00 ] /?m=Index&a=verify | NOTIC: [8] Undefined index: pitch CommonAction.class.php 第 39 行.
[ 2016-01-05T21:01:49+08:00 ] /?m=Index&a=verify | SQL: SHOW COLUMNS FROM `gt_project_server` [ RunTime:0.005034s ]
[ 2016-01-05T21:01:49+08:00 ] /?m=Index&a=verify | SQL: SELECT * FROM `gt_project_server` WHERE  `recommend` = 1  LIMIT 5  [ RunTime:0.000133s ]
[ 2016-01-05T21:02:01+08:00 ] /?m=Agent&a=index&pid=1 | SQL: SHOW COLUMNS FROM `gt_project_agent` [ RunTime:0.002808s ]
[ 2016-01-05T21:02:01+08:00 ] /?m=Agent&a=index&pid=1 | SQL: SELECT * FROM `gt_project_agent` [ RunTime:0.000173s ]
[ 2016-01-05T21:02:01+08:00 ] /?m=Agent&a=index&pid=1 | NOTIC: [8] Undefined index: pitch CommonAction.class.php 第 39 行.
[ 2016-01-05T21:02:01+08:00 ] /?m=Agent&a=index&pid=1 | SQL: SHOW COLUMNS FROM `gt_project_server` [ RunTime:0.004105s ]
[ 2016-01-05T21:02:01+08:00 ] /?m=Agent&a=index&pid=1 | SQL: SELECT * FROM `gt_project_server` WHERE  `recommend` = 1  LIMIT 5  [ RunTime:0.000126s ]
[ 2016-01-05T21:02:01+08:00 ] /?m=Agent&a=index&pid=1 | SQL: SHOW COLUMNS FROM `gt_project_agent` [ RunTime:0.003025s ]
[ 2016-01-05T21:02:01+08:00 ] /?m=Agent&a=index&pid=1 | SQL: SELECT `id`,`projectId`,`en_name`,`cn_name` FROM `gt_project_agent` WHERE projectId = 1 ORDER BY id desc [ RunTime:0.000100s ]
[ 2016-01-05T21:02:01+08:00 ] /?m=Agent&a=index&pid=1 | NOTIC: [8] Undefined index: gt_uname 49911e3ce71b4510dda615283121d865.php 第 38 行.
[ 2016-01-05T21:02:01+08:00 ] /?m=Agent&a=index&pid=1 | NOTIC: [8] Undefined index: pitch 49911e3ce71b4510dda615283121d865.php 第 43 行.
[ 2016-01-05T21:02:01+08:00 ] /?m=Index&a=verify | SQL: SHOW COLUMNS FROM `gt_project_agent` [ RunTime:0.003529s ]
[ 2016-01-05T21:02:01+08:00 ] /?m=Index&a=verify | SQL: SELECT * FROM `gt_project_agent` [ RunTime:0.000167s ]
[ 2016-01-05T21:02:01+08:00 ] /?m=Index&a=verify | NOTIC: [8] Undefined index: pitch CommonAction.class.php 第 39 行.
[ 2016-01-05T21:02:01+08:00 ] /?m=Index&a=verify | SQL: SHOW COLUMNS FROM `gt_project_server` [ RunTime:0.003317s ]
[ 2016-01-05T21:02:01+08:00 ] /?m=Index&a=verify | SQL: SELECT * FROM `gt_project_server` WHERE  `recommend` = 1  LIMIT 5  [ RunTime:0.000126s ]
[ 2016-01-05T21:02:07+08:00 ] /?m=Article&a=index&pid=6 | SQL: SHOW COLUMNS FROM `gt_project_agent` [ RunTime:0.003363s ]
[ 2016-01-05T21:02:07+08:00 ] /?m=Article&a=index&pid=6 | SQL: SELECT * FROM `gt_project_agent` [ RunTime:0.000179s ]
[ 2016-01-05T21:02:07+08:00 ] /?m=Article&a=index&pid=6 | NOTIC: [8] Undefined index: pitch CommonAction.class.php 第 39 行.
[ 2016-01-05T21:02:07+08:00 ] /?m=Article&a=index&pid=6 | SQL: SHOW COLUMNS FROM `gt_project_server` [ RunTime:0.003209s ]
[ 2016-01-05T21:02:07+08:00 ] /?m=Article&a=index&pid=6 | SQL: SELECT * FROM `gt_project_server` WHERE  `recommend` = 1  LIMIT 5  [ RunTime:0.000172s ]
[ 2016-01-05T21:02:07+08:00 ] /?m=Article&a=index&pid=6 | SQL: SHOW COLUMNS FROM `gt_project_category` [ RunTime:0.003180s ]
[ 2016-01-05T21:02:07+08:00 ] /?m=Article&a=index&pid=6 | SQL: SELECT `id`,`pid`,`cateName` FROM `gt_project_category` WHERE ( `id` = 6 ) LIMIT 1  [ RunTime:0.000133s ]
[ 2016-01-05T21:02:07+08:00 ] /?m=Article&a=index&pid=6 | SQL: SELECT * FROM `gt_project_category` WHERE ( `pid` = '1' ) [ RunTime:0.000127s ]
[ 2016-01-05T21:02:07+08:00 ] /?m=Article&a=index&pid=6 | SQL: SHOW COLUMNS FROM `gt_project_article` [ RunTime:0.003283s ]
[ 2016-01-05T21:02:07+08:00 ] /?m=Article&a=index&pid=6 | SQL: SELECT COUNT(*) AS tp_count FROM `gt_project_article` WHERE ( `cateId` = '6' ) LIMIT 1  [ RunTime:0.000109s ]
[ 2016-01-05T21:02:07+08:00 ] /?m=Article&a=index&pid=6 | SQL: SELECT `id`,`cateId`,`title`,`createTime` FROM `gt_project_article` WHERE ( `cateId` = '6' ) ORDER BY sort DESC LIMIT 0,25  [ RunTime:0.000102s ]
[ 2016-01-05T21:02:07+08:00 ] /?m=Article&a=index&pid=6 | SQL: SELECT `id`,`cateName` FROM `gt_project_category` WHERE ( `id` = '1' ) LIMIT 1  [ RunTime:0.000105s ]
[ 2016-01-05T21:02:07+08:00 ] /?m=Article&a=index&pid=6 | NOTIC: [8] Undefined index: gt_uname 6b9abf15750aa96328ffe542d2c95880.php 第 38 行.
[ 2016-01-05T21:02:07+08:00 ] /?m=Article&a=index&pid=6 | NOTIC: [8] Undefined index: pitch 6b9abf15750aa96328ffe542d2c95880.php 第 43 行.
[ 2016-01-05T21:02:07+08:00 ] /?m=Article&a=index&pid=6 | NOTIC: [8] Undefined index: gt_uname 6b9abf15750aa96328ffe542d2c95880.php 第 96 行.
[ 2016-01-05T21:02:07+08:00 ] /?m=Index&a=verify | SQL: SHOW COLUMNS FROM `gt_project_agent` [ RunTime:0.003301s ]
[ 2016-01-05T21:02:07+08:00 ] /?m=Index&a=verify | SQL: SELECT * FROM `gt_project_agent` [ RunTime:0.000207s ]
[ 2016-01-05T21:02:07+08:00 ] /?m=Index&a=verify | NOTIC: [8] Undefined index: pitch CommonAction.class.php 第 39 行.
[ 2016-01-05T21:02:07+08:00 ] /?m=Index&a=verify | SQL: SHOW COLUMNS FROM `gt_project_server` [ RunTime:0.003710s ]
[ 2016-01-05T21:02:07+08:00 ] /?m=Index&a=verify | SQL: SELECT * FROM `gt_project_server` WHERE  `recommend` = 1  LIMIT 5  [ RunTime:0.000136s ]
[ 2016-01-05T21:02:10+08:00 ] /?m=Agent&a=index&pid=1 | SQL: SHOW COLUMNS FROM `gt_project_agent` [ RunTime:0.003209s ]
[ 2016-01-05T21:02:10+08:00 ] /?m=Agent&a=index&pid=1 | SQL: SELECT * FROM `gt_project_agent` [ RunTime:0.000173s ]
[ 2016-01-05T21:02:10+08:00 ] /?m=Agent&a=index&pid=1 | NOTIC: [8] Undefined index: pitch CommonAction.class.php 第 39 行.
[ 2016-01-05T21:02:10+08:00 ] /?m=Agent&a=index&pid=1 | SQL: SHOW COLUMNS FROM `gt_project_server` [ RunTime:0.003037s ]
[ 2016-01-05T21:02:10+08:00 ] /?m=Agent&a=index&pid=1 | SQL: SELECT * FROM `gt_project_server` WHERE  `recommend` = 1  LIMIT 5  [ RunTime:0.000176s ]
[ 2016-01-05T21:02:10+08:00 ] /?m=Agent&a=index&pid=1 | SQL: SHOW COLUMNS FROM `gt_project_agent` [ RunTime:0.004951s ]
[ 2016-01-05T21:02:10+08:00 ] /?m=Agent&a=index&pid=1 | SQL: SELECT `id`,`projectId`,`en_name`,`cn_name` FROM `gt_project_agent` WHERE projectId = 1 ORDER BY id desc [ RunTime:0.000142s ]
[ 2016-01-05T21:02:10+08:00 ] /?m=Agent&a=index&pid=1 | NOTIC: [8] Undefined index: gt_uname 49911e3ce71b4510dda615283121d865.php 第 38 行.
[ 2016-01-05T21:02:10+08:00 ] /?m=Agent&a=index&pid=1 | NOTIC: [8] Undefined index: pitch 49911e3ce71b4510dda615283121d865.php 第 43 行.
[ 2016-01-05T21:02:10+08:00 ] /?m=Index&a=verify | SQL: SHOW COLUMNS FROM `gt_project_agent` [ RunTime:0.004132s ]
[ 2016-01-05T21:02:10+08:00 ] /?m=Index&a=verify | SQL: SELECT * FROM `gt_project_agent` [ RunTime:0.000173s ]
[ 2016-01-05T21:02:10+08:00 ] /?m=Index&a=verify | NOTIC: [8] Undefined index: pitch CommonAction.class.php 第 39 行.
[ 2016-01-05T21:02:10+08:00 ] /?m=Index&a=verify | SQL: SHOW COLUMNS FROM `gt_project_server` [ RunTime:0.003096s ]
[ 2016-01-05T21:02:10+08:00 ] /?m=Index&a=verify | SQL: SELECT * FROM `gt_project_server` WHERE  `recommend` = 1  LIMIT 5  [ RunTime:0.000155s ]
[ 2016-01-05T21:02:37+08:00 ] /?m=Agent&a=index&pid=1 | SQL: SHOW COLUMNS FROM `gt_project_agent` [ RunTime:0.004479s ]
[ 2016-01-05T21:02:37+08:00 ] /?m=Agent&a=index&pid=1 | SQL: SELECT * FROM `gt_project_agent` [ RunTime:0.000190s ]
[ 2016-01-05T21:02:37+08:00 ] /?m=Agent&a=index&pid=1 | NOTIC: [8] Undefined index: pitch CommonAction.class.php 第 39 行.
[ 2016-01-05T21:02:37+08:00 ] /?m=Agent&a=index&pid=1 | SQL: SHOW COLUMNS FROM `gt_project_server` [ RunTime:0.003426s ]
[ 2016-01-05T21:02:37+08:00 ] /?m=Agent&a=index&pid=1 | SQL: SELECT * FROM `gt_project_server` WHERE  `recommend` = 1  LIMIT 5  [ RunTime:0.000173s ]
[ 2016-01-05T21:02:37+08:00 ] /?m=Agent&a=index&pid=1 | SQL: SHOW COLUMNS FROM `gt_project_agent` [ RunTime:0.003544s ]
[ 2016-01-05T21:02:37+08:00 ] /?m=Agent&a=index&pid=1 | SQL: SELECT `id`,`projectId`,`en_name`,`cn_name` FROM `gt_project_agent` WHERE projectId = 1 ORDER BY id desc [ RunTime:0.000135s ]
[ 2016-01-05T21:02:37+08:00 ] /?m=Agent&a=index&pid=1 | NOTIC: [8] Undefined index: gt_uname 49911e3ce71b4510dda615283121d865.php 第 38 行.
[ 2016-01-05T21:02:37+08:00 ] /?m=Agent&a=index&pid=1 | NOTIC: [8] Undefined index: pitch 49911e3ce71b4510dda615283121d865.php 第 43 行.
[ 2016-01-05T21:02:38+08:00 ] /?m=Index&a=verify | SQL: SHOW COLUMNS FROM `gt_project_agent` [ RunTime:0.003642s ]
[ 2016-01-05T21:02:38+08:00 ] /?m=Index&a=verify | SQL: SELECT * FROM `gt_project_agent` [ RunTime:0.000190s ]
[ 2016-01-05T21:02:38+08:00 ] /?m=Index&a=verify | NOTIC: [8] Undefined index: pitch CommonAction.class.php 第 39 行.
[ 2016-01-05T21:02:38+08:00 ] /?m=Index&a=verify | SQL: SHOW COLUMNS FROM `gt_project_server` [ RunTime:0.003757s ]
[ 2016-01-05T21:02:38+08:00 ] /?m=Index&a=verify | SQL: SELECT * FROM `gt_project_server` WHERE  `recommend` = 1  LIMIT 5  [ RunTime:0.000162s ]
[ 2016-01-05T21:02:39+08:00 ] / | SQL: SHOW COLUMNS FROM `gt_project_agent` [ RunTime:0.003288s ]
[ 2016-01-05T21:02:39+08:00 ] / | SQL: SELECT * FROM `gt_project_agent` [ RunTime:0.000222s ]
[ 2016-01-05T21:02:39+08:00 ] / | NOTIC: [8] Undefined index: pitch CommonAction.class.php 第 39 行.
[ 2016-01-05T21:02:39+08:00 ] / | SQL: SHOW COLUMNS FROM `gt_project_server` [ RunTime:0.003481s ]
[ 2016-01-05T21:02:39+08:00 ] / | SQL: SELECT * FROM `gt_project_server` WHERE  `recommend` = 1  LIMIT 5  [ RunTime:0.000131s ]
[ 2016-01-05T21:02:39+08:00 ] / | SQL: SHOW COLUMNS FROM `gt_project_article` [ RunTime:0.003076s ]
[ 2016-01-05T21:02:39+08:00 ] / | SQL: SELECT `id`,`cateId`,`title` FROM `gt_project_article` WHERE ( `status` = 1 ) AND ( `recommend` = 1 ) AND ( `cateId` = 11 ) ORDER BY `sort` ASC LIMIT 7  [ RunTime:0.000101s ]
[ 2016-01-05T21:02:39+08:00 ] / | SQL: SHOW COLUMNS FROM `gt_project_category` [ RunTime:0.002976s ]
[ 2016-01-05T21:02:39+08:00 ] / | SQL: SELECT * FROM `gt_project_category` WHERE ( `status` = 1 ) AND ( `recommend` = 1 ) AND ( `pid` = 1 ) ORDER BY `sort` ASC LIMIT 5  [ RunTime:0.000216s ]
[ 2016-01-05T21:02:39+08:00 ] / | SQL: SELECT * FROM `gt_project_category` WHERE ( `status` = 1 ) AND ( `recommend` = 1 ) AND ( `pid` = 2 ) ORDER BY `sort` ASC LIMIT 4  [ RunTime:0.000128s ]
[ 2016-01-05T21:02:39+08:00 ] / | NOTIC: [8] Undefined index: gt_uname 0ef38bbeb2228e1af7612d90c638786f.php 第 38 行.
[ 2016-01-05T21:02:39+08:00 ] / | NOTIC: [8] Undefined index: pitch 0ef38bbeb2228e1af7612d90c638786f.php 第 43 行.
[ 2016-01-05T21:02:39+08:00 ] / | NOTIC: [8] Undefined index: gt_uname 0ef38bbeb2228e1af7612d90c638786f.php 第 95 行.
[ 2016-01-05T21:02:39+08:00 ] /?m=Index&a=verify | SQL: SHOW COLUMNS FROM `gt_project_agent` [ RunTime:0.004477s ]
[ 2016-01-05T21:02:39+08:00 ] /?m=Index&a=verify | SQL: SELECT * FROM `gt_project_agent` [ RunTime:0.000209s ]
[ 2016-01-05T21:02:39+08:00 ] /?m=Index&a=verify | NOTIC: [8] Undefined index: pitch CommonAction.class.php 第 39 行.
[ 2016-01-05T21:02:39+08:00 ] /?m=Index&a=verify | SQL: SHOW COLUMNS FROM `gt_project_server` [ RunTime:0.003860s ]
[ 2016-01-05T21:02:39+08:00 ] /?m=Index&a=verify | SQL: SELECT * FROM `gt_project_server` WHERE  `recommend` = 1  LIMIT 5  [ RunTime:0.000155s ]
[ 2016-01-05T21:05:10+08:00 ] /?m=Agent&a=index&pid=1 | SQL: SHOW COLUMNS FROM `gt_project_agent` [ RunTime:0.003895s ]
[ 2016-01-05T21:05:10+08:00 ] /?m=Agent&a=index&pid=1 | SQL: SELECT * FROM `gt_project_agent` [ RunTime:0.000207s ]
[ 2016-01-05T21:05:10+08:00 ] /?m=Agent&a=index&pid=1 | NOTIC: [8] Undefined index: pitch CommonAction.class.php 第 39 行.
[ 2016-01-05T21:05:10+08:00 ] /?m=Agent&a=index&pid=1 | SQL: SHOW COLUMNS FROM `gt_project_server` [ RunTime:0.003317s ]
[ 2016-01-05T21:05:10+08:00 ] /?m=Agent&a=index&pid=1 | SQL: SELECT * FROM `gt_project_server` WHERE  `recommend` = 1  LIMIT 5  [ RunTime:0.000169s ]
[ 2016-01-05T21:05:10+08:00 ] /?m=Agent&a=index&pid=1 | SQL: SHOW COLUMNS FROM `gt_project_agent` [ RunTime:0.003173s ]
[ 2016-01-05T21:05:10+08:00 ] /?m=Agent&a=index&pid=1 | SQL: SELECT `id`,`projectId`,`en_name`,`cn_name` FROM `gt_project_agent` WHERE projectId = 1 ORDER BY id desc [ RunTime:0.000139s ]
[ 2016-01-05T21:05:10+08:00 ] /?m=Agent&a=index&pid=1 | NOTIC: [8] Undefined index: gt_uname 49911e3ce71b4510dda615283121d865.php 第 38 行.
[ 2016-01-05T21:05:10+08:00 ] /?m=Agent&a=index&pid=1 | NOTIC: [8] Undefined index: pitch 49911e3ce71b4510dda615283121d865.php 第 43 行.
[ 2016-01-05T21:05:10+08:00 ] /?m=Index&a=verify | SQL: SHOW COLUMNS FROM `gt_project_agent` [ RunTime:0.004107s ]
[ 2016-01-05T21:05:10+08:00 ] /?m=Index&a=verify | SQL: SELECT * FROM `gt_project_agent` [ RunTime:0.000178s ]
[ 2016-01-05T21:05:10+08:00 ] /?m=Index&a=verify | NOTIC: [8] Undefined index: pitch CommonAction.class.php 第 39 行.
[ 2016-01-05T21:05:10+08:00 ] /?m=Index&a=verify | SQL: SHOW COLUMNS FROM `gt_project_server` [ RunTime:0.003343s ]
[ 2016-01-05T21:05:10+08:00 ] /?m=Index&a=verify | SQL: SELECT * FROM `gt_project_server` WHERE  `recommend` = 1  LIMIT 5  [ RunTime:0.000133s ]
[ 2016-01-05T21:05:12+08:00 ] /?m=Game&a=index&pid=1&aid=64 | SQL: SHOW COLUMNS FROM `gt_project_agent` [ RunTime:0.003244s ]
[ 2016-01-05T21:05:12+08:00 ] /?m=Game&a=index&pid=1&aid=64 | SQL: SELECT * FROM `gt_project_agent` [ RunTime:0.000192s ]
[ 2016-01-05T21:05:12+08:00 ] /?m=Game&a=index&pid=1&aid=64 | NOTIC: [8] Undefined index: pitch CommonAction.class.php 第 39 行.
[ 2016-01-05T21:05:12+08:00 ] /?m=Game&a=index&pid=1&aid=64 | SQL: SHOW COLUMNS FROM `gt_project_server` [ RunTime:0.003011s ]
[ 2016-01-05T21:05:12+08:00 ] /?m=Game&a=index&pid=1&aid=64 | SQL: SELECT * FROM `gt_project_server` WHERE  `recommend` = 1  LIMIT 5  [ RunTime:0.000153s ]
[ 2016-01-05T21:05:12+08:00 ] /?m=Game&a=index&pid=1&aid=64 | NOTIC: [8] Undefined index: gt_uname GameAction.class.php 第 15 行.
[ 2016-01-05T21:05:12+08:00 ] /?m=Game&a=index&pid=1&aid=64 | SQL: SHOW COLUMNS FROM `gt_project_agent` [ RunTime:0.002820s ]
[ 2016-01-05T21:05:12+08:00 ] /?m=Game&a=index&pid=1&aid=64 | SQL: SELECT * FROM `gt_project_agent` WHERE projectId = 1 AND id = 64 LIMIT 1  [ RunTime:0.000136s ]
[ 2016-01-05T21:05:12+08:00 ] /?m=Game&a=index&pid=1&aid=64 | SQL: SHOW COLUMNS FROM `gt_project_server` [ RunTime:0.002656s ]
[ 2016-01-05T21:05:12+08:00 ] /?m=Game&a=index&pid=1&aid=64 | SQL: SELECT * FROM `gt_project_server` WHERE projectId = 1 AND agentid = 64 ORDER BY `id` DESC [ RunTime:0.000601s ]
[ 2016-01-05T21:05:12+08:00 ] /?m=Game&a=index&pid=1&aid=64 | SQL: SELECT * FROM `gt_project_server` WHERE projectId = 1 AND agentid = 64 AND `recommend`=1 ORDER BY `id` DESC LIMIT 1  [ RunTime:0.000174s ]
[ 2016-01-05T21:05:12+08:00 ] /?m=Game&a=index&pid=1&aid=64 | NOTIC: [8] Undefined index: gt_uname 6b7192907ed8a82754282142fbbe70cb.php 第 38 行.
[ 2016-01-05T21:05:12+08:00 ] /?m=Game&a=index&pid=1&aid=64 | NOTIC: [8] Undefined index: pitch 6b7192907ed8a82754282142fbbe70cb.php 第 43 行.
[ 2016-01-05T21:05:12+08:00 ] /?m=Index&a=verify | SQL: SHOW COLUMNS FROM `gt_project_agent` [ RunTime:0.003110s ]
[ 2016-01-05T21:05:12+08:00 ] /?m=Index&a=verify | SQL: SELECT * FROM `gt_project_agent` [ RunTime:0.000143s ]
[ 2016-01-05T21:05:12+08:00 ] /?m=Index&a=verify | NOTIC: [8] Undefined index: pitch CommonAction.class.php 第 39 行.
[ 2016-01-05T21:05:12+08:00 ] /?m=Index&a=verify | SQL: SHOW COLUMNS FROM `gt_project_server` [ RunTime:0.003079s ]
[ 2016-01-05T21:05:12+08:00 ] /?m=Index&a=verify | SQL: SELECT * FROM `gt_project_server` WHERE  `recommend` = 1  LIMIT 5  [ RunTime:0.000140s ]
[ 2016-01-05T21:07:24+08:00 ] /?m=Game&a=index&pid=1&aid=64 | SQL: SHOW COLUMNS FROM `gt_project_agent` [ RunTime:0.004056s ]
[ 2016-01-05T21:07:24+08:00 ] /?m=Game&a=index&pid=1&aid=64 | SQL: SELECT * FROM `gt_project_agent` [ RunTime:0.000197s ]
[ 2016-01-05T21:07:24+08:00 ] /?m=Game&a=index&pid=1&aid=64 | NOTIC: [8] Undefined index: pitch CommonAction.class.php 第 39 行.
[ 2016-01-05T21:07:24+08:00 ] /?m=Game&a=index&pid=1&aid=64 | SQL: SHOW COLUMNS FROM `gt_project_server` [ RunTime:0.003947s ]
[ 2016-01-05T21:07:24+08:00 ] /?m=Game&a=index&pid=1&aid=64 | SQL: SELECT * FROM `gt_project_server` WHERE  `recommend` = 1  LIMIT 5  [ RunTime:0.000150s ]
[ 2016-01-05T21:07:24+08:00 ] /?m=Game&a=index&pid=1&aid=64 | NOTIC: [8] Undefined index: gt_uname GameAction.class.php 第 15 行.
[ 2016-01-05T21:07:24+08:00 ] /?m=Game&a=index&pid=1&aid=64 | SQL: SHOW COLUMNS FROM `gt_project_agent` [ RunTime:0.004854s ]
[ 2016-01-05T21:07:24+08:00 ] /?m=Game&a=index&pid=1&aid=64 | SQL: SELECT * FROM `gt_project_agent` WHERE projectId = 1 AND id = 64 LIMIT 1  [ RunTime:0.000164s ]
[ 2016-01-05T21:07:24+08:00 ] /?m=Game&a=index&pid=1&aid=64 | SQL: SHOW COLUMNS FROM `gt_project_server` [ RunTime:0.005360s ]
[ 2016-01-05T21:07:24+08:00 ] /?m=Game&a=index&pid=1&aid=64 | SQL: SELECT * FROM `gt_project_server` WHERE projectId = 1 AND agentid = 64 ORDER BY `id` DESC [ RunTime:0.000696s ]
[ 2016-01-05T21:07:24+08:00 ] /?m=Game&a=index&pid=1&aid=64 | SQL: SELECT * FROM `gt_project_server` WHERE projectId = 1 AND agentid = 64 AND `recommend`=1 ORDER BY `id` DESC LIMIT 1  [ RunTime:0.000135s ]
[ 2016-01-05T21:07:24+08:00 ] /?m=Game&a=index&pid=1&aid=64 | NOTIC: [8] Undefined index: gt_uname 6b7192907ed8a82754282142fbbe70cb.php 第 38 行.
[ 2016-01-05T21:07:24+08:00 ] /?m=Game&a=index&pid=1&aid=64 | NOTIC: [8] Undefined index: pitch 6b7192907ed8a82754282142fbbe70cb.php 第 43 行.
[ 2016-01-05T21:07:24+08:00 ] /?m=Index&a=verify | SQL: SHOW COLUMNS FROM `gt_project_agent` [ RunTime:0.005661s ]
[ 2016-01-05T21:07:24+08:00 ] /?m=Index&a=verify | SQL: SELECT * FROM `gt_project_agent` [ RunTime:0.000208s ]
[ 2016-01-05T21:07:24+08:00 ] /?m=Index&a=verify | NOTIC: [8] Undefined index: pitch CommonAction.class.php 第 39 行.
[ 2016-01-05T21:07:24+08:00 ] /?m=Index&a=verify | SQL: SHOW COLUMNS FROM `gt_project_server` [ RunTime:0.003901s ]
[ 2016-01-05T21:07:24+08:00 ] /?m=Index&a=verify | SQL: SELECT * FROM `gt_project_server` WHERE  `recommend` = 1  LIMIT 5  [ RunTime:0.000145s ]
[ 2016-01-05T21:08:11+08:00 ] /?m=Game&a=index&pid=1&aid=64 | SQL: SHOW COLUMNS FROM `gt_project_agent` [ RunTime:0.003329s ]
[ 2016-01-05T21:08:11+08:00 ] /?m=Game&a=index&pid=1&aid=64 | SQL: SELECT * FROM `gt_project_agent` [ RunTime:0.000202s ]
[ 2016-01-05T21:08:11+08:00 ] /?m=Game&a=index&pid=1&aid=64 | NOTIC: [8] Undefined index: pitch CommonAction.class.php 第 39 行.
[ 2016-01-05T21:08:11+08:00 ] /?m=Game&a=index&pid=1&aid=64 | SQL: SHOW COLUMNS FROM `gt_project_server` [ RunTime:0.003551s ]
[ 2016-01-05T21:08:11+08:00 ] /?m=Game&a=index&pid=1&aid=64 | SQL: SELECT * FROM `gt_project_server` WHERE  `recommend` = 1  LIMIT 5  [ RunTime:0.000132s ]
[ 2016-01-05T21:08:11+08:00 ] /?m=Game&a=index&pid=1&aid=64 | NOTIC: [8] Undefined index: gt_uname GameAction.class.php 第 15 行.
[ 2016-01-05T21:08:11+08:00 ] /?m=Game&a=index&pid=1&aid=64 | SQL: SHOW COLUMNS FROM `gt_project_agent` [ RunTime:0.004118s ]
[ 2016-01-05T21:08:11+08:00 ] /?m=Game&a=index&pid=1&aid=64 | SQL: SELECT * FROM `gt_project_agent` WHERE projectId = 1 AND id = 64 LIMIT 1  [ RunTime:0.000143s ]
[ 2016-01-05T21:08:11+08:00 ] /?m=Game&a=index&pid=1&aid=64 | SQL: SHOW COLUMNS FROM `gt_project_server` [ RunTime:0.003488s ]
[ 2016-01-05T21:08:11+08:00 ] /?m=Game&a=index&pid=1&aid=64 | SQL: SELECT * FROM `gt_project_server` WHERE projectId = 1 AND agentid = 64 ORDER BY `id` ASC [ RunTime:0.001231s ]
[ 2016-01-05T21:08:11+08:00 ] /?m=Game&a=index&pid=1&aid=64 | SQL: SELECT * FROM `gt_project_server` WHERE projectId = 1 AND agentid = 64 AND `recommend`=1 ORDER BY `id` DESC LIMIT 1  [ RunTime:0.000182s ]
[ 2016-01-05T21:08:11+08:00 ] /?m=Game&a=index&pid=1&aid=64 | NOTIC: [8] Undefined index: gt_uname 6b7192907ed8a82754282142fbbe70cb.php 第 38 行.
[ 2016-01-05T21:08:11+08:00 ] /?m=Game&a=index&pid=1&aid=64 | NOTIC: [8] Undefined index: pitch 6b7192907ed8a82754282142fbbe70cb.php 第 43 行.
[ 2016-01-05T21:08:22+08:00 ] /?m=Game&a=index&pid=1&aid=64 | SQL: SHOW COLUMNS FROM `gt_project_agent` [ RunTime:0.003619s ]
[ 2016-01-05T21:08:22+08:00 ] /?m=Game&a=index&pid=1&aid=64 | SQL: SELECT * FROM `gt_project_agent` [ RunTime:0.000609s ]
[ 2016-01-05T21:08:22+08:00 ] /?m=Game&a=index&pid=1&aid=64 | NOTIC: [8] Undefined index: pitch CommonAction.class.php 第 39 行.
[ 2016-01-05T21:08:22+08:00 ] /?m=Game&a=index&pid=1&aid=64 | SQL: SHOW COLUMNS FROM `gt_project_server` [ RunTime:0.003227s ]
[ 2016-01-05T21:08:22+08:00 ] /?m=Game&a=index&pid=1&aid=64 | SQL: SELECT * FROM `gt_project_server` WHERE  `recommend` = 1  LIMIT 5  [ RunTime:0.000150s ]
[ 2016-01-05T21:08:22+08:00 ] /?m=Game&a=index&pid=1&aid=64 | NOTIC: [8] Undefined index: gt_uname GameAction.class.php 第 15 行.
[ 2016-01-05T21:08:22+08:00 ] /?m=Game&a=index&pid=1&aid=64 | SQL: SHOW COLUMNS FROM `gt_project_agent` [ RunTime:0.003480s ]
[ 2016-01-05T21:08:22+08:00 ] /?m=Game&a=index&pid=1&aid=64 | SQL: SELECT * FROM `gt_project_agent` WHERE projectId = 1 AND id = 64 LIMIT 1  [ RunTime:0.000144s ]
[ 2016-01-05T21:08:22+08:00 ] /?m=Game&a=index&pid=1&aid=64 | SQL: SHOW COLUMNS FROM `gt_project_server` [ RunTime:0.003748s ]
[ 2016-01-05T21:08:22+08:00 ] /?m=Game&a=index&pid=1&aid=64 | SQL: SELECT * FROM `gt_project_server` WHERE projectId = 1 AND agentid = 64 ORDER BY `id` ASC [ RunTime:0.000389s ]
[ 2016-01-05T21:08:22+08:00 ] /?m=Game&a=index&pid=1&aid=64 | SQL: SELECT * FROM `gt_project_server` WHERE projectId = 1 AND agentid = 64 AND `recommend`=1 ORDER BY `id` DESC LIMIT 1  [ RunTime:0.000103s ]
[ 2016-01-05T21:08:22+08:00 ] /?m=Game&a=index&pid=1&aid=64 | NOTIC: [8] Undefined index: gt_uname 6b7192907ed8a82754282142fbbe70cb.php 第 38 行.
[ 2016-01-05T21:08:22+08:00 ] /?m=Game&a=index&pid=1&aid=64 | NOTIC: [8] Undefined index: pitch 6b7192907ed8a82754282142fbbe70cb.php 第 43 行.
[ 2016-01-05T21:08:22+08:00 ] /?m=Index&a=verify | SQL: SHOW COLUMNS FROM `gt_project_agent` [ RunTime:0.003741s ]
[ 2016-01-05T21:08:22+08:00 ] /?m=Index&a=verify | SQL: SELECT * FROM `gt_project_agent` [ RunTime:0.000178s ]
[ 2016-01-05T21:08:22+08:00 ] /?m=Index&a=verify | NOTIC: [8] Undefined index: pitch CommonAction.class.php 第 39 行.
[ 2016-01-05T21:08:22+08:00 ] /?m=Index&a=verify | SQL: SHOW COLUMNS FROM `gt_project_server` [ RunTime:0.003853s ]
[ 2016-01-05T21:08:22+08:00 ] /?m=Index&a=verify | SQL: SELECT * FROM `gt_project_server` WHERE  `recommend` = 1  LIMIT 5  [ RunTime:0.000148s ]
[ 2016-01-05T21:08:37+08:00 ] /?m=Game&a=index&pid=1&aid=64 | SQL: SHOW COLUMNS FROM `gt_project_agent` [ RunTime:0.004330s ]
[ 2016-01-05T21:08:37+08:00 ] /?m=Game&a=index&pid=1&aid=64 | SQL: SELECT * FROM `gt_project_agent` [ RunTime:0.000262s ]
[ 2016-01-05T21:08:37+08:00 ] /?m=Game&a=index&pid=1&aid=64 | NOTIC: [8] Undefined index: pitch CommonAction.class.php 第 39 行.
[ 2016-01-05T21:08:37+08:00 ] /?m=Game&a=index&pid=1&aid=64 | SQL: SHOW COLUMNS FROM `gt_project_server` [ RunTime:0.003950s ]
[ 2016-01-05T21:08:37+08:00 ] /?m=Game&a=index&pid=1&aid=64 | SQL: SELECT * FROM `gt_project_server` WHERE  `recommend` = 1  LIMIT 5  [ RunTime:0.000228s ]
[ 2016-01-05T21:08:37+08:00 ] /?m=Game&a=index&pid=1&aid=64 | NOTIC: [8] Undefined index: gt_uname GameAction.class.php 第 15 行.
[ 2016-01-05T21:08:37+08:00 ] /?m=Game&a=index&pid=1&aid=64 | SQL: SHOW COLUMNS FROM `gt_project_agent` [ RunTime:0.004466s ]
[ 2016-01-05T21:08:37+08:00 ] /?m=Game&a=index&pid=1&aid=64 | SQL: SELECT * FROM `gt_project_agent` WHERE projectId = 1 AND id = 64 LIMIT 1  [ RunTime:0.000157s ]
[ 2016-01-05T21:08:37+08:00 ] /?m=Game&a=index&pid=1&aid=64 | SQL: SHOW COLUMNS FROM `gt_project_server` [ RunTime:0.003605s ]
[ 2016-01-05T21:08:37+08:00 ] /?m=Game&a=index&pid=1&aid=64 | SQL: SELECT * FROM `gt_project_server` WHERE projectId = 1 AND agentid = 64 ORDER BY `id` ASC [ RunTime:0.000518s ]
[ 2016-01-05T21:08:37+08:00 ] /?m=Game&a=index&pid=1&aid=64 | SQL: SELECT * FROM `gt_project_server` WHERE projectId = 1 AND agentid = 64 AND `recommend`=1 ORDER BY `id` DESC LIMIT 1  [ RunTime:0.000110s ]
[ 2016-01-05T21:08:37+08:00 ] /?m=Game&a=index&pid=1&aid=64 | NOTIC: [8] Undefined index: gt_uname 6b7192907ed8a82754282142fbbe70cb.php 第 38 行.
[ 2016-01-05T21:08:37+08:00 ] /?m=Game&a=index&pid=1&aid=64 | NOTIC: [8] Undefined index: pitch 6b7192907ed8a82754282142fbbe70cb.php 第 43 行.
[ 2016-01-05T21:08:37+08:00 ] /?m=Index&a=verify | SQL: SHOW COLUMNS FROM `gt_project_agent` [ RunTime:0.003369s ]
[ 2016-01-05T21:08:37+08:00 ] /?m=Index&a=verify | SQL: SELECT * FROM `gt_project_agent` [ RunTime:0.000262s ]
[ 2016-01-05T21:08:37+08:00 ] /?m=Index&a=verify | NOTIC: [8] Undefined index: pitch CommonAction.class.php 第 39 行.
[ 2016-01-05T21:08:37+08:00 ] /?m=Index&a=verify | SQL: SHOW COLUMNS FROM `gt_project_server` [ RunTime:0.003410s ]
[ 2016-01-05T21:08:37+08:00 ] /?m=Index&a=verify | SQL: SELECT * FROM `gt_project_server` WHERE  `recommend` = 1  LIMIT 5  [ RunTime:0.000127s ]
[ 2016-01-05T21:08:38+08:00 ] /?m=Game&a=index&pid=1&aid=64 | SQL: SHOW COLUMNS FROM `gt_project_agent` [ RunTime:0.004758s ]
[ 2016-01-05T21:08:38+08:00 ] /?m=Game&a=index&pid=1&aid=64 | SQL: SELECT * FROM `gt_project_agent` [ RunTime:0.000231s ]
[ 2016-01-05T21:08:38+08:00 ] /?m=Game&a=index&pid=1&aid=64 | NOTIC: [8] Undefined index: pitch CommonAction.class.php 第 39 行.
[ 2016-01-05T21:08:38+08:00 ] /?m=Game&a=index&pid=1&aid=64 | SQL: SHOW COLUMNS FROM `gt_project_server` [ RunTime:0.002799s ]
[ 2016-01-05T21:08:38+08:00 ] /?m=Game&a=index&pid=1&aid=64 | SQL: SELECT * FROM `gt_project_server` WHERE  `recommend` = 1  LIMIT 5  [ RunTime:0.000143s ]
[ 2016-01-05T21:08:38+08:00 ] /?m=Game&a=index&pid=1&aid=64 | NOTIC: [8] Undefined index: gt_uname GameAction.class.php 第 15 行.
[ 2016-01-05T21:08:38+08:00 ] /?m=Game&a=index&pid=1&aid=64 | SQL: SHOW COLUMNS FROM `gt_project_agent` [ RunTime:0.002987s ]
[ 2016-01-05T21:08:38+08:00 ] /?m=Game&a=index&pid=1&aid=64 | SQL: SELECT * FROM `gt_project_agent` WHERE projectId = 1 AND id = 64 LIMIT 1  [ RunTime:0.000130s ]
[ 2016-01-05T21:08:38+08:00 ] /?m=Game&a=index&pid=1&aid=64 | SQL: SHOW COLUMNS FROM `gt_project_server` [ RunTime:0.002750s ]
[ 2016-01-05T21:08:38+08:00 ] /?m=Game&a=index&pid=1&aid=64 | SQL: SELECT * FROM `gt_project_server` WHERE projectId = 1 AND agentid = 64 ORDER BY `id` ASC [ RunTime:0.000379s ]
[ 2016-01-05T21:08:38+08:00 ] /?m=Game&a=index&pid=1&aid=64 | SQL: SELECT * FROM `gt_project_server` WHERE projectId = 1 AND agentid = 64 AND `recommend`=1 ORDER BY `id` DESC LIMIT 1  [ RunTime:0.000101s ]
[ 2016-01-05T21:08:38+08:00 ] /?m=Game&a=index&pid=1&aid=64 | NOTIC: [8] Undefined index: gt_uname 6b7192907ed8a82754282142fbbe70cb.php 第 38 行.
[ 2016-01-05T21:08:38+08:00 ] /?m=Game&a=index&pid=1&aid=64 | NOTIC: [8] Undefined index: pitch 6b7192907ed8a82754282142fbbe70cb.php 第 43 行.
[ 2016-01-05T21:08:38+08:00 ] /?m=Index&a=verify | SQL: SHOW COLUMNS FROM `gt_project_agent` [ RunTime:0.004455s ]
[ 2016-01-05T21:08:38+08:00 ] /?m=Index&a=verify | SQL: SELECT * FROM `gt_project_agent` [ RunTime:0.000193s ]
[ 2016-01-05T21:08:38+08:00 ] /?m=Index&a=verify | NOTIC: [8] Undefined index: pitch CommonAction.class.php 第 39 行.
[ 2016-01-05T21:08:38+08:00 ] /?m=Index&a=verify | SQL: SHOW COLUMNS FROM `gt_project_server` [ RunTime:0.003552s ]
[ 2016-01-05T21:08:38+08:00 ] /?m=Index&a=verify | SQL: SELECT * FROM `gt_project_server` WHERE  `recommend` = 1  LIMIT 5  [ RunTime:0.000161s ]
[ 2016-01-05T21:09:14+08:00 ] /index.php?m=Pay&pitch=pay | SQL: SHOW COLUMNS FROM `gt_project_agent` [ RunTime:0.003781s ]
[ 2016-01-05T21:09:14+08:00 ] /index.php?m=Pay&pitch=pay | SQL: SELECT * FROM `gt_project_agent` [ RunTime:0.000170s ]
[ 2016-01-05T21:09:14+08:00 ] /index.php?m=Pay&pitch=pay | SQL: SHOW COLUMNS FROM `gt_project_server` [ RunTime:0.004005s ]
[ 2016-01-05T21:09:14+08:00 ] /index.php?m=Pay&pitch=pay | SQL: SELECT * FROM `gt_project_server` WHERE  `recommend` = 1  LIMIT 5  [ RunTime:0.000156s ]
[ 2016-01-05T21:09:14+08:00 ] /index.php?m=Pay&pitch=pay | SQL: SHOW COLUMNS FROM `gt_project_agent` [ RunTime:0.003466s ]
[ 2016-01-05T21:09:14+08:00 ] /index.php?m=Pay&pitch=pay | SQL: SELECT `id`,`cn_name` FROM `gt_project_agent` ORDER BY id ASC [ RunTime:0.000311s ]
[ 2016-01-05T21:09:14+08:00 ] /index.php?m=Pay&pitch=pay | NOTIC: [8] Undefined variable: web_domian 6c9c9c80ba15f77cf63c217380080955.php 第 142 行.
[ 2016-01-05T21:09:14+08:00 ] /index.php?m=Pay&pitch=pay | NOTIC: [8] Undefined variable: config 6c9c9c80ba15f77cf63c217380080955.php 第 142 行.
[ 2016-01-05T21:09:14+08:00 ] /index.php?m=Pay&pitch=pay | NOTIC: [8] Undefined variable: group functions.php 第 94 行.
[ 2016-01-05T21:09:14+08:00 ] /index.php?m=Index&a=verify | SQL: SHOW COLUMNS FROM `gt_project_agent` [ RunTime:0.004397s ]
[ 2016-01-05T21:09:14+08:00 ] /index.php?m=Index&a=verify | SQL: SELECT * FROM `gt_project_agent` [ RunTime:0.000217s ]
[ 2016-01-05T21:09:14+08:00 ] /index.php?m=Index&a=verify | NOTIC: [8] Undefined index: pitch CommonAction.class.php 第 39 行.
[ 2016-01-05T21:09:14+08:00 ] /index.php?m=Index&a=verify | SQL: SHOW COLUMNS FROM `gt_project_server` [ RunTime:0.004551s ]
[ 2016-01-05T21:09:14+08:00 ] /index.php?m=Index&a=verify | SQL: SELECT * FROM `gt_project_server` WHERE  `recommend` = 1  LIMIT 5  [ RunTime:0.000225s ]
[ 2016-01-05T21:30:51+08:00 ] /index.php?m=Pay&pitch=pay | SQL: SHOW COLUMNS FROM `gt_project_agent` [ RunTime:0.002866s ]
[ 2016-01-05T21:30:51+08:00 ] /index.php?m=Pay&pitch=pay | SQL: SELECT * FROM `gt_project_agent` [ RunTime:0.000116s ]
[ 2016-01-05T21:30:51+08:00 ] /index.php?m=Pay&pitch=pay | SQL: SHOW COLUMNS FROM `gt_project_server` [ RunTime:0.003469s ]
[ 2016-01-05T21:30:51+08:00 ] /index.php?m=Pay&pitch=pay | SQL: SELECT * FROM `gt_project_server` WHERE  `recommend` = 1  LIMIT 5  [ RunTime:0.000183s ]
[ 2016-01-05T21:30:51+08:00 ] /index.php?m=Pay&pitch=pay | SQL: SHOW COLUMNS FROM `gt_project_agent` [ RunTime:0.003002s ]
[ 2016-01-05T21:30:51+08:00 ] /index.php?m=Pay&pitch=pay | SQL: SELECT `id`,`cn_name` FROM `gt_project_agent` ORDER BY id ASC [ RunTime:0.000118s ]
[ 2016-01-05T21:30:51+08:00 ] /index.php?m=Pay&pitch=pay | NOTIC: [8] Undefined variable: web_domian 6c9c9c80ba15f77cf63c217380080955.php 第 142 行.
[ 2016-01-05T21:30:51+08:00 ] /index.php?m=Pay&pitch=pay | NOTIC: [8] Undefined variable: config 6c9c9c80ba15f77cf63c217380080955.php 第 142 行.
[ 2016-01-05T21:30:51+08:00 ] /index.php?m=Pay&pitch=pay | NOTIC: [8] Undefined variable: group functions.php 第 94 行.
[ 2016-01-05T21:30:52+08:00 ] /index.php?m=Index&a=verify | SQL: SHOW COLUMNS FROM `gt_project_agent` [ RunTime:0.003304s ]
[ 2016-01-05T21:30:52+08:00 ] /index.php?m=Index&a=verify | SQL: SELECT * FROM `gt_project_agent` [ RunTime:0.000190s ]
[ 2016-01-05T21:30:52+08:00 ] /index.php?m=Index&a=verify | NOTIC: [8] Undefined index: pitch CommonAction.class.php 第 39 行.
[ 2016-01-05T21:30:52+08:00 ] /index.php?m=Index&a=verify | SQL: SHOW COLUMNS FROM `gt_project_server` [ RunTime:0.003190s ]
[ 2016-01-05T21:30:52+08:00 ] /index.php?m=Index&a=verify | SQL: SELECT * FROM `gt_project_server` WHERE  `recommend` = 1  LIMIT 5  [ RunTime:0.000161s ]
[ 2016-01-05T21:35:26+08:00 ] /index.php?m=Pay&pitch=pay | SQL: SHOW COLUMNS FROM `gt_project_agent` [ RunTime:0.003244s ]
[ 2016-01-05T21:35:26+08:00 ] /index.php?m=Pay&pitch=pay | SQL: SELECT * FROM `gt_project_agent` [ RunTime:0.000221s ]
[ 2016-01-05T21:35:26+08:00 ] /index.php?m=Pay&pitch=pay | SQL: SHOW COLUMNS FROM `gt_project_server` [ RunTime:0.003128s ]
[ 2016-01-05T21:35:26+08:00 ] /index.php?m=Pay&pitch=pay | SQL: SELECT * FROM `gt_project_server` WHERE  `recommend` = 1  LIMIT 5  [ RunTime:0.000148s ]
[ 2016-01-05T21:35:26+08:00 ] /index.php?m=Pay&pitch=pay | SQL: SHOW COLUMNS FROM `gt_project_agent` [ RunTime:0.002771s ]
[ 2016-01-05T21:35:26+08:00 ] /index.php?m=Pay&pitch=pay | SQL: SELECT `id`,`cn_name` FROM `gt_project_agent` ORDER BY id ASC [ RunTime:0.000116s ]
[ 2016-01-05T21:35:26+08:00 ] /index.php?m=Pay&pitch=pay | NOTIC: [8] Undefined variable: web_domian 6c9c9c80ba15f77cf63c217380080955.php 第 142 行.
[ 2016-01-05T21:35:26+08:00 ] /index.php?m=Pay&pitch=pay | NOTIC: [8] Undefined variable: config 6c9c9c80ba15f77cf63c217380080955.php 第 142 行.
[ 2016-01-05T21:35:26+08:00 ] /index.php?m=Pay&pitch=pay | NOTIC: [8] Undefined variable: group functions.php 第 94 行.
[ 2016-01-05T21:35:26+08:00 ] /index.php?m=Index&a=verify | SQL: SHOW COLUMNS FROM `gt_project_agent` [ RunTime:0.004012s ]
[ 2016-01-05T21:35:26+08:00 ] /index.php?m=Index&a=verify | SQL: SELECT * FROM `gt_project_agent` [ RunTime:0.000206s ]
[ 2016-01-05T21:35:26+08:00 ] /index.php?m=Index&a=verify | NOTIC: [8] Undefined index: pitch CommonAction.class.php 第 39 行.
[ 2016-01-05T21:35:26+08:00 ] /index.php?m=Index&a=verify | SQL: SHOW COLUMNS FROM `gt_project_server` [ RunTime:0.003204s ]
[ 2016-01-05T21:35:26+08:00 ] /index.php?m=Index&a=verify | SQL: SELECT * FROM `gt_project_server` WHERE  `recommend` = 1  LIMIT 5  [ RunTime:0.000162s ]
[ 2016-01-05T22:49:34+08:00 ] /index.php?m=Pay&pitch=pay | SQL: SHOW COLUMNS FROM `gt_project_agent` [ RunTime:0.003153s ]
[ 2016-01-05T22:49:34+08:00 ] /index.php?m=Pay&pitch=pay | SQL: SELECT * FROM `gt_project_agent` [ RunTime:0.000170s ]
[ 2016-01-05T22:49:34+08:00 ] /index.php?m=Pay&pitch=pay | SQL: SHOW COLUMNS FROM `gt_project_server` [ RunTime:0.003649s ]
[ 2016-01-05T22:49:34+08:00 ] /index.php?m=Pay&pitch=pay | SQL: SELECT * FROM `gt_project_server` WHERE  `recommend` = 1  LIMIT 5  [ RunTime:0.000159s ]
[ 2016-01-05T22:49:34+08:00 ] /index.php?m=Pay&pitch=pay | SQL: SHOW COLUMNS FROM `gt_project_agent` [ RunTime:0.002931s ]
[ 2016-01-05T22:49:34+08:00 ] /index.php?m=Pay&pitch=pay | SQL: SELECT `id`,`cn_name` FROM `gt_project_agent` ORDER BY id ASC [ RunTime:0.000119s ]
[ 2016-01-05T22:49:34+08:00 ] /index.php?m=Pay&pitch=pay | NOTIC: [8] Undefined variable: web_domian 6c9c9c80ba15f77cf63c217380080955.php 第 142 行.
[ 2016-01-05T22:49:34+08:00 ] /index.php?m=Pay&pitch=pay | NOTIC: [8] Undefined variable: config 6c9c9c80ba15f77cf63c217380080955.php 第 142 行.
[ 2016-01-05T22:49:34+08:00 ] /index.php?m=Pay&pitch=pay | NOTIC: [8] Undefined variable: group functions.php 第 94 行.
[ 2016-01-05T22:49:34+08:00 ] /index.php?m=Index&a=verify | SQL: SHOW COLUMNS FROM `gt_project_agent` [ RunTime:0.004155s ]
[ 2016-01-05T22:49:34+08:00 ] /index.php?m=Index&a=verify | SQL: SELECT * FROM `gt_project_agent` [ RunTime:0.000165s ]
[ 2016-01-05T22:49:34+08:00 ] /index.php?m=Index&a=verify | NOTIC: [8] Undefined index: pitch CommonAction.class.php 第 39 行.
[ 2016-01-05T22:49:34+08:00 ] /index.php?m=Index&a=verify | SQL: SHOW COLUMNS FROM `gt_project_server` [ RunTime:0.004084s ]
[ 2016-01-05T22:49:34+08:00 ] /index.php?m=Index&a=verify | SQL: SELECT * FROM `gt_project_server` WHERE  `recommend` = 1  LIMIT 5  [ RunTime:0.000298s ]
[ 2016-01-05T22:50:41+08:00 ] /index.php?m=Pay&pitch=pay | SQL: SHOW COLUMNS FROM `gt_project_agent` [ RunTime:0.005313s ]
[ 2016-01-05T22:50:41+08:00 ] /index.php?m=Pay&pitch=pay | SQL: SELECT * FROM `gt_project_agent` [ RunTime:0.000260s ]
[ 2016-01-05T22:50:41+08:00 ] /index.php?m=Pay&pitch=pay | SQL: SHOW COLUMNS FROM `gt_project_server` [ RunTime:0.004331s ]
[ 2016-01-05T22:50:41+08:00 ] /index.php?m=Pay&pitch=pay | SQL: SELECT * FROM `gt_project_server` WHERE  `recommend` = 1  LIMIT 5  [ RunTime:0.000171s ]
[ 2016-01-05T22:50:41+08:00 ] /index.php?m=Pay&pitch=pay | SQL: SHOW COLUMNS FROM `gt_project_agent` [ RunTime:0.003401s ]
[ 2016-01-05T22:50:41+08:00 ] /index.php?m=Pay&pitch=pay | SQL: SELECT `id`,`cn_name` FROM `gt_project_agent` ORDER BY id ASC [ RunTime:0.000126s ]
[ 2016-01-05T22:50:41+08:00 ] /index.php?m=Pay&pitch=pay | NOTIC: [8] Undefined variable: web_domian 6c9c9c80ba15f77cf63c217380080955.php 第 142 行.
[ 2016-01-05T22:50:41+08:00 ] /index.php?m=Pay&pitch=pay | NOTIC: [8] Undefined variable: config 6c9c9c80ba15f77cf63c217380080955.php 第 142 行.
[ 2016-01-05T22:50:41+08:00 ] /index.php?m=Pay&pitch=pay | NOTIC: [8] Undefined variable: group functions.php 第 94 行.
[ 2016-01-05T22:50:41+08:00 ] /index.php?m=Index&a=verify | SQL: SHOW COLUMNS FROM `gt_project_agent` [ RunTime:0.004361s ]
[ 2016-01-05T22:50:41+08:00 ] /index.php?m=Index&a=verify | SQL: SELECT * FROM `gt_project_agent` [ RunTime:0.000152s ]
[ 2016-01-05T22:50:41+08:00 ] /index.php?m=Index&a=verify | NOTIC: [8] Undefined index: pitch CommonAction.class.php 第 39 行.
[ 2016-01-05T22:50:41+08:00 ] /index.php?m=Index&a=verify | SQL: SHOW COLUMNS FROM `gt_project_server` [ RunTime:0.004047s ]
[ 2016-01-05T22:50:41+08:00 ] /index.php?m=Index&a=verify | SQL: SELECT * FROM `gt_project_server` WHERE  `recommend` = 1  LIMIT 5  [ RunTime:0.000154s ]
[ 2016-01-05T22:51:06+08:00 ] /index.php?m=Pay&a=begin_pay | SQL: SHOW COLUMNS FROM `gt_project_agent` [ RunTime:0.003600s ]
[ 2016-01-05T22:51:06+08:00 ] /index.php?m=Pay&a=begin_pay | SQL: SELECT * FROM `gt_project_agent` [ RunTime:0.000162s ]
[ 2016-01-05T22:51:06+08:00 ] /index.php?m=Pay&a=begin_pay | NOTIC: [8] Undefined index: pitch CommonAction.class.php 第 39 行.
[ 2016-01-05T22:51:06+08:00 ] /index.php?m=Pay&a=begin_pay | SQL: SHOW COLUMNS FROM `gt_project_server` [ RunTime:0.003723s ]
[ 2016-01-05T22:51:06+08:00 ] /index.php?m=Pay&a=begin_pay | SQL: SELECT * FROM `gt_project_server` WHERE  `recommend` = 1  LIMIT 5  [ RunTime:0.000139s ]
[ 2016-01-05T22:51:06+08:00 ] /index.php?m=Pay&a=begin_pay | SQL: SHOW COLUMNS FROM `gt_project_agent` [ RunTime:0.004858s ]
[ 2016-01-05T22:51:06+08:00 ] /index.php?m=Pay&a=begin_pay | SQL: SELECT `loginSecret`,`apiUrl` FROM `gt_project_agent` WHERE ( `id` = 64 ) ORDER BY id ASC LIMIT 1  [ RunTime:0.000107s ]
[ 2016-01-05T22:51:06+08:00 ] /index.php?m=Pay&a=begin_pay | SQL: SHOW COLUMNS FROM `gt_project_users` [ RunTime:0.003661s ]
[ 2016-01-05T22:51:06+08:00 ] /index.php?m=Pay&a=begin_pay | SQL: SELECT `suid` FROM `gt_project_users` WHERE ( `username` = 'sam123' ) LIMIT 1  [ RunTime:0.000105s ]
[ 2016-01-05T22:51:06+08:00 ] /index.php?m=Pay&a=begin_pay | NOTIC: [8] curl_setopt(): CURLOPT_SSL_VERIFYHOST no longer accepts the value 1, value 2 will be used instead PayAction.class.php 第 686 行.
[ 2016-01-05T22:51:06+08:00 ] /index.php?m=Pay&a=begin_pay | NOTIC: [8] Undefined index: ret PayAction.class.php 第 65 行.
[ 2016-01-05T22:51:06+08:00 ] /index.php?m=Pay&a=begin_pay | SQL: SELECT * FROM `gt_project_agent` WHERE ( `id` = 64 ) LIMIT 1  [ RunTime:0.000391s ]
[ 2016-01-05T22:51:06+08:00 ] /index.php?m=Pay&a=begin_pay | NOTIC: [8] Undefined variable: pay_where PayAction.class.php 第 77 行.
[ 2016-01-05T22:51:06+08:00 ] /index.php?m=Pay&a=begin_pay | SQL: SHOW COLUMNS FROM `gt_project_server` [ RunTime:0.003215s ]
[ 2016-01-05T22:51:06+08:00 ] /index.php?m=Pay&a=begin_pay | SQL: SELECT * FROM `gt_project_server` WHERE ( `agentid` = 64 ) AND ( `id` = 1 ) LIMIT 1  [ RunTime:0.000292s ]
[ 2016-01-05T22:51:06+08:00 ] /index.php?m=Pay&a=begin_pay | SQL: SHOW COLUMNS FROM `gt_project_order` [ RunTime:0.112292s ]
[ 2016-01-05T22:51:06+08:00 ] /index.php?m=Pay&a=begin_pay | SQL: INSERT INTO `gt_project_order` (`user_id`,`user`,`order_id`,`game_id`,`server_id`,`money`,`amount`,`createtime`) VALUES ('4475','sam123','2016010522510643',64,1,10,300,1452005466) [ RunTime:0.036044s ]
[ 2016-01-05T23:27:51+08:00 ] /index.php?m=Pay&pitch=pay | SQL: SHOW COLUMNS FROM `gt_project_agent` [ RunTime:0.003531s ]
[ 2016-01-05T23:27:51+08:00 ] /index.php?m=Pay&pitch=pay | SQL: SELECT * FROM `gt_project_agent` [ RunTime:0.000259s ]
[ 2016-01-05T23:27:51+08:00 ] /index.php?m=Pay&pitch=pay | SQL: SHOW COLUMNS FROM `gt_project_server` [ RunTime:0.003529s ]
[ 2016-01-05T23:27:51+08:00 ] /index.php?m=Pay&pitch=pay | SQL: SELECT * FROM `gt_project_server` WHERE  `recommend` = 1  LIMIT 5  [ RunTime:0.000132s ]
[ 2016-01-05T23:27:51+08:00 ] /index.php?m=Pay&pitch=pay | SQL: SHOW COLUMNS FROM `gt_project_agent` [ RunTime:0.002796s ]
[ 2016-01-05T23:27:51+08:00 ] /index.php?m=Pay&pitch=pay | SQL: SELECT `id`,`cn_name` FROM `gt_project_agent` ORDER BY id ASC [ RunTime:0.000099s ]
[ 2016-01-05T23:27:51+08:00 ] /index.php?m=Pay&pitch=pay | NOTIC: [8] Undefined variable: web_domian 6c9c9c80ba15f77cf63c217380080955.php 第 142 行.
[ 2016-01-05T23:27:51+08:00 ] /index.php?m=Pay&pitch=pay | NOTIC: [8] Undefined variable: config 6c9c9c80ba15f77cf63c217380080955.php 第 142 行.
[ 2016-01-05T23:27:51+08:00 ] /index.php?m=Pay&pitch=pay | NOTIC: [8] Undefined variable: group functions.php 第 94 行.
[ 2016-01-05T23:27:52+08:00 ] /index.php?m=Index&a=verify | SQL: SHOW COLUMNS FROM `gt_project_agent` [ RunTime:0.003786s ]
[ 2016-01-05T23:27:52+08:00 ] /index.php?m=Index&a=verify | SQL: SELECT * FROM `gt_project_agent` [ RunTime:0.000161s ]
[ 2016-01-05T23:27:52+08:00 ] /index.php?m=Index&a=verify | NOTIC: [8] Undefined index: pitch CommonAction.class.php 第 39 行.
[ 2016-01-05T23:27:52+08:00 ] /index.php?m=Index&a=verify | SQL: SHOW COLUMNS FROM `gt_project_server` [ RunTime:0.003488s ]
[ 2016-01-05T23:27:52+08:00 ] /index.php?m=Index&a=verify | SQL: SELECT * FROM `gt_project_server` WHERE  `recommend` = 1  LIMIT 5  [ RunTime:0.000137s ]
