[ 2016-01-29T22:20:27+08:00 ] / | NOTIC: [2048] Declaration of IndexAction::error() should be compatible with Action::error($message, $ajax = false) IndexAction.class.php 第 9 行.
[ 2016-01-29T22:20:27+08:00 ] / | SQL: SHOW COLUMNS FROM `gt_project_agent` [ RunTime:0.007855s ]
[ 2016-01-29T22:20:27+08:00 ] / | SQL: SELECT * FROM `gt_project_agent` WHERE ( `status` = 1 ) [ RunTime:0.080469s ]
[ 2016-01-29T22:20:27+08:00 ] / | NOTIC: [8] Undefined index: pitch CommonAction.class.php 第 38 行.
[ 2016-01-29T22:20:27+08:00 ] / | SQL: SHOW COLUMNS FROM `gt_project_server` [ RunTime:0.006768s ]
[ 2016-01-29T22:20:27+08:00 ] / | SQL: SELECT * FROM `gt_project_server` WHERE ( `status` = 1 ) AND ( `recommend` = 1 ) LIMIT 5  [ RunTime:0.003583s ]
[ 2016-01-29T22:20:27+08:00 ] / | SQL: SHOW COLUMNS FROM `gt_project_article` [ RunTime:0.007098s ]
[ 2016-01-29T22:20:27+08:00 ] / | SQL: SELECT `id`,`cateId`,`title` FROM `gt_project_article` WHERE ( `status` = 1 ) AND ( `recommend` = 1 ) AND ( `cateId` = 11 ) ORDER BY `sort` ASC LIMIT 7  [ RunTime:0.005663s ]
[ 2016-01-29T22:20:27+08:00 ] / | SQL: SHOW COLUMNS FROM `gt_project_category` [ RunTime:0.007304s ]
[ 2016-01-29T22:20:27+08:00 ] / | SQL: SELECT * FROM `gt_project_category` WHERE ( `status` = 1 ) AND ( `recommend` = 1 ) AND ( `pid` = 1 ) ORDER BY `sort` ASC LIMIT 5  [ RunTime:0.001268s ]
[ 2016-01-29T22:20:27+08:00 ] / | SQL: SELECT `id`,`cateId`,`title`,`createTime` FROM `gt_project_article` WHERE ( `status` = 1 ) AND ( `recommend` = 1 ) AND ( `cateId` = '4' ) ORDER BY `sort` ASC LIMIT 5  [ RunTime:0.000660s ]
[ 2016-01-29T22:20:27+08:00 ] / | SQL: SELECT `id`,`cateId`,`title`,`createTime` FROM `gt_project_article` WHERE ( `status` = 1 ) AND ( `recommend` = 1 ) AND ( `cateId` = '5' ) ORDER BY `sort` ASC LIMIT 5  [ RunTime:0.000610s ]
[ 2016-01-29T22:20:27+08:00 ] / | SQL: SELECT `id`,`cateId`,`title`,`createTime` FROM `gt_project_article` WHERE ( `status` = 1 ) AND ( `recommend` = 1 ) AND ( `cateId` = '6' ) ORDER BY `sort` ASC LIMIT 5  [ RunTime:0.000642s ]
[ 2016-01-29T22:20:27+08:00 ] / | SQL: SELECT * FROM `gt_project_category` WHERE ( `status` = 1 ) AND ( `recommend` = 1 ) AND ( `pid` = 2 ) ORDER BY `sort` ASC LIMIT 4  [ RunTime:0.000736s ]
[ 2016-01-29T22:20:27+08:00 ] / | SQL: SELECT `id`,`cateId`,`title`,`createTime` FROM `gt_project_article` WHERE ( `status` = 1 ) AND ( `recommend` = 1 ) AND ( `cateId` = '7' ) ORDER BY `sort` ASC LIMIT 9  [ RunTime:0.000662s ]
[ 2016-01-29T22:20:27+08:00 ] / | SQL: SELECT `id`,`cateId`,`title`,`createTime` FROM `gt_project_article` WHERE ( `status` = 1 ) AND ( `recommend` = 1 ) AND ( `cateId` = '8' ) ORDER BY `sort` ASC LIMIT 9  [ RunTime:0.000678s ]
[ 2016-01-29T22:20:27+08:00 ] / | SQL: SELECT `id`,`cateId`,`title`,`createTime` FROM `gt_project_article` WHERE ( `status` = 1 ) AND ( `recommend` = 1 ) AND ( `cateId` = '9' ) ORDER BY `sort` ASC LIMIT 9  [ RunTime:0.000829s ]
[ 2016-01-29T22:20:27+08:00 ] / | SQL: SELECT `id`,`cateId`,`title`,`createTime` FROM `gt_project_article` WHERE ( `status` = 1 ) AND ( `recommend` = 1 ) AND ( `cateId` = '10' ) ORDER BY `sort` ASC LIMIT 9  [ RunTime:0.000680s ]
[ 2016-01-29T22:20:27+08:00 ] / | NOTIC: [8] Undefined index: gt_homeUser 0ef38bbeb2228e1af7612d90c638786f.php 第 38 行.
[ 2016-01-29T22:20:27+08:00 ] / | NOTIC: [8] Undefined index: pitch 0ef38bbeb2228e1af7612d90c638786f.php 第 43 行.
[ 2016-01-29T22:20:27+08:00 ] / | NOTIC: [8] Undefined index: gt_homeUser 0ef38bbeb2228e1af7612d90c638786f.php 第 100 行.
[ 2016-01-29T22:20:28+08:00 ] /?m=Index&a=verify | NOTIC: [2048] Declaration of IndexAction::error() should be compatible with Action::error($message, $ajax = false) IndexAction.class.php 第 9 行.
[ 2016-01-29T22:20:28+08:00 ] /?m=Index&a=verify | SQL: SHOW COLUMNS FROM `gt_project_agent` [ RunTime:0.004389s ]
[ 2016-01-29T22:20:28+08:00 ] /?m=Index&a=verify | SQL: SELECT * FROM `gt_project_agent` WHERE ( `status` = 1 ) [ RunTime:0.000323s ]
[ 2016-01-29T22:20:28+08:00 ] /?m=Index&a=verify | NOTIC: [8] Undefined index: pitch CommonAction.class.php 第 38 行.
[ 2016-01-29T22:20:28+08:00 ] /?m=Index&a=verify | SQL: SHOW COLUMNS FROM `gt_project_server` [ RunTime:0.005233s ]
[ 2016-01-29T22:20:28+08:00 ] /?m=Index&a=verify | SQL: SELECT * FROM `gt_project_server` WHERE ( `status` = 1 ) AND ( `recommend` = 1 ) LIMIT 5  [ RunTime:0.000227s ]
[ 2016-01-29T22:49:57+08:00 ] / | NOTIC: [2048] Declaration of IndexAction::error() should be compatible with Action::error($message, $ajax = false) IndexAction.class.php 第 9 行.
[ 2016-01-29T22:49:57+08:00 ] / | SQL: SHOW COLUMNS FROM `gt_project_agent` [ RunTime:0.002978s ]
[ 2016-01-29T22:49:57+08:00 ] / | SQL: SELECT * FROM `gt_project_agent` WHERE ( `status` = 1 ) [ RunTime:0.000291s ]
[ 2016-01-29T22:49:57+08:00 ] / | NOTIC: [8] Undefined index: pitch CommonAction.class.php 第 38 行.
[ 2016-01-29T22:49:57+08:00 ] / | SQL: SHOW COLUMNS FROM `gt_project_server` [ RunTime:0.003010s ]
[ 2016-01-29T22:49:57+08:00 ] / | SQL: SELECT * FROM `gt_project_server` WHERE ( `status` = 1 ) AND ( `recommend` = 1 ) LIMIT 5  [ RunTime:0.000186s ]
[ 2016-01-29T22:49:57+08:00 ] / | SQL: SHOW COLUMNS FROM `gt_project_article` [ RunTime:0.003236s ]
[ 2016-01-29T22:49:57+08:00 ] / | SQL: SELECT `id`,`cateId`,`title` FROM `gt_project_article` WHERE ( `status` = 1 ) AND ( `recommend` = 1 ) AND ( `cateId` = 11 ) ORDER BY `sort` ASC LIMIT 7  [ RunTime:0.000182s ]
[ 2016-01-29T22:49:57+08:00 ] / | SQL: SHOW COLUMNS FROM `gt_project_category` [ RunTime:0.002776s ]
[ 2016-01-29T22:49:57+08:00 ] / | SQL: SELECT * FROM `gt_project_category` WHERE ( `status` = 1 ) AND ( `recommend` = 1 ) AND ( `pid` = 1 ) ORDER BY `sort` ASC LIMIT 5  [ RunTime:0.000159s ]
[ 2016-01-29T22:49:57+08:00 ] / | SQL: SELECT `id`,`cateId`,`title`,`createTime` FROM `gt_project_article` WHERE ( `status` = 1 ) AND ( `recommend` = 1 ) AND ( `cateId` = '4' ) ORDER BY `sort` ASC LIMIT 5  [ RunTime:0.000141s ]
[ 2016-01-29T22:49:57+08:00 ] / | SQL: SELECT `id`,`cateId`,`title`,`createTime` FROM `gt_project_article` WHERE ( `status` = 1 ) AND ( `recommend` = 1 ) AND ( `cateId` = '5' ) ORDER BY `sort` ASC LIMIT 5  [ RunTime:0.000140s ]
[ 2016-01-29T22:49:57+08:00 ] / | SQL: SELECT `id`,`cateId`,`title`,`createTime` FROM `gt_project_article` WHERE ( `status` = 1 ) AND ( `recommend` = 1 ) AND ( `cateId` = '6' ) ORDER BY `sort` ASC LIMIT 5  [ RunTime:0.000137s ]
[ 2016-01-29T22:49:57+08:00 ] / | SQL: SELECT * FROM `gt_project_category` WHERE ( `status` = 1 ) AND ( `recommend` = 1 ) AND ( `pid` = 2 ) ORDER BY `sort` ASC LIMIT 4  [ RunTime:0.000153s ]
[ 2016-01-29T22:49:57+08:00 ] / | SQL: SELECT `id`,`cateId`,`title`,`createTime` FROM `gt_project_article` WHERE ( `status` = 1 ) AND ( `recommend` = 1 ) AND ( `cateId` = '7' ) ORDER BY `sort` ASC LIMIT 9  [ RunTime:0.000142s ]
[ 2016-01-29T22:49:57+08:00 ] / | SQL: SELECT `id`,`cateId`,`title`,`createTime` FROM `gt_project_article` WHERE ( `status` = 1 ) AND ( `recommend` = 1 ) AND ( `cateId` = '8' ) ORDER BY `sort` ASC LIMIT 9  [ RunTime:0.000149s ]
[ 2016-01-29T22:49:57+08:00 ] / | SQL: SELECT `id`,`cateId`,`title`,`createTime` FROM `gt_project_article` WHERE ( `status` = 1 ) AND ( `recommend` = 1 ) AND ( `cateId` = '9' ) ORDER BY `sort` ASC LIMIT 9  [ RunTime:0.000148s ]
[ 2016-01-29T22:49:57+08:00 ] / | SQL: SELECT `id`,`cateId`,`title`,`createTime` FROM `gt_project_article` WHERE ( `status` = 1 ) AND ( `recommend` = 1 ) AND ( `cateId` = '10' ) ORDER BY `sort` ASC LIMIT 9  [ RunTime:0.000152s ]
[ 2016-01-29T22:49:57+08:00 ] / | NOTIC: [8] Undefined index: gt_homeUser 0ef38bbeb2228e1af7612d90c638786f.php 第 38 行.
[ 2016-01-29T22:49:57+08:00 ] / | NOTIC: [8] Undefined index: pitch 0ef38bbeb2228e1af7612d90c638786f.php 第 43 行.
[ 2016-01-29T22:49:57+08:00 ] / | NOTIC: [8] Undefined index: gt_homeUser 0ef38bbeb2228e1af7612d90c638786f.php 第 100 行.
[ 2016-01-29T22:49:58+08:00 ] /?m=Index&a=verify | NOTIC: [2048] Declaration of IndexAction::error() should be compatible with Action::error($message, $ajax = false) IndexAction.class.php 第 9 行.
[ 2016-01-29T22:49:58+08:00 ] /?m=Index&a=verify | SQL: SHOW COLUMNS FROM `gt_project_agent` [ RunTime:0.003703s ]
[ 2016-01-29T22:49:58+08:00 ] /?m=Index&a=verify | SQL: SELECT * FROM `gt_project_agent` WHERE ( `status` = 1 ) [ RunTime:0.000177s ]
[ 2016-01-29T22:49:58+08:00 ] /?m=Index&a=verify | NOTIC: [8] Undefined index: pitch CommonAction.class.php 第 38 行.
[ 2016-01-29T22:49:58+08:00 ] /?m=Index&a=verify | SQL: SHOW COLUMNS FROM `gt_project_server` [ RunTime:0.004024s ]
[ 2016-01-29T22:49:58+08:00 ] /?m=Index&a=verify | SQL: SELECT * FROM `gt_project_server` WHERE ( `status` = 1 ) AND ( `recommend` = 1 ) LIMIT 5  [ RunTime:0.000141s ]
[ 2016-01-29T22:50:03+08:00 ] /?m=Index&a=verify | NOTIC: [2048] Declaration of IndexAction::error() should be compatible with Action::error($message, $ajax = false) IndexAction.class.php 第 9 行.
[ 2016-01-29T22:50:03+08:00 ] /?m=Index&a=verify | SQL: SHOW COLUMNS FROM `gt_project_agent` [ RunTime:0.006970s ]
[ 2016-01-29T22:50:03+08:00 ] /?m=Index&a=verify | SQL: SELECT * FROM `gt_project_agent` WHERE ( `status` = 1 ) [ RunTime:0.000250s ]
[ 2016-01-29T22:50:03+08:00 ] /?m=Index&a=verify | NOTIC: [8] Undefined index: pitch CommonAction.class.php 第 38 行.
[ 2016-01-29T22:50:03+08:00 ] /?m=Index&a=verify | SQL: SHOW COLUMNS FROM `gt_project_server` [ RunTime:0.003152s ]
[ 2016-01-29T22:50:03+08:00 ] /?m=Index&a=verify | SQL: SELECT * FROM `gt_project_server` WHERE ( `status` = 1 ) AND ( `recommend` = 1 ) LIMIT 5  [ RunTime:0.000172s ]
[ 2016-01-29T22:50:21+08:00 ] /index.php?m=Pay&pitch=pay | SQL: SHOW COLUMNS FROM `gt_project_agent` [ RunTime:0.003179s ]
[ 2016-01-29T22:50:21+08:00 ] /index.php?m=Pay&pitch=pay | SQL: SELECT * FROM `gt_project_agent` WHERE ( `status` = 1 ) [ RunTime:0.000230s ]
[ 2016-01-29T22:50:21+08:00 ] /index.php?m=Pay&pitch=pay | SQL: SHOW COLUMNS FROM `gt_project_server` [ RunTime:0.003721s ]
[ 2016-01-29T22:50:21+08:00 ] /index.php?m=Pay&pitch=pay | SQL: SELECT * FROM `gt_project_server` WHERE ( `status` = 1 ) AND ( `recommend` = 1 ) LIMIT 5  [ RunTime:0.000194s ]
[ 2016-01-29T22:50:21+08:00 ] /index.php?m=Pay&pitch=pay | SQL: SELECT `id`,`cn_name` FROM `gt_project_agent` ORDER BY id ASC [ RunTime:0.000383s ]
[ 2016-01-29T22:50:21+08:00 ] /index.php?m=Index&a=verify | NOTIC: [2048] Declaration of IndexAction::error() should be compatible with Action::error($message, $ajax = false) IndexAction.class.php 第 9 行.
[ 2016-01-29T22:50:21+08:00 ] /index.php?m=Index&a=verify | SQL: SHOW COLUMNS FROM `gt_project_agent` [ RunTime:0.003533s ]
[ 2016-01-29T22:50:21+08:00 ] /index.php?m=Index&a=verify | SQL: SELECT * FROM `gt_project_agent` WHERE ( `status` = 1 ) [ RunTime:0.000191s ]
[ 2016-01-29T22:50:21+08:00 ] /index.php?m=Index&a=verify | NOTIC: [8] Undefined index: pitch CommonAction.class.php 第 38 行.
[ 2016-01-29T22:50:21+08:00 ] /index.php?m=Index&a=verify | SQL: SHOW COLUMNS FROM `gt_project_server` [ RunTime:0.003406s ]
[ 2016-01-29T22:50:21+08:00 ] /index.php?m=Index&a=verify | SQL: SELECT * FROM `gt_project_server` WHERE ( `status` = 1 ) AND ( `recommend` = 1 ) LIMIT 5  [ RunTime:0.000181s ]
[ 2016-01-29T22:50:38+08:00 ] /index.php?m=Index&a=verify | NOTIC: [2048] Declaration of IndexAction::error() should be compatible with Action::error($message, $ajax = false) IndexAction.class.php 第 9 行.
[ 2016-01-29T22:50:38+08:00 ] /index.php?m=Index&a=verify | SQL: SHOW COLUMNS FROM `gt_project_agent` [ RunTime:0.003191s ]
[ 2016-01-29T22:50:38+08:00 ] /index.php?m=Index&a=verify | SQL: SELECT * FROM `gt_project_agent` WHERE ( `status` = 1 ) [ RunTime:0.000168s ]
[ 2016-01-29T22:50:38+08:00 ] /index.php?m=Index&a=verify | NOTIC: [8] Undefined index: pitch CommonAction.class.php 第 38 行.
[ 2016-01-29T22:50:38+08:00 ] /index.php?m=Index&a=verify | SQL: SHOW COLUMNS FROM `gt_project_server` [ RunTime:0.003438s ]
[ 2016-01-29T22:50:38+08:00 ] /index.php?m=Index&a=verify | SQL: SELECT * FROM `gt_project_server` WHERE ( `status` = 1 ) AND ( `recommend` = 1 ) LIMIT 5  [ RunTime:0.000201s ]
[ 2016-01-29T22:51:20+08:00 ] /index.php?m=Index&a=verify | NOTIC: [2048] Declaration of IndexAction::error() should be compatible with Action::error($message, $ajax = false) IndexAction.class.php 第 9 行.
[ 2016-01-29T22:51:20+08:00 ] /index.php?m=Index&a=verify | SQL: SHOW COLUMNS FROM `gt_project_agent` [ RunTime:0.002959s ]
[ 2016-01-29T22:51:20+08:00 ] /index.php?m=Index&a=verify | SQL: SELECT * FROM `gt_project_agent` WHERE ( `status` = 1 ) [ RunTime:0.000153s ]
[ 2016-01-29T22:51:20+08:00 ] /index.php?m=Index&a=verify | NOTIC: [8] Undefined index: pitch CommonAction.class.php 第 38 行.
[ 2016-01-29T22:51:20+08:00 ] /index.php?m=Index&a=verify | SQL: SHOW COLUMNS FROM `gt_project_server` [ RunTime:0.003679s ]
[ 2016-01-29T22:51:20+08:00 ] /index.php?m=Index&a=verify | SQL: SELECT * FROM `gt_project_server` WHERE ( `status` = 1 ) AND ( `recommend` = 1 ) LIMIT 5  [ RunTime:0.000161s ]
