[ 2016-01-30T10:35:40+08:00 ] / | NOTIC: [2048] Declaration of IndexAction::error() should be compatible with Action::error($message, $ajax = false) IndexAction.class.php 第 9 行.
[ 2016-01-30T10:35:41+08:00 ] / | SQL: SHOW COLUMNS FROM `gt_project_agent` [ RunTime:0.482444s ]
[ 2016-01-30T10:35:41+08:00 ] / | SQL: SELECT * FROM `gt_project_agent` WHERE ( `status` = 1 ) [ RunTime:0.001003s ]
[ 2016-01-30T10:35:41+08:00 ] / | NOTIC: [8] Undefined index: pitch CommonAction.class.php 第 38 行.
[ 2016-01-30T10:35:41+08:00 ] / | SQL: SHOW COLUMNS FROM `gt_project_server` [ RunTime:0.082149s ]
[ 2016-01-30T10:35:41+08:00 ] / | SQL: SELECT * FROM `gt_project_server` WHERE ( `status` = 1 ) AND ( `recommend` = 1 ) LIMIT 5  [ RunTime:0.001345s ]
[ 2016-01-30T10:35:41+08:00 ] / | SQL: SHOW COLUMNS FROM `gt_project_article` [ RunTime:0.119037s ]
[ 2016-01-30T10:35:41+08:00 ] / | SQL: SELECT `id`,`cateId`,`title` FROM `gt_project_article` WHERE ( `status` = 1 ) AND ( `recommend` = 1 ) AND ( `cateId` = 11 ) ORDER BY `sort` ASC LIMIT 7  [ RunTime:0.002027s ]
[ 2016-01-30T10:35:41+08:00 ] / | SQL: SHOW COLUMNS FROM `gt_project_category` [ RunTime:0.007117s ]
[ 2016-01-30T10:35:41+08:00 ] / | SQL: SELECT * FROM `gt_project_category` WHERE ( `status` = 1 ) AND ( `recommend` = 1 ) AND ( `pid` = 1 ) ORDER BY `sort` ASC LIMIT 5  [ RunTime:0.000375s ]
[ 2016-01-30T10:35:41+08:00 ] / | SQL: SELECT `id`,`cateId`,`title`,`createTime` FROM `gt_project_article` WHERE ( `status` = 1 ) AND ( `recommend` = 1 ) AND ( `cateId` = '4' ) ORDER BY `sort` ASC LIMIT 5  [ RunTime:0.000318s ]
[ 2016-01-30T10:35:41+08:00 ] / | SQL: SELECT `id`,`cateId`,`title`,`createTime` FROM `gt_project_article` WHERE ( `status` = 1 ) AND ( `recommend` = 1 ) AND ( `cateId` = '5' ) ORDER BY `sort` ASC LIMIT 5  [ RunTime:0.000307s ]
[ 2016-01-30T10:35:41+08:00 ] / | SQL: SELECT `id`,`cateId`,`title`,`createTime` FROM `gt_project_article` WHERE ( `status` = 1 ) AND ( `recommend` = 1 ) AND ( `cateId` = '6' ) ORDER BY `sort` ASC LIMIT 5  [ RunTime:0.000284s ]
[ 2016-01-30T10:35:41+08:00 ] / | SQL: SELECT * FROM `gt_project_category` WHERE ( `status` = 1 ) AND ( `recommend` = 1 ) AND ( `pid` = 2 ) ORDER BY `sort` ASC LIMIT 4  [ RunTime:0.000294s ]
[ 2016-01-30T10:35:41+08:00 ] / | SQL: SELECT `id`,`cateId`,`title`,`createTime` FROM `gt_project_article` WHERE ( `status` = 1 ) AND ( `recommend` = 1 ) AND ( `cateId` = '7' ) ORDER BY `sort` ASC LIMIT 9  [ RunTime:0.000296s ]
[ 2016-01-30T10:35:41+08:00 ] / | SQL: SELECT `id`,`cateId`,`title`,`createTime` FROM `gt_project_article` WHERE ( `status` = 1 ) AND ( `recommend` = 1 ) AND ( `cateId` = '8' ) ORDER BY `sort` ASC LIMIT 9  [ RunTime:0.000409s ]
[ 2016-01-30T10:35:41+08:00 ] / | SQL: SELECT `id`,`cateId`,`title`,`createTime` FROM `gt_project_article` WHERE ( `status` = 1 ) AND ( `recommend` = 1 ) AND ( `cateId` = '9' ) ORDER BY `sort` ASC LIMIT 9  [ RunTime:0.000375s ]
[ 2016-01-30T10:35:41+08:00 ] / | SQL: SELECT `id`,`cateId`,`title`,`createTime` FROM `gt_project_article` WHERE ( `status` = 1 ) AND ( `recommend` = 1 ) AND ( `cateId` = '10' ) ORDER BY `sort` ASC LIMIT 9  [ RunTime:0.000345s ]
[ 2016-01-30T10:35:42+08:00 ] / | NOTIC: [8] Undefined index: gt_homeUser 0ef38bbeb2228e1af7612d90c638786f.php 第 38 行.
[ 2016-01-30T10:35:42+08:00 ] / | NOTIC: [8] Undefined index: pitch 0ef38bbeb2228e1af7612d90c638786f.php 第 43 行.
[ 2016-01-30T10:35:42+08:00 ] / | NOTIC: [8] Undefined index: gt_homeUser 0ef38bbeb2228e1af7612d90c638786f.php 第 100 行.
[ 2016-01-30T10:35:42+08:00 ] /?m=Index&a=verify | NOTIC: [2048] Declaration of IndexAction::error() should be compatible with Action::error($message, $ajax = false) IndexAction.class.php 第 9 行.
[ 2016-01-30T10:35:42+08:00 ] /?m=Index&a=verify | SQL: SHOW COLUMNS FROM `gt_project_agent` [ RunTime:0.002874s ]
[ 2016-01-30T10:35:42+08:00 ] /?m=Index&a=verify | SQL: SELECT * FROM `gt_project_agent` WHERE ( `status` = 1 ) [ RunTime:0.000195s ]
[ 2016-01-30T10:35:42+08:00 ] /?m=Index&a=verify | NOTIC: [8] Undefined index: pitch CommonAction.class.php 第 38 行.
[ 2016-01-30T10:35:42+08:00 ] /?m=Index&a=verify | SQL: SHOW COLUMNS FROM `gt_project_server` [ RunTime:0.002809s ]
[ 2016-01-30T10:35:42+08:00 ] /?m=Index&a=verify | SQL: SELECT * FROM `gt_project_server` WHERE ( `status` = 1 ) AND ( `recommend` = 1 ) LIMIT 5  [ RunTime:0.000138s ]
[ 2016-01-30T11:24:29+08:00 ] / | NOTIC: [2048] Declaration of IndexAction::error() should be compatible with Action::error($message, $ajax = false) IndexAction.class.php 第 9 行.
[ 2016-01-30T11:24:29+08:00 ] / | SQL: SHOW COLUMNS FROM `gt_project_agent` [ RunTime:0.003223s ]
[ 2016-01-30T11:24:29+08:00 ] / | SQL: SELECT * FROM `gt_project_agent` WHERE ( `status` = 1 ) [ RunTime:0.000156s ]
[ 2016-01-30T11:24:29+08:00 ] / | NOTIC: [8] Undefined index: pitch CommonAction.class.php 第 38 行.
[ 2016-01-30T11:24:29+08:00 ] / | SQL: SHOW COLUMNS FROM `gt_project_server` [ RunTime:0.002491s ]
[ 2016-01-30T11:24:29+08:00 ] / | SQL: SELECT * FROM `gt_project_server` WHERE ( `status` = 1 ) AND ( `recommend` = 1 ) LIMIT 5  [ RunTime:0.000127s ]
[ 2016-01-30T11:24:29+08:00 ] / | SQL: SHOW COLUMNS FROM `gt_project_article` [ RunTime:0.002611s ]
[ 2016-01-30T11:24:29+08:00 ] / | SQL: SELECT `id`,`cateId`,`title` FROM `gt_project_article` WHERE ( `status` = 1 ) AND ( `recommend` = 1 ) AND ( `cateId` = 11 ) ORDER BY `sort` ASC LIMIT 7  [ RunTime:0.000087s ]
[ 2016-01-30T11:24:29+08:00 ] / | SQL: SHOW COLUMNS FROM `gt_project_category` [ RunTime:0.002533s ]
[ 2016-01-30T11:24:29+08:00 ] / | SQL: SELECT * FROM `gt_project_category` WHERE ( `status` = 1 ) AND ( `recommend` = 1 ) AND ( `pid` = 1 ) ORDER BY `sort` ASC LIMIT 5  [ RunTime:0.000136s ]
[ 2016-01-30T11:24:29+08:00 ] / | SQL: SELECT `id`,`cateId`,`title`,`createTime` FROM `gt_project_article` WHERE ( `status` = 1 ) AND ( `recommend` = 1 ) AND ( `cateId` = '4' ) ORDER BY `sort` ASC LIMIT 5  [ RunTime:0.000078s ]
[ 2016-01-30T11:24:29+08:00 ] / | SQL: SELECT `id`,`cateId`,`title`,`createTime` FROM `gt_project_article` WHERE ( `status` = 1 ) AND ( `recommend` = 1 ) AND ( `cateId` = '5' ) ORDER BY `sort` ASC LIMIT 5  [ RunTime:0.000115s ]
[ 2016-01-30T11:24:29+08:00 ] / | SQL: SELECT `id`,`cateId`,`title`,`createTime` FROM `gt_project_article` WHERE ( `status` = 1 ) AND ( `recommend` = 1 ) AND ( `cateId` = '6' ) ORDER BY `sort` ASC LIMIT 5  [ RunTime:0.000110s ]
[ 2016-01-30T11:24:29+08:00 ] / | SQL: SELECT * FROM `gt_project_category` WHERE ( `status` = 1 ) AND ( `recommend` = 1 ) AND ( `pid` = 2 ) ORDER BY `sort` ASC LIMIT 4  [ RunTime:0.000123s ]
[ 2016-01-30T11:24:29+08:00 ] / | SQL: SELECT `id`,`cateId`,`title`,`createTime` FROM `gt_project_article` WHERE ( `status` = 1 ) AND ( `recommend` = 1 ) AND ( `cateId` = '7' ) ORDER BY `sort` ASC LIMIT 9  [ RunTime:0.000113s ]
[ 2016-01-30T11:24:29+08:00 ] / | SQL: SELECT `id`,`cateId`,`title`,`createTime` FROM `gt_project_article` WHERE ( `status` = 1 ) AND ( `recommend` = 1 ) AND ( `cateId` = '8' ) ORDER BY `sort` ASC LIMIT 9  [ RunTime:0.000118s ]
[ 2016-01-30T11:24:29+08:00 ] / | SQL: SELECT `id`,`cateId`,`title`,`createTime` FROM `gt_project_article` WHERE ( `status` = 1 ) AND ( `recommend` = 1 ) AND ( `cateId` = '9' ) ORDER BY `sort` ASC LIMIT 9  [ RunTime:0.000116s ]
[ 2016-01-30T11:24:29+08:00 ] / | SQL: SELECT `id`,`cateId`,`title`,`createTime` FROM `gt_project_article` WHERE ( `status` = 1 ) AND ( `recommend` = 1 ) AND ( `cateId` = '10' ) ORDER BY `sort` ASC LIMIT 9  [ RunTime:0.000117s ]
[ 2016-01-30T11:24:29+08:00 ] / | NOTIC: [8] Undefined index: gt_homeUser 0ef38bbeb2228e1af7612d90c638786f.php 第 38 行.
[ 2016-01-30T11:24:29+08:00 ] / | NOTIC: [8] Undefined index: pitch 0ef38bbeb2228e1af7612d90c638786f.php 第 43 行.
[ 2016-01-30T11:24:29+08:00 ] / | NOTIC: [8] Undefined index: gt_homeUser 0ef38bbeb2228e1af7612d90c638786f.php 第 100 行.
[ 2016-01-30T11:24:30+08:00 ] /?m=Index&a=verify | NOTIC: [2048] Declaration of IndexAction::error() should be compatible with Action::error($message, $ajax = false) IndexAction.class.php 第 9 行.
[ 2016-01-30T11:24:30+08:00 ] /?m=Index&a=verify | SQL: SHOW COLUMNS FROM `gt_project_agent` [ RunTime:0.002781s ]
[ 2016-01-30T11:24:30+08:00 ] /?m=Index&a=verify | SQL: SELECT * FROM `gt_project_agent` WHERE ( `status` = 1 ) [ RunTime:0.000165s ]
[ 2016-01-30T11:24:30+08:00 ] /?m=Index&a=verify | NOTIC: [8] Undefined index: pitch CommonAction.class.php 第 38 行.
[ 2016-01-30T11:24:30+08:00 ] /?m=Index&a=verify | SQL: SHOW COLUMNS FROM `gt_project_server` [ RunTime:0.002485s ]
[ 2016-01-30T11:24:30+08:00 ] /?m=Index&a=verify | SQL: SELECT * FROM `gt_project_server` WHERE ( `status` = 1 ) AND ( `recommend` = 1 ) LIMIT 5  [ RunTime:0.000117s ]
[ 2016-01-30T11:25:02+08:00 ] /index.php?m=Pay&pitch=pay | SQL: SHOW COLUMNS FROM `gt_project_agent` [ RunTime:0.007166s ]
[ 2016-01-30T11:25:02+08:00 ] /index.php?m=Pay&pitch=pay | SQL: SELECT * FROM `gt_project_agent` WHERE ( `status` = 1 ) [ RunTime:0.000372s ]
[ 2016-01-30T11:25:02+08:00 ] /index.php?m=Pay&pitch=pay | SQL: SHOW COLUMNS FROM `gt_project_server` [ RunTime:0.006045s ]
[ 2016-01-30T11:25:02+08:00 ] /index.php?m=Pay&pitch=pay | SQL: SELECT * FROM `gt_project_server` WHERE ( `status` = 1 ) AND ( `recommend` = 1 ) LIMIT 5  [ RunTime:0.000299s ]
[ 2016-01-30T11:25:02+08:00 ] /index.php?m=Pay&pitch=pay | SQL: SELECT `id`,`cn_name` FROM `gt_project_agent` ORDER BY id ASC [ RunTime:0.000682s ]
[ 2016-01-30T11:25:02+08:00 ] /index.php?m=Index&a=verify | NOTIC: [2048] Declaration of IndexAction::error() should be compatible with Action::error($message, $ajax = false) IndexAction.class.php 第 9 行.
[ 2016-01-30T11:25:02+08:00 ] /index.php?m=Index&a=verify | SQL: SHOW COLUMNS FROM `gt_project_agent` [ RunTime:0.003187s ]
[ 2016-01-30T11:25:02+08:00 ] /index.php?m=Index&a=verify | SQL: SELECT * FROM `gt_project_agent` WHERE ( `status` = 1 ) [ RunTime:0.000154s ]
[ 2016-01-30T11:25:02+08:00 ] /index.php?m=Index&a=verify | NOTIC: [8] Undefined index: pitch CommonAction.class.php 第 38 行.
[ 2016-01-30T11:25:02+08:00 ] /index.php?m=Index&a=verify | SQL: SHOW COLUMNS FROM `gt_project_server` [ RunTime:0.002459s ]
[ 2016-01-30T11:25:02+08:00 ] /index.php?m=Index&a=verify | SQL: SELECT * FROM `gt_project_server` WHERE ( `status` = 1 ) AND ( `recommend` = 1 ) LIMIT 5  [ RunTime:0.000112s ]
[ 2016-01-30T11:25:11+08:00 ] /index.php?m=Index&a=verify | NOTIC: [2048] Declaration of IndexAction::error() should be compatible with Action::error($message, $ajax = false) IndexAction.class.php 第 9 行.
[ 2016-01-30T11:25:11+08:00 ] /index.php?m=Index&a=verify | SQL: SHOW COLUMNS FROM `gt_project_agent` [ RunTime:0.004686s ]
[ 2016-01-30T11:25:11+08:00 ] /index.php?m=Index&a=verify | SQL: SELECT * FROM `gt_project_agent` WHERE ( `status` = 1 ) [ RunTime:0.000167s ]
[ 2016-01-30T11:25:11+08:00 ] /index.php?m=Index&a=verify | NOTIC: [8] Undefined index: pitch CommonAction.class.php 第 38 行.
[ 2016-01-30T11:25:11+08:00 ] /index.php?m=Index&a=verify | SQL: SHOW COLUMNS FROM `gt_project_server` [ RunTime:0.002630s ]
[ 2016-01-30T11:25:11+08:00 ] /index.php?m=Index&a=verify | SQL: SELECT * FROM `gt_project_server` WHERE ( `status` = 1 ) AND ( `recommend` = 1 ) LIMIT 5  [ RunTime:0.000128s ]
