[ 2016-01-09T23:53:07+08:00 ] 127.0.0.1 /Admin/Category/index/update.html?pid=1&cateName=123&sort=1&status=1
INFO: [ app_init ] --START--
INFO: Run Behavior\BuildLiteBehavior [ RunTime:0.000039s ]
INFO: [ app_init ] --END-- [ RunTime:0.001147s ]
INFO: [ app_begin ] --START--
INFO: Run Behavior\ReadHtmlCacheBehavior [ RunTime:0.001534s ]
INFO: [ app_begin ] --END-- [ RunTime:0.001654s ]
SQL: SHOW COLUMNS FROM `my_blog_category` [ RunTime:0.0071s ]
SQL: SELECT `id`,`cateName` FROM `my_blog_category` WHERE `pid` = 0  [ RunTime:0.0003s ]
NOTIC: [8] Undefined index: default D:\html\sina\Application\Common\CHtml.class.php 第 144 行.
NOTIC: [2048] Non-static method Common\CHtml::select() should not be called statically D:\html\sina\Application\Common\CHtml.class.php 第 144 行.
NOTIC: [8] Undefined index: type D:\html\sina\Application\Common\CHtml.class.php 第 141 行.
NOTIC: [8] Undefined index: type D:\html\sina\Application\Common\CHtml.class.php 第 153 行.
NOTIC: [8] Undefined index: value D:\html\sina\Application\Common\CHtml.class.php 第 153 行.
NOTIC: [8] Undefined index: type D:\html\sina\Application\Common\CHtml.class.php 第 141 行.
NOTIC: [8] Undefined index: type D:\html\sina\Application\Common\CHtml.class.php 第 153 行.
NOTIC: [8] Undefined index: value D:\html\sina\Application\Common\CHtml.class.php 第 153 行.
NOTIC: [8] Undefined index: default D:\html\sina\Application\Common\CHtml.class.php 第 147 行.
NOTIC: [8] Undefined index: value D:\html\sina\Application\Common\CHtml.class.php 第 108 行.
NOTIC: [8] Undefined index: value D:\html\sina\Application\Common\CHtml.class.php 第 108 行.
NOTIC: [8] Undefined index: selected D:\html\sina\Application\Common\CHtml.class.php 第 105 行.
NOTIC: [2048] Non-static method Common\CHtml::select() should not be called statically D:\html\sina\Application\Common\CHtml.class.php 第 105 行.
NOTIC: [2] Missing argument 5 for Common\CHtml::select(), called in D:\html\sina\Application\Common\CHtml.class.php on line 105 and defined D:\html\sina\Application\Common\CHtml.class.php 第 250 行.
INFO: [ view_parse ] --START--
NOTIC: [8] Undefined index: file D:\html\sina\ThinkPHP\Library\Think\Template.class.php 第 236 行.
INFO: [ template_filter ] --START--
INFO: Run Behavior\ContentReplaceBehavior [ RunTime:0.000251s ]
INFO: [ template_filter ] --END-- [ RunTime:0.000331s ]
NOTIC: [8] Undefined variable: title D:\html\sina\Application\Runtime\Cache\Admin\6e25c1b42ab9ec4f4369f5b74697be01.php 第 366 行.
NOTIC: [8] Undefined variable: title D:\html\sina\Application\Runtime\Cache\Admin\6e25c1b42ab9ec4f4369f5b74697be01.php 第 455 行.
NOTIC: [8] Undefined variable: title D:\html\sina\Application\Runtime\Cache\Admin\6e25c1b42ab9ec4f4369f5b74697be01.php 第 461 行.
NOTIC: [8] Undefined variable: title D:\html\sina\Application\Runtime\Cache\Admin\6e25c1b42ab9ec4f4369f5b74697be01.php 第 579 行.
INFO: Run Behavior\ParseTemplateBehavior [ RunTime:0.028467s ]
INFO: [ view_parse ] --END-- [ RunTime:0.028566s ]
INFO: [ view_filter ] --START--
INFO: Run Behavior\WriteHtmlCacheBehavior [ RunTime:0.000422s ]
INFO: [ view_filter ] --END-- [ RunTime:0.000476s ]
INFO: [ app_end ] --START--
INFO: Run Behavior\ShowPageTraceBehavior [ RunTime:0.001042s ]
INFO: [ app_end ] --END-- [ RunTime:0.001122s ]

[ 2016-01-09T23:53:09+08:00 ] 127.0.0.1 /Admin/Category/getDatas.html?sEcho=1&iColumns=7&sColumns=id%2Cpid%2Ccatename%2Csort%2Cpath%2Cstatus%2Ccreatetime&iDisplayStart=0&iDisplayLength=10&mDataProp_0=id&sSearch_0=&bRegex_0=false&bSearchable_0=true&bSortable_0=true&mDataProp_1=pid&sSearch_1=&bRegex_1=false&bSearchable_1=true&bSortable_1=true&mDataProp_2=catename&sSearch_2=&bRegex_2=false&bSearchable_2=true&bSortable_2=true&mDataProp_3=sort&sSearch_3=&bRegex_3=false&bSearchable_3=true&bSortable_3=true&mDataProp_4=path&sSearch_4=&bRegex_4=false&bSearchable_4=true&bSortable_4=true&mDataProp_5=status&sSearch_5=&bRegex_5=false&bSearchable_5=true&bSortable_5=true&mDataProp_6=createtime&sSearch_6=&bRegex_6=false&bSearchable_6=true&bSortable_6=true&sSearch=&bRegex=false&iSortCol_0=0&sSortDir_0=asc&iSortingCols=1&_=1452354788088
INFO: [ app_init ] --START--
INFO: Run Behavior\BuildLiteBehavior [ RunTime:0.000023s ]
INFO: [ app_init ] --END-- [ RunTime:0.000630s ]
INFO: [ app_begin ] --START--
INFO: Run Behavior\ReadHtmlCacheBehavior [ RunTime:0.000700s ]
INFO: [ app_begin ] --END-- [ RunTime:0.000778s ]
SQL: SHOW COLUMNS FROM `my_blog_category` [ RunTime:0.0031s ]
NOTIC: [2] implode(): Invalid arguments passed D:\html\sina\Application\Admin\Common\CommonController.class.php 第 251 行.
SQL: SELECT COUNT(*) AS tp_count FROM `my_blog_category` LIMIT 1   [ RunTime:0.0001s ]
SQL: SELECT * FROM `my_blog_category` ORDER BY id asc LIMIT 0,10   [ RunTime:0.0002s ]

[ 2016-01-09T23:54:16+08:00 ] 127.0.0.1 /Admin/Category/index/update.html?pid=1&cateName=123&sort=1&status=1
INFO: [ app_init ] --START--
INFO: Run Behavior\BuildLiteBehavior [ RunTime:0.000015s ]
INFO: [ app_init ] --END-- [ RunTime:0.000331s ]
INFO: [ app_begin ] --START--
INFO: Run Behavior\ReadHtmlCacheBehavior [ RunTime:0.000487s ]
INFO: [ app_begin ] --END-- [ RunTime:0.000539s ]
SQL: SHOW COLUMNS FROM `my_blog_category` [ RunTime:0.0028s ]
SQL: SELECT `id`,`cateName` FROM `my_blog_category` WHERE `pid` = 0  [ RunTime:0.0001s ]
NOTIC: [8] Undefined index: default D:\html\sina\Application\Common\CHtml.class.php 第 144 行.
NOTIC: [2048] Non-static method Common\CHtml::select() should not be called statically D:\html\sina\Application\Common\CHtml.class.php 第 144 行.
NOTIC: [8] Undefined index: type D:\html\sina\Application\Common\CHtml.class.php 第 141 行.
NOTIC: [8] Undefined index: type D:\html\sina\Application\Common\CHtml.class.php 第 153 行.
NOTIC: [8] Undefined index: value D:\html\sina\Application\Common\CHtml.class.php 第 153 行.
NOTIC: [8] Undefined index: type D:\html\sina\Application\Common\CHtml.class.php 第 141 行.
NOTIC: [8] Undefined index: type D:\html\sina\Application\Common\CHtml.class.php 第 153 行.
NOTIC: [8] Undefined index: value D:\html\sina\Application\Common\CHtml.class.php 第 153 行.
NOTIC: [8] Undefined index: default D:\html\sina\Application\Common\CHtml.class.php 第 147 行.
NOTIC: [8] Undefined index: value D:\html\sina\Application\Common\CHtml.class.php 第 108 行.
NOTIC: [8] Undefined index: value D:\html\sina\Application\Common\CHtml.class.php 第 108 行.
NOTIC: [8] Undefined index: selected D:\html\sina\Application\Common\CHtml.class.php 第 105 行.
NOTIC: [2048] Non-static method Common\CHtml::select() should not be called statically D:\html\sina\Application\Common\CHtml.class.php 第 105 行.
NOTIC: [2] Missing argument 5 for Common\CHtml::select(), called in D:\html\sina\Application\Common\CHtml.class.php on line 105 and defined D:\html\sina\Application\Common\CHtml.class.php 第 250 行.
INFO: [ view_parse ] --START--
NOTIC: [8] Undefined index: file D:\html\sina\ThinkPHP\Library\Think\Template.class.php 第 236 行.
INFO: [ template_filter ] --START--
INFO: Run Behavior\ContentReplaceBehavior [ RunTime:0.000182s ]
INFO: [ template_filter ] --END-- [ RunTime:0.000237s ]
NOTIC: [8] Undefined variable: title D:\html\sina\Application\Runtime\Cache\Admin\6e25c1b42ab9ec4f4369f5b74697be01.php 第 366 行.
NOTIC: [8] Undefined variable: title D:\html\sina\Application\Runtime\Cache\Admin\6e25c1b42ab9ec4f4369f5b74697be01.php 第 455 行.
NOTIC: [8] Undefined variable: title D:\html\sina\Application\Runtime\Cache\Admin\6e25c1b42ab9ec4f4369f5b74697be01.php 第 461 行.
NOTIC: [8] Undefined variable: title D:\html\sina\Application\Runtime\Cache\Admin\6e25c1b42ab9ec4f4369f5b74697be01.php 第 579 行.
INFO: Run Behavior\ParseTemplateBehavior [ RunTime:0.011556s ]
INFO: [ view_parse ] --END-- [ RunTime:0.011601s ]
INFO: [ view_filter ] --START--
INFO: Run Behavior\WriteHtmlCacheBehavior [ RunTime:0.000216s ]
INFO: [ view_filter ] --END-- [ RunTime:0.000255s ]
INFO: [ app_end ] --START--
INFO: Run Behavior\ShowPageTraceBehavior [ RunTime:0.000638s ]
INFO: [ app_end ] --END-- [ RunTime:0.000688s ]

[ 2016-01-09T23:54:17+08:00 ] 127.0.0.1 /Admin/Category/getDatas.html?sEcho=1&iColumns=7&sColumns=id%2Cpid%2Ccatename%2Csort%2Cpath%2Cstatus%2Ccreatetime&iDisplayStart=0&iDisplayLength=10&mDataProp_0=id&sSearch_0=&bRegex_0=false&bSearchable_0=true&bSortable_0=true&mDataProp_1=pid&sSearch_1=&bRegex_1=false&bSearchable_1=true&bSortable_1=true&mDataProp_2=catename&sSearch_2=&bRegex_2=false&bSearchable_2=true&bSortable_2=true&mDataProp_3=sort&sSearch_3=&bRegex_3=false&bSearchable_3=true&bSortable_3=true&mDataProp_4=path&sSearch_4=&bRegex_4=false&bSearchable_4=true&bSortable_4=true&mDataProp_5=status&sSearch_5=&bRegex_5=false&bSearchable_5=true&bSortable_5=true&mDataProp_6=createtime&sSearch_6=&bRegex_6=false&bSearchable_6=true&bSortable_6=true&sSearch=&bRegex=false&iSortCol_0=0&sSortDir_0=asc&iSortingCols=1&_=1452354856600
INFO: [ app_init ] --START--
INFO: Run Behavior\BuildLiteBehavior [ RunTime:0.000031s ]
INFO: [ app_init ] --END-- [ RunTime:0.000520s ]
INFO: [ app_begin ] --START--
INFO: Run Behavior\ReadHtmlCacheBehavior [ RunTime:0.000736s ]
INFO: [ app_begin ] --END-- [ RunTime:0.000806s ]
SQL: SHOW COLUMNS FROM `my_blog_category` [ RunTime:0.0053s ]
NOTIC: [2] implode(): Invalid arguments passed D:\html\sina\Application\Admin\Common\CommonController.class.php 第 251 行.
SQL: SELECT COUNT(*) AS tp_count FROM `my_blog_category` LIMIT 1   [ RunTime:0.0001s ]
SQL: SELECT * FROM `my_blog_category` ORDER BY id asc LIMIT 0,10   [ RunTime:0.0002s ]

[ 2016-01-09T23:55:37+08:00 ] 127.0.0.1 /Admin/Category/index/update.html?pid=1&cateName=123&sort=1&status=1
INFO: [ app_init ] --START--
INFO: Run Behavior\BuildLiteBehavior [ RunTime:0.000036s ]
INFO: [ app_init ] --END-- [ RunTime:0.000631s ]
INFO: [ app_begin ] --START--
INFO: Run Behavior\ReadHtmlCacheBehavior [ RunTime:0.000726s ]
INFO: [ app_begin ] --END-- [ RunTime:0.000799s ]
SQL: SHOW COLUMNS FROM `my_blog_category` [ RunTime:0.0030s ]
SQL: SELECT `id`,`cateName` FROM `my_blog_category` WHERE `pid` = 0  [ RunTime:0.0002s ]
NOTIC: [8] Undefined index: default D:\html\sina\Application\Common\CHtml.class.php 第 144 行.
NOTIC: [2048] Non-static method Common\CHtml::select() should not be called statically D:\html\sina\Application\Common\CHtml.class.php 第 144 行.
NOTIC: [8] Undefined index: type D:\html\sina\Application\Common\CHtml.class.php 第 141 行.
NOTIC: [8] Undefined index: type D:\html\sina\Application\Common\CHtml.class.php 第 153 行.
NOTIC: [8] Undefined index: value D:\html\sina\Application\Common\CHtml.class.php 第 153 行.
NOTIC: [8] Undefined index: type D:\html\sina\Application\Common\CHtml.class.php 第 141 行.
NOTIC: [8] Undefined index: type D:\html\sina\Application\Common\CHtml.class.php 第 153 行.
NOTIC: [8] Undefined index: value D:\html\sina\Application\Common\CHtml.class.php 第 153 行.
NOTIC: [8] Undefined index: default D:\html\sina\Application\Common\CHtml.class.php 第 147 行.
NOTIC: [8] Undefined index: value D:\html\sina\Application\Common\CHtml.class.php 第 108 行.
NOTIC: [8] Undefined index: value D:\html\sina\Application\Common\CHtml.class.php 第 108 行.
NOTIC: [8] Undefined index: selected D:\html\sina\Application\Common\CHtml.class.php 第 105 行.
NOTIC: [2048] Non-static method Common\CHtml::select() should not be called statically D:\html\sina\Application\Common\CHtml.class.php 第 105 行.
NOTIC: [2] Missing argument 5 for Common\CHtml::select(), called in D:\html\sina\Application\Common\CHtml.class.php on line 105 and defined D:\html\sina\Application\Common\CHtml.class.php 第 250 行.
INFO: [ view_parse ] --START--
NOTIC: [8] Undefined index: file D:\html\sina\ThinkPHP\Library\Think\Template.class.php 第 236 行.
INFO: [ template_filter ] --START--
INFO: Run Behavior\ContentReplaceBehavior [ RunTime:0.000221s ]
INFO: [ template_filter ] --END-- [ RunTime:0.000273s ]
NOTIC: [8] Undefined variable: title D:\html\sina\Application\Runtime\Cache\Admin\6e25c1b42ab9ec4f4369f5b74697be01.php 第 366 行.
NOTIC: [8] Undefined variable: title D:\html\sina\Application\Runtime\Cache\Admin\6e25c1b42ab9ec4f4369f5b74697be01.php 第 455 行.
NOTIC: [8] Undefined variable: title D:\html\sina\Application\Runtime\Cache\Admin\6e25c1b42ab9ec4f4369f5b74697be01.php 第 461 行.
NOTIC: [8] Undefined variable: title D:\html\sina\Application\Runtime\Cache\Admin\6e25c1b42ab9ec4f4369f5b74697be01.php 第 578 行.
INFO: Run Behavior\ParseTemplateBehavior [ RunTime:0.012373s ]
INFO: [ view_parse ] --END-- [ RunTime:0.012425s ]
INFO: [ view_filter ] --START--
INFO: Run Behavior\WriteHtmlCacheBehavior [ RunTime:0.000334s ]
INFO: [ view_filter ] --END-- [ RunTime:0.000374s ]
INFO: [ app_end ] --START--
INFO: Run Behavior\ShowPageTraceBehavior [ RunTime:0.000843s ]
INFO: [ app_end ] --END-- [ RunTime:0.000922s ]

[ 2016-01-09T23:55:39+08:00 ] 127.0.0.1 /Admin/Category/getDatas.html?sEcho=1&iColumns=7&sColumns=id%2Cpid%2Ccatename%2Csort%2Cpath%2Cstatus%2Ccreatetime&iDisplayStart=0&iDisplayLength=10&mDataProp_0=id&sSearch_0=&bRegex_0=false&bSearchable_0=true&bSortable_0=true&mDataProp_1=pid&sSearch_1=&bRegex_1=false&bSearchable_1=true&bSortable_1=true&mDataProp_2=catename&sSearch_2=&bRegex_2=false&bSearchable_2=true&bSortable_2=true&mDataProp_3=sort&sSearch_3=&bRegex_3=false&bSearchable_3=true&bSortable_3=true&mDataProp_4=path&sSearch_4=&bRegex_4=false&bSearchable_4=true&bSortable_4=true&mDataProp_5=status&sSearch_5=&bRegex_5=false&bSearchable_5=true&bSortable_5=true&mDataProp_6=createtime&sSearch_6=&bRegex_6=false&bSearchable_6=true&bSortable_6=true&sSearch=&bRegex=false&iSortCol_0=0&sSortDir_0=asc&iSortingCols=1&_=1452354938537
INFO: [ app_init ] --START--
INFO: Run Behavior\BuildLiteBehavior [ RunTime:0.000017s ]
INFO: [ app_init ] --END-- [ RunTime:0.000346s ]
INFO: [ app_begin ] --START--
INFO: Run Behavior\ReadHtmlCacheBehavior [ RunTime:0.000536s ]
INFO: [ app_begin ] --END-- [ RunTime:0.000583s ]
SQL: SHOW COLUMNS FROM `my_blog_category` [ RunTime:0.0039s ]
NOTIC: [2] implode(): Invalid arguments passed D:\html\sina\Application\Admin\Common\CommonController.class.php 第 251 行.
SQL: SELECT COUNT(*) AS tp_count FROM `my_blog_category` LIMIT 1   [ RunTime:0.0001s ]
SQL: SELECT * FROM `my_blog_category` ORDER BY id asc LIMIT 0,10   [ RunTime:0.0002s ]

[ 2016-01-09T23:56:40+08:00 ] 127.0.0.1 /Admin/Category/getDatas.html?sEcho=2&iColumns=7&sColumns=id%2Cpid%2Ccatename%2Csort%2Cpath%2Cstatus%2Ccreatetime&iDisplayStart=10&iDisplayLength=10&mDataProp_0=id&sSearch_0=&bRegex_0=false&bSearchable_0=true&bSortable_0=true&mDataProp_1=pid&sSearch_1=&bRegex_1=false&bSearchable_1=true&bSortable_1=true&mDataProp_2=catename&sSearch_2=&bRegex_2=false&bSearchable_2=true&bSortable_2=true&mDataProp_3=sort&sSearch_3=&bRegex_3=false&bSearchable_3=true&bSortable_3=true&mDataProp_4=path&sSearch_4=&bRegex_4=false&bSearchable_4=true&bSortable_4=true&mDataProp_5=status&sSearch_5=&bRegex_5=false&bSearchable_5=true&bSortable_5=true&mDataProp_6=createtime&sSearch_6=&bRegex_6=false&bSearchable_6=true&bSortable_6=true&sSearch=&bRegex=false&iSortCol_0=0&sSortDir_0=asc&iSortingCols=1&_=1452354938538
INFO: [ app_init ] --START--
INFO: Run Behavior\BuildLiteBehavior [ RunTime:0.000015s ]
INFO: [ app_init ] --END-- [ RunTime:0.000379s ]
INFO: [ app_begin ] --START--
INFO: Run Behavior\ReadHtmlCacheBehavior [ RunTime:0.000654s ]
INFO: [ app_begin ] --END-- [ RunTime:0.000716s ]
SQL: SHOW COLUMNS FROM `my_blog_category` [ RunTime:0.0029s ]
NOTIC: [2] implode(): Invalid arguments passed D:\html\sina\Application\Admin\Common\CommonController.class.php 第 251 行.
SQL: SELECT COUNT(*) AS tp_count FROM `my_blog_category` LIMIT 1   [ RunTime:0.0001s ]
SQL: SELECT * FROM `my_blog_category` ORDER BY id asc LIMIT 10,10   [ RunTime:0.0005s ]

