[ 2016-01-20T20:19:11+08:00 ] 127.0.0.1 /Admin
INFO: [ app_init ] --START--
INFO: Run Behavior\BuildLiteBehavior [ RunTime:0.000016s ]
INFO: [ app_init ] --END-- [ RunTime:0.000467s ]
INFO: [ app_begin ] --START--
INFO: Run Behavior\ReadHtmlCacheBehavior [ RunTime:0.000611s ]
INFO: [ app_begin ] --END-- [ RunTime:0.000691s ]
INFO: [ view_parse ] --START--
INFO: [ template_filter ] --START--
INFO: Run Behavior\ContentReplaceBehavior [ RunTime:0.000705s ]
INFO: [ template_filter ] --END-- [ RunTime:0.000861s ]
INFO: Run Behavior\ParseTemplateBehavior [ RunTime:0.043449s ]
INFO: [ view_parse ] --END-- [ RunTime:0.043590s ]
INFO: [ view_filter ] --START--
INFO: Run Behavior\WriteHtmlCacheBehavior [ RunTime:0.000505s ]
INFO: [ view_filter ] --END-- [ RunTime:0.000591s ]
INFO: [ app_end ] --START--
INFO: Run Behavior\ShowPageTraceBehavior [ RunTime:0.001169s ]
INFO: [ app_end ] --END-- [ RunTime:0.001276s ]

[ 2016-01-20T20:19:14+08:00 ] 127.0.0.1 /Admin/Index/login.html
INFO: [ app_init ] --START--
INFO: Run Behavior\BuildLiteBehavior [ RunTime:0.000032s ]
INFO: [ app_init ] --END-- [ RunTime:0.000760s ]
INFO: [ app_begin ] --START--
INFO: Run Behavior\ReadHtmlCacheBehavior [ RunTime:0.001180s ]
INFO: [ app_begin ] --END-- [ RunTime:0.001280s ]
ERR: SQLSTATE[HY000] [1049] Unknown database 'my_blog'

[ 2016-01-20T21:12:50+08:00 ] 127.0.0.1 /Admin/Index/login.html
INFO: [ app_init ] --START--
INFO: Run Behavior\BuildLiteBehavior [ RunTime:0.000015s ]
INFO: [ app_init ] --END-- [ RunTime:0.000378s ]
INFO: [ app_begin ] --START--
INFO: Run Behavior\ReadHtmlCacheBehavior [ RunTime:0.000605s ]
INFO: [ app_begin ] --END-- [ RunTime:0.000665s ]
SQL: SHOW COLUMNS FROM `my_blog_admin` [ RunTime:0.0029s ]
SQL: SELECT * FROM `my_blog_admin` WHERE `username` = 'admin' AND `password` = 'f865b53623b121fd34ee5426c792e5c33af8c227' LIMIT 1   [ RunTime:0.0007s ]

[ 2016-01-20T21:13:01+08:00 ] 127.0.0.1 /Admin/Index/login.html
INFO: [ app_init ] --START--
INFO: Run Behavior\BuildLiteBehavior [ RunTime:0.000020s ]
INFO: [ app_init ] --END-- [ RunTime:0.000489s ]
INFO: [ app_begin ] --START--
INFO: Run Behavior\ReadHtmlCacheBehavior [ RunTime:0.000814s ]
INFO: [ app_begin ] --END-- [ RunTime:0.000924s ]
SQL: SHOW COLUMNS FROM `my_blog_admin` [ RunTime:0.0044s ]
SQL: SELECT * FROM `my_blog_admin` WHERE `username` = 'admin' AND `password` = '02d1d35f2a4eccb75c98859adef8e84684983e66' LIMIT 1   [ RunTime:0.0004s ]
SQL: UPDATE `my_blog_admin` SET `username`='admin',`password`='02d1d35f2a4eccb75c98859adef8e84684983e66',`power`=NULL,`email`='821901008@qq.com',`status`='0',`last_time`='1453295581',`last_ip`='127.0.0.1',`create_time`=NULL,`update_time`=NULL,`update_id`=NULL WHERE `id` = 1 [ RunTime:0.0524s ]

[ 2016-01-20T21:13:01+08:00 ] 127.0.0.1 /Admin/Admin/index.html
INFO: [ app_init ] --START--
INFO: Run Behavior\BuildLiteBehavior [ RunTime:0.000022s ]
INFO: [ app_init ] --END-- [ RunTime:0.000523s ]
INFO: [ app_begin ] --START--
INFO: Run Behavior\ReadHtmlCacheBehavior [ RunTime:0.000743s ]
INFO: [ app_begin ] --END-- [ RunTime:0.000819s ]
ERR: SQLSTATE[42S02]: Base table or view not found: 1146 Table 'my_blog.my_blog_menu' doesn't exist

[ 2016-01-20T21:25:24+08:00 ] 127.0.0.1 /Admin/Admin/index.html
INFO: [ app_init ] --START--
INFO: Run Behavior\BuildLiteBehavior [ RunTime:0.000019s ]
INFO: [ app_init ] --END-- [ RunTime:0.000529s ]
INFO: [ app_begin ] --START--
INFO: Run Behavior\ReadHtmlCacheBehavior [ RunTime:0.000792s ]
INFO: [ app_begin ] --END-- [ RunTime:0.000861s ]
SQL: SHOW COLUMNS FROM `my_blog_menu` [ RunTime:0.0029s ]
ERR: SQLSTATE[42S22]: Column not found: 1054 Unknown column 'icons' in 'field list'

[ 2016-01-20T21:26:25+08:00 ] 127.0.0.1 /Admin/Admin/index.html
INFO: [ app_init ] --START--
INFO: Run Behavior\BuildLiteBehavior [ RunTime:0.000023s ]
INFO: [ app_init ] --END-- [ RunTime:0.000548s ]
INFO: [ app_begin ] --START--
INFO: Run Behavior\ReadHtmlCacheBehavior [ RunTime:0.000779s ]
INFO: [ app_begin ] --END-- [ RunTime:0.000866s ]
SQL: SHOW COLUMNS FROM `my_blog_menu` [ RunTime:0.0029s ]
SQL: SELECT `id`,`menu_name`,`parent_id`,`icons`,`controller_name`,`action_name` FROM `my_blog_menu` WHERE `status` = 1 ORDER BY `sort` ASC  [ RunTime:0.0003s ]
SQL: SHOW COLUMNS FROM `my_blog_admin` [ RunTime:0.0063s ]
INFO: [ view_parse ] --START--
NOTIC: [8] Undefined index: file D:\html\sina\ThinkPHP\Library\Think\Template.class.php 第 236 行.
INFO: [ template_filter ] --START--
INFO: Run Behavior\ContentReplaceBehavior [ RunTime:0.000589s ]
INFO: [ template_filter ] --END-- [ RunTime:0.000706s ]
INFO: Run Behavior\ParseTemplateBehavior [ RunTime:0.039726s ]
INFO: [ view_parse ] --END-- [ RunTime:0.039870s ]
INFO: [ view_filter ] --START--
INFO: Run Behavior\WriteHtmlCacheBehavior [ RunTime:0.000716s ]
INFO: [ view_filter ] --END-- [ RunTime:0.000808s ]
INFO: [ app_end ] --START--
INFO: Run Behavior\ShowPageTraceBehavior [ RunTime:0.001431s ]
INFO: [ app_end ] --END-- [ RunTime:0.001537s ]

[ 2016-01-20T21:26:26+08:00 ] 127.0.0.1 /Admin/Admin/getData.html?_search=false&nd=1453296385979&rows=10&page=1&sidx=&sord=asc
INFO: [ app_init ] --START--
INFO: Run Behavior\BuildLiteBehavior [ RunTime:0.000032s ]
INFO: [ app_init ] --END-- [ RunTime:0.000395s ]
INFO: [ app_begin ] --START--
INFO: Run Behavior\ReadHtmlCacheBehavior [ RunTime:0.000955s ]
INFO: [ app_begin ] --END-- [ RunTime:0.001030s ]
SQL: SHOW COLUMNS FROM `my_blog_admin` [ RunTime:0.0029s ]
SQL: SELECT COUNT(*) AS tp_count FROM `my_blog_admin` LIMIT 1   [ RunTime:0.0003s ]
SQL: SELECT * FROM `my_blog_admin` ORDER BY id asc LIMIT 0,10   [ RunTime:0.0004s ]

[ 2016-01-20T21:27:43+08:00 ] 127.0.0.1 /Admin/Admin/index.html
INFO: [ app_init ] --START--
INFO: Run Behavior\BuildLiteBehavior [ RunTime:0.000019s ]
INFO: [ app_init ] --END-- [ RunTime:0.000480s ]
INFO: [ app_begin ] --START--
INFO: Run Behavior\ReadHtmlCacheBehavior [ RunTime:0.000691s ]
INFO: [ app_begin ] --END-- [ RunTime:0.000773s ]
SQL: SHOW COLUMNS FROM `my_blog_menu` [ RunTime:0.0029s ]
SQL: SELECT `id`,`menu_name`,`parent_id`,`icons`,`controller_name`,`action_name` FROM `my_blog_menu` WHERE `status` = 1 ORDER BY `sort` ASC  [ RunTime:0.0002s ]
SQL: SHOW COLUMNS FROM `my_blog_admin` [ RunTime:0.0028s ]
INFO: [ view_parse ] --START--
NOTIC: [8] Undefined index: file D:\html\sina\ThinkPHP\Library\Think\Template.class.php 第 236 行.
INFO: [ template_filter ] --START--
INFO: Run Behavior\ContentReplaceBehavior [ RunTime:0.000215s ]
INFO: [ template_filter ] --END-- [ RunTime:0.000269s ]
INFO: Run Behavior\ParseTemplateBehavior [ RunTime:0.015279s ]
INFO: [ view_parse ] --END-- [ RunTime:0.015341s ]
INFO: [ view_filter ] --START--
INFO: Run Behavior\WriteHtmlCacheBehavior [ RunTime:0.000373s ]
INFO: [ view_filter ] --END-- [ RunTime:0.000411s ]
INFO: [ app_end ] --START--
INFO: Run Behavior\ShowPageTraceBehavior [ RunTime:0.000860s ]
INFO: [ app_end ] --END-- [ RunTime:0.000930s ]

[ 2016-01-20T21:27:44+08:00 ] 127.0.0.1 /Admin/Admin/getData.html?_search=false&nd=1453296464352&rows=10&page=1&sidx=&sord=asc
INFO: [ app_init ] --START--
INFO: Run Behavior\BuildLiteBehavior [ RunTime:0.000021s ]
INFO: [ app_init ] --END-- [ RunTime:0.000463s ]
INFO: [ app_begin ] --START--
INFO: Run Behavior\ReadHtmlCacheBehavior [ RunTime:0.000713s ]
INFO: [ app_begin ] --END-- [ RunTime:0.000777s ]
SQL: SHOW COLUMNS FROM `my_blog_admin` [ RunTime:0.0031s ]
SQL: SELECT COUNT(*) AS tp_count FROM `my_blog_admin` LIMIT 1   [ RunTime:0.0001s ]
SQL: SELECT * FROM `my_blog_admin` ORDER BY id asc LIMIT 0,10   [ RunTime:0.0002s ]

[ 2016-01-20T21:27:46+08:00 ] 127.0.0.1 /Admin/Index/getDetail.html?id=1&_search=false&nd=1453296465962&rows=20&page=1&sidx=&sord=asc
INFO: [ app_init ] --START--
INFO: Run Behavior\BuildLiteBehavior [ RunTime:0.000015s ]
INFO: [ app_init ] --END-- [ RunTime:0.000310s ]
INFO: [ app_begin ] --START--
INFO: Run Behavior\ReadHtmlCacheBehavior [ RunTime:0.000576s ]
INFO: [ app_begin ] --END-- [ RunTime:0.000625s ]

[ 2016-01-20T21:27:46+08:00 ] 127.0.0.1 /Admin/Admin/index.html
INFO: [ app_init ] --START--
INFO: Run Behavior\BuildLiteBehavior [ RunTime:0.000013s ]
INFO: [ app_init ] --END-- [ RunTime:0.000289s ]
INFO: [ app_begin ] --START--
INFO: Run Behavior\ReadHtmlCacheBehavior [ RunTime:0.000463s ]
INFO: [ app_begin ] --END-- [ RunTime:0.000504s ]
SQL: SHOW COLUMNS FROM `my_blog_menu` [ RunTime:0.0027s ]
SQL: SELECT `id`,`menu_name`,`parent_id`,`icons`,`controller_name`,`action_name` FROM `my_blog_menu` WHERE `status` = 1 ORDER BY `sort` ASC  [ RunTime:0.0002s ]
SQL: SHOW COLUMNS FROM `my_blog_admin` [ RunTime:0.0027s ]
INFO: [ view_parse ] --START--
NOTIC: [8] Undefined index: file D:\html\sina\ThinkPHP\Library\Think\Template.class.php 第 236 行.
INFO: [ template_filter ] --START--
INFO: Run Behavior\ContentReplaceBehavior [ RunTime:0.000190s ]
INFO: [ template_filter ] --END-- [ RunTime:0.000231s ]
INFO: Run Behavior\ParseTemplateBehavior [ RunTime:0.014224s ]
INFO: [ view_parse ] --END-- [ RunTime:0.014294s ]
INFO: [ view_filter ] --START--
INFO: Run Behavior\WriteHtmlCacheBehavior [ RunTime:0.000231s ]
INFO: [ view_filter ] --END-- [ RunTime:0.000266s ]
INFO: [ app_end ] --START--
INFO: Run Behavior\ShowPageTraceBehavior [ RunTime:0.000673s ]
INFO: [ app_end ] --END-- [ RunTime:0.000740s ]

[ 2016-01-20T21:27:56+08:00 ] 127.0.0.1 /Admin/Admin/getData.html?_search=true&nd=1453296476230&rows=10&page=1&sidx=&sord=asc&filters=%7B%22groupOp%22%3A%22AND%22%2C%22rules%22%3A%5B%7B%22field%22%3A%22status%22%2C%22op%22%3A%22eq%22%2C%22data%22%3A%221%22%7D%5D%7D&searchField=&searchString=&searchOper=
INFO: [ app_init ] --START--
INFO: Run Behavior\BuildLiteBehavior [ RunTime:0.000024s ]
INFO: [ app_init ] --END-- [ RunTime:0.000477s ]
INFO: [ app_begin ] --START--
INFO: Run Behavior\ReadHtmlCacheBehavior [ RunTime:0.000594s ]
INFO: [ app_begin ] --END-- [ RunTime:0.000661s ]
SQL: SHOW COLUMNS FROM `my_blog_admin` [ RunTime:0.0032s ]
SQL: SELECT COUNT(*) AS tp_count FROM `my_blog_admin` WHERE ( `status` = 1 ) LIMIT 1   [ RunTime:0.0003s ]
SQL: SELECT * FROM `my_blog_admin` WHERE ( `status` = 1 ) ORDER BY id asc LIMIT 0,10   [ RunTime:0.0003s ]

[ 2016-01-20T21:28:00+08:00 ] 127.0.0.1 /Admin/Admin/getData.html?_search=true&nd=1453296480041&rows=10&page=1&sidx=&sord=asc&filters=%7B%22groupOp%22%3A%22AND%22%2C%22rules%22%3A%5B%7B%22field%22%3A%22status%22%2C%22op%22%3A%22eq%22%2C%22data%22%3A%220%22%7D%5D%7D&searchField=&searchString=&searchOper=
INFO: [ app_init ] --START--
INFO: Run Behavior\BuildLiteBehavior [ RunTime:0.000015s ]
INFO: [ app_init ] --END-- [ RunTime:0.000355s ]
INFO: [ app_begin ] --START--
INFO: Run Behavior\ReadHtmlCacheBehavior [ RunTime:0.000463s ]
INFO: [ app_begin ] --END-- [ RunTime:0.000502s ]
SQL: SHOW COLUMNS FROM `my_blog_admin` [ RunTime:0.0026s ]
SQL: SELECT COUNT(*) AS tp_count FROM `my_blog_admin` WHERE ( `status` = 0 ) LIMIT 1   [ RunTime:0.0002s ]
SQL: SELECT * FROM `my_blog_admin` WHERE ( `status` = 0 ) ORDER BY id asc LIMIT 0,10   [ RunTime:0.0002s ]

[ 2016-01-20T21:28:31+08:00 ] 127.0.0.1 /Admin/Admin/update.html
INFO: [ app_init ] --START--
INFO: Run Behavior\BuildLiteBehavior [ RunTime:0.000024s ]
INFO: [ app_init ] --END-- [ RunTime:0.000360s ]
INFO: [ app_begin ] --START--
INFO: Run Behavior\ReadHtmlCacheBehavior [ RunTime:0.000618s ]
INFO: [ app_begin ] --END-- [ RunTime:0.000655s ]
SQL: SHOW COLUMNS FROM `my_blog_admin` [ RunTime:0.0026s ]

[ 2016-01-20T21:32:33+08:00 ] 127.0.0.1 /Admin/Admin/index.html
INFO: [ app_init ] --START--
INFO: Run Behavior\BuildLiteBehavior [ RunTime:0.000019s ]
INFO: [ app_init ] --END-- [ RunTime:0.000562s ]
INFO: [ app_begin ] --START--
INFO: Run Behavior\ReadHtmlCacheBehavior [ RunTime:0.000866s ]
INFO: [ app_begin ] --END-- [ RunTime:0.000941s ]
SQL: SHOW COLUMNS FROM `my_blog_menu` [ RunTime:0.0033s ]
SQL: SELECT `id`,`menu_name`,`parent_id`,`icons`,`controller_name`,`action_name` FROM `my_blog_menu` WHERE `status` = 1 ORDER BY `sort` ASC  [ RunTime:0.0001s ]
SQL: SHOW COLUMNS FROM `my_blog_admin` [ RunTime:0.0025s ]
INFO: [ view_parse ] --START--
NOTIC: [8] Undefined index: file D:\html\sina\ThinkPHP\Library\Think\Template.class.php 第 236 行.
INFO: [ template_filter ] --START--
INFO: Run Behavior\ContentReplaceBehavior [ RunTime:0.000186s ]
INFO: [ template_filter ] --END-- [ RunTime:0.000273s ]
INFO: Run Behavior\ParseTemplateBehavior [ RunTime:0.016417s ]
INFO: [ view_parse ] --END-- [ RunTime:0.016479s ]
INFO: [ view_filter ] --START--
INFO: Run Behavior\WriteHtmlCacheBehavior [ RunTime:0.000308s ]
INFO: [ view_filter ] --END-- [ RunTime:0.000346s ]
INFO: [ app_end ] --START--
INFO: Run Behavior\ShowPageTraceBehavior [ RunTime:0.000823s ]
INFO: [ app_end ] --END-- [ RunTime:0.000902s ]

[ 2016-01-20T21:32:34+08:00 ] 127.0.0.1 /Admin/Admin/getData.html?_search=false&nd=1453296754395&rows=10&page=1&sidx=&sord=asc
INFO: [ app_init ] --START--
INFO: Run Behavior\BuildLiteBehavior [ RunTime:0.000023s ]
INFO: [ app_init ] --END-- [ RunTime:0.000681s ]
INFO: [ app_begin ] --START--
INFO: Run Behavior\ReadHtmlCacheBehavior [ RunTime:0.000735s ]
INFO: [ app_begin ] --END-- [ RunTime:0.000805s ]
SQL: SHOW COLUMNS FROM `my_blog_admin` [ RunTime:0.0031s ]
SQL: SELECT COUNT(*) AS tp_count FROM `my_blog_admin` LIMIT 1   [ RunTime:0.0003s ]
SQL: SELECT * FROM `my_blog_admin` ORDER BY id asc LIMIT 0,10   [ RunTime:0.0004s ]

[ 2016-01-20T21:56:46+08:00 ] 127.0.0.1 /Admin/Admin/index.html
INFO: [ app_init ] --START--
INFO: Run Behavior\BuildLiteBehavior [ RunTime:0.000021s ]
INFO: [ app_init ] --END-- [ RunTime:0.000552s ]
INFO: [ app_begin ] --START--
INFO: Run Behavior\ReadHtmlCacheBehavior [ RunTime:0.000864s ]
INFO: [ app_begin ] --END-- [ RunTime:0.000933s ]
SQL: SHOW COLUMNS FROM `my_blog_menu` [ RunTime:0.0028s ]
SQL: SELECT `id`,`menu_name`,`parent_id`,`icons`,`controller_name`,`action_name` FROM `my_blog_menu` WHERE `status` = 1 ORDER BY `sort` ASC  [ RunTime:0.0001s ]
SQL: SHOW COLUMNS FROM `my_blog_admin` [ RunTime:0.0028s ]
INFO: [ view_parse ] --START--
NOTIC: [8] Undefined index: file D:\html\sina\ThinkPHP\Library\Think\Template.class.php 第 236 行.
INFO: [ template_filter ] --START--
INFO: Run Behavior\ContentReplaceBehavior [ RunTime:0.000210s ]
INFO: [ template_filter ] --END-- [ RunTime:0.000261s ]
INFO: Run Behavior\ParseTemplateBehavior [ RunTime:0.014229s ]
INFO: [ view_parse ] --END-- [ RunTime:0.014289s ]
INFO: [ view_filter ] --START--
INFO: Run Behavior\WriteHtmlCacheBehavior [ RunTime:0.000304s ]
INFO: [ view_filter ] --END-- [ RunTime:0.000343s ]
INFO: [ app_end ] --START--
INFO: Run Behavior\ShowPageTraceBehavior [ RunTime:0.000582s ]
INFO: [ app_end ] --END-- [ RunTime:0.000629s ]

[ 2016-01-20T21:56:47+08:00 ] 127.0.0.1 /Admin/Admin/getData.html?_search=false&nd=1453298207163&rows=10&page=1&sidx=&sord=asc
INFO: [ app_init ] --START--
INFO: Run Behavior\BuildLiteBehavior [ RunTime:0.000022s ]
INFO: [ app_init ] --END-- [ RunTime:0.000496s ]
INFO: [ app_begin ] --START--
INFO: Run Behavior\ReadHtmlCacheBehavior [ RunTime:0.000704s ]
INFO: [ app_begin ] --END-- [ RunTime:0.000772s ]
SQL: SHOW COLUMNS FROM `my_blog_admin` [ RunTime:0.0031s ]
SQL: SELECT COUNT(*) AS tp_count FROM `my_blog_admin` LIMIT 1   [ RunTime:0.0002s ]
SQL: SELECT * FROM `my_blog_admin` ORDER BY id asc LIMIT 0,10   [ RunTime:0.0002s ]

[ 2016-01-20T21:57:28+08:00 ] 127.0.0.1 /Admin/Admin/update.html
INFO: [ app_init ] --START--
INFO: Run Behavior\BuildLiteBehavior [ RunTime:0.000013s ]
INFO: [ app_init ] --END-- [ RunTime:0.000329s ]
INFO: [ app_begin ] --START--
INFO: Run Behavior\ReadHtmlCacheBehavior [ RunTime:0.000459s ]
INFO: [ app_begin ] --END-- [ RunTime:0.000512s ]
SQL: SHOW COLUMNS FROM `my_blog_admin` [ RunTime:0.0027s ]

[ 2016-01-20T21:57:30+08:00 ] 127.0.0.1 /Admin/Admin/update.html
INFO: [ app_init ] --START--
INFO: Run Behavior\BuildLiteBehavior [ RunTime:0.000013s ]
INFO: [ app_init ] --END-- [ RunTime:0.000305s ]
INFO: [ app_begin ] --START--
INFO: Run Behavior\ReadHtmlCacheBehavior [ RunTime:0.000437s ]
INFO: [ app_begin ] --END-- [ RunTime:0.000476s ]
SQL: SHOW COLUMNS FROM `my_blog_admin` [ RunTime:0.0027s ]

[ 2016-01-20T23:06:19+08:00 ] 127.0.0.1 /Admin/Admin/update.html
INFO: [ app_init ] --START--
INFO: Run Behavior\BuildLiteBehavior [ RunTime:0.000014s ]
INFO: [ app_init ] --END-- [ RunTime:0.000350s ]
INFO: [ app_begin ] --START--
INFO: Run Behavior\ReadHtmlCacheBehavior [ RunTime:0.000616s ]
INFO: [ app_begin ] --END-- [ RunTime:0.000669s ]
SQL: SHOW COLUMNS FROM `my_blog_admin` [ RunTime:0.0031s ]

[ 2016-01-20T23:06:20+08:00 ] 127.0.0.1 /Admin/Admin/update.html
INFO: [ app_init ] --START--
INFO: Run Behavior\BuildLiteBehavior [ RunTime:0.000013s ]
INFO: [ app_init ] --END-- [ RunTime:0.000350s ]
INFO: [ app_begin ] --START--
INFO: Run Behavior\ReadHtmlCacheBehavior [ RunTime:0.000497s ]
INFO: [ app_begin ] --END-- [ RunTime:0.000535s ]
SQL: SHOW COLUMNS FROM `my_blog_admin` [ RunTime:0.0027s ]

[ 2016-01-20T23:06:20+08:00 ] 127.0.0.1 /Admin/Admin/update.html
INFO: [ app_init ] --START--
INFO: Run Behavior\BuildLiteBehavior [ RunTime:0.000018s ]
INFO: [ app_init ] --END-- [ RunTime:0.000387s ]
INFO: [ app_begin ] --START--
INFO: Run Behavior\ReadHtmlCacheBehavior [ RunTime:0.000455s ]
INFO: [ app_begin ] --END-- [ RunTime:0.000493s ]
SQL: SHOW COLUMNS FROM `my_blog_admin` [ RunTime:0.0032s ]

